<?xml version="1.0" encoding="UTF-8"?>
<testsuites>
  <testsuite name="cast_variables" timestamp="2024-07-25T13:30:00Z" hostname="83deaa2d8a17" tests="8" skipped="0" failures="0" errors="0" time="0.072">
    <testcase time="0.018" classname="cast_variables" name="Factor_cast_to_character_no_other_changes_"/>
    <testcase time="0.026" classname="cast_variables" name="Factor_cast_to_character_no_other_changes_"/>
    <testcase time="0.01" classname="cast_variables" name="Factor_cast_to_character_no_other_changes_"/>
    <testcase time="0.002" classname="cast_variables" name="Factor_cast_to_character_no_other_changes_"/>
    <testcase time="0.0079999999999999" classname="cast_variables" name="Int_cast_to_numeric_no_other_changes_"/>
    <testcase time="0.002" classname="cast_variables" name="Int_cast_to_numeric_no_other_changes_"/>
    <testcase time="0.003" classname="cast_variables" name="Int_cast_to_numeric_no_other_changes_"/>
    <testcase time="0.003" classname="cast_variables" name="Int_cast_to_numeric_no_other_changes_"/>
  </testsuite>
  <testsuite name="core" timestamp="2024-07-25T13:30:00Z" hostname="83deaa2d8a17" tests="100" skipped="0" failures="0" errors="0" time="2.556">
    <testcase time="0.047" classname="core" name="Check_comparision_of_equal_objects"/>
    <testcase time="0.027" classname="core" name="Check_comparision_of_equal_objects"/>
    <testcase time="0.023" classname="core" name="Check_comparision_of_equal_objects"/>
    <testcase time="0.0249999999999999" classname="core" name="Check_comparision_of_equal_objects"/>
    <testcase time="0.024" classname="core" name="Check_comparision_of_equal_objects"/>
    <testcase time="0.026" classname="core" name="Check_comparision_of_equal_objects"/>
    <testcase time="0.0269999999999999" classname="core" name="Check_comparision_of_equal_objects"/>
    <testcase time="0.024" classname="core" name="Check_comparision_of_equal_objects"/>
    <testcase time="0.026" classname="core" name="Check_comparision_of_equal_objects"/>
    <testcase time="0.024" classname="core" name="Check_comparision_of_equal_objects"/>
    <testcase time="0.026" classname="core" name="Check_comparision_of_equal_objects"/>
    <testcase time="0.0189999999999999" classname="core" name="Check_comparision_of_equal_objects"/>
    <testcase time="0.0270000000000001" classname="core" name="Check_comparision_of_equal_objects"/>
    <testcase time="0.0229999999999999" classname="core" name="Check_comparision_of_equal_objects"/>
    <testcase time="0.0270000000000001" classname="core" name="Check_comparision_of_equal_objects"/>
    <testcase time="0.0249999999999999" classname="core" name="Check_comparision_of_equal_objects"/>
    <testcase time="0.046" classname="core" name="Check_comparision_of_equal_objects"/>
    <testcase time="0.028" classname="core" name="Check_comparision_of_equal_objects"/>
    <testcase time="0.0249999999999999" classname="core" name="Check_comparision_of_equal_objects"/>
    <testcase time="0.038" classname="core" name="Unequal_objects_raise_warnings"/>
    <testcase time="0.028" classname="core" name="Unequal_objects_raise_warnings"/>
    <testcase time="0.0309999999999999" classname="core" name="Unequal_objects_raise_warnings"/>
    <testcase time="0.0330000000000001" classname="core" name="Unequal_objects_raise_warnings"/>
    <testcase time="0.028" classname="core" name="Unequal_objects_raise_warnings"/>
    <testcase time="0.0319999999999998" classname="core" name="Unequal_objects_raise_warnings"/>
    <testcase time="0.034" classname="core" name="Unequal_objects_raise_warnings"/>
    <testcase time="0.0290000000000001" classname="core" name="Unequal_objects_raise_warnings"/>
    <testcase time="0.032" classname="core" name="Unequal_objects_raise_warnings"/>
    <testcase time="0.0319999999999998" classname="core" name="Unequal_objects_raise_warnings"/>
    <testcase time="0.03" classname="core" name="Unequal_objects_raise_warnings"/>
    <testcase time="0.032" classname="core" name="Unequal_objects_raise_warnings"/>
    <testcase time="0.0310000000000001" classname="core" name="Unequal_objects_raise_warnings"/>
    <testcase time="0.0289999999999999" classname="core" name="Unequal_objects_raise_warnings"/>
    <testcase time="0.0349999999999999" classname="core" name="Unequal_objects_raise_warnings"/>
    <testcase time="0.032" classname="core" name="Unequal_objects_raise_warnings"/>
    <testcase time="0.028" classname="core" name="Unequal_objects_raise_warnings"/>
    <testcase time="0.0319999999999998" classname="core" name="Unequal_objects_raise_warnings"/>
    <testcase time="0.0330000000000001" classname="core" name="Unequal_object_checking_numbers_correct"/>
    <testcase time="0.002" classname="core" name="Unequal_object_checking_numbers_correct"/>
    <testcase time="0.00499999999999989" classname="core" name="Unequal_object_checking_numbers_correct"/>
    <testcase time="0.0270000000000001" classname="core" name="Unequal_object_checking_numbers_correct"/>
    <testcase time="0.00299999999999989" classname="core" name="Unequal_object_checking_numbers_correct"/>
    <testcase time="0.00700000000000012" classname="core" name="Unequal_object_checking_numbers_correct"/>
    <testcase time="0.0259999999999998" classname="core" name="Unequal_object_checking_numbers_correct"/>
    <testcase time="0.00300000000000011" classname="core" name="Unequal_object_checking_numbers_correct"/>
    <testcase time="0.004" classname="core" name="Unequal_object_checking_numbers_correct"/>
    <testcase time="0.0289999999999999" classname="core" name="Unequal_object_checking_numbers_correct"/>
    <testcase time="0.00300000000000011" classname="core" name="Unequal_object_checking_numbers_correct"/>
    <testcase time="0.004" classname="core" name="Unequal_object_checking_numbers_correct"/>
    <testcase time="0.0299999999999998" classname="core" name="Unequal_object_checking_numbers_correct"/>
    <testcase time="0.00300000000000011" classname="core" name="Unequal_object_checking_numbers_correct"/>
    <testcase time="0.00200000000000022" classname="core" name="Unequal_object_checking_numbers_correct"/>
    <testcase time="0.0270000000000001" classname="core" name="Unequal_object_checking_numbers_correct"/>
    <testcase time="0.00299999999999967" classname="core" name="Unequal_object_checking_numbers_correct"/>
    <testcase time="0.00300000000000011" classname="core" name="Unequal_object_checking_numbers_correct"/>
    <testcase time="0.032" classname="core" name="Unequal_object_checking_numbers_correct"/>
    <testcase time="0.00300000000000011" classname="core" name="Unequal_object_checking_numbers_correct"/>
    <testcase time="0.00299999999999967" classname="core" name="Unequal_object_checking_numbers_correct"/>
    <testcase time="0.0310000000000001" classname="core" name="Unequal_object_checking_numbers_correct"/>
    <testcase time="0.00300000000000011" classname="core" name="Unequal_object_checking_numbers_correct"/>
    <testcase time="0.00300000000000011" classname="core" name="Unequal_object_checking_numbers_correct"/>
    <testcase time="0.036" classname="core" name="Differing_modes_error"/>
    <testcase time="0.028" classname="core" name="Differing_modes_error"/>
    <testcase time="0.0389999999999997" classname="core" name="Differing_classes_error"/>
    <testcase time="0.0249999999999999" classname="core" name="Differing_classes_error"/>
    <testcase time="0.0100000000000002" classname="core" name="Non_Unique_rows_error"/>
    <testcase time="0.0369999999999999" classname="core" name="Illegal_columns_error"/>
    <testcase time="0.032" classname="core" name="Illegal_columns_error"/>
    <testcase time="0.0350000000000001" classname="core" name="Illegal_columns_error"/>
    <testcase time="0.0389999999999997" classname="core" name="Additional_columns_error"/>
    <testcase time="0.0290000000000004" classname="core" name="Additional_columns_error"/>
    <testcase time="0.0369999999999999" classname="core" name="Additional_rows_error"/>
    <testcase time="0.0339999999999998" classname="core" name="Additional_rows_error"/>
    <testcase time="0.0110000000000001" classname="core" name="Bad_values_for_scale_or_tolerance_error"/>
    <testcase time="0.00599999999999978" classname="core" name="Bad_values_for_scale_or_tolerance_error"/>
    <testcase time="0.00600000000000023" classname="core" name="Bad_values_for_scale_or_tolerance_error"/>
    <testcase time="0.00599999999999978" classname="core" name="Bad_values_for_scale_or_tolerance_error"/>
    <testcase time="0.0390000000000001" classname="core" name="Objets_with_differing_attributes_produce_the_correct_warning"/>
    <testcase time="0.0329999999999999" classname="core" name="Objets_with_differing_attributes_produce_the_correct_warning"/>
    <testcase time="0.0350000000000001" classname="core" name="Objets_with_differing_attributes_produce_the_correct_warning"/>
    <testcase time="0.032" classname="core" name="Objets_with_differing_attributes_produce_the_correct_warning"/>
    <testcase time="0.0329999999999999" classname="core" name="Objets_with_differing_attributes_produce_the_correct_warning"/>
    <testcase time="0.0369999999999999" classname="core" name="Objets_with_differing_attributes_produce_the_correct_warning"/>
    <testcase time="0.036" classname="core" name="Objets_with_differing_attributes_produce_the_correct_warning"/>
    <testcase time="0.0340000000000003" classname="core" name="Attribute_differnce_size_is_correct_"/>
    <testcase time="0.032" classname="core" name="Attribute_differnce_size_is_correct_"/>
    <testcase time="0.0339999999999998" classname="core" name="Attribute_differnce_size_is_correct_"/>
    <testcase time="0.0289999999999999" classname="core" name="Attribute_differnce_size_is_correct_"/>
    <testcase time="0.0329999999999999" classname="core" name="Attribute_differnce_size_is_correct_"/>
    <testcase time="0.0330000000000004" classname="core" name="Attribute_differnce_size_is_correct_"/>
    <testcase time="0.0329999999999999" classname="core" name="Attribute_differnce_size_is_correct_"/>
    <testcase time="0.0299999999999998" classname="core" name="strict_numeric_and_strict_factor_was_as_intended"/>
    <testcase time="0.0350000000000001" classname="core" name="strict_numeric_and_strict_factor_was_as_intended"/>
    <testcase time="0.0339999999999998" classname="core" name="strict_numeric_and_strict_factor_was_as_intended"/>
    <testcase time="0.0260000000000002" classname="core" name="strict_numeric_and_strict_factor_was_as_intended"/>
    <testcase time="0.0329999999999999" classname="core" name="strict_numeric_and_strict_factor_was_as_intended"/>
    <testcase time="0.0369999999999999" classname="core" name="strict_numeric_and_strict_factor_was_as_intended"/>
    <testcase time="0.036" classname="core" name="strict_numeric_and_strict_factor_was_as_intended"/>
    <testcase time="0.0310000000000001" classname="core" name="strict_numeric_and_strict_factor_was_as_intended"/>
    <testcase time="0.0369999999999999" classname="core" name="strict_numeric_and_strict_factor_was_as_intended"/>
  </testsuite>
  <testsuite name="dfdiff_has_issues" timestamp="2024-07-25T13:30:03Z" hostname="83deaa2d8a17" tests="3" skipped="0" failures="0" errors="0" time="0.104">
    <testcase time="0.044" classname="dfdiff_has_issues" name="diffdf_has_issues_works_as_expected"/>
    <testcase time="0.0329999999999999" classname="dfdiff_has_issues" name="diffdf_has_issues_works_as_expected"/>
    <testcase time="0.0270000000000001" classname="dfdiff_has_issues" name="diffdf_has_issues_works_as_expected"/>
  </testsuite>
  <testsuite name="find_difference" timestamp="2024-07-25T13:30:03Z" hostname="83deaa2d8a17" tests="36" skipped="0" failures="0" errors="0" time="0.186">
    <testcase time="0.0109999999999997" classname="find_difference" name="find_difference_correctly_doesn_t_flag_identical_objects"/>
    <testcase time="0.004" classname="find_difference" name="find_difference_correctly_doesn_t_flag_identical_objects"/>
    <testcase time="0.0110000000000001" classname="find_difference" name="find_difference_correctly_doesn_t_flag_identical_objects"/>
    <testcase time="0.00800000000000001" classname="find_difference" name="find_difference_correctly_doesn_t_flag_identical_objects"/>
    <testcase time="0.00700000000000012" classname="find_difference" name="find_difference_correctly_doesn_t_flag_identical_objects"/>
    <testcase time="0.00499999999999989" classname="find_difference" name="find_difference_correctly_doesn_t_flag_identical_objects"/>
    <testcase time="0.00300000000000011" classname="find_difference" name="find_difference_correctly_doesn_t_flag_identical_objects"/>
    <testcase time="0.004" classname="find_difference" name="find_difference_correctly_doesn_t_flag_identical_objects"/>
    <testcase time="0.00199999999999978" classname="find_difference" name="find_difference_correctly_doesn_t_flag_identical_objects"/>
    <testcase time="0.00300000000000011" classname="find_difference" name="find_difference_correctly_doesn_t_flag_identical_objects"/>
    <testcase time="0.00300000000000011" classname="find_difference" name="find_difference_correctly_doesn_t_flag_identical_objects"/>
    <testcase time="0.00300000000000011" classname="find_difference" name="find_difference_correctly_doesn_t_flag_identical_objects"/>
    <testcase time="0.00299999999999967" classname="find_difference" name="find_difference_correctly_doesn_t_flag_identical_objects"/>
    <testcase time="0.00300000000000011" classname="find_difference" name="find_difference_correctly_doesn_t_flag_identical_objects"/>
    <testcase time="0.00300000000000011" classname="find_difference" name="find_difference_correctly_doesn_t_flag_identical_objects"/>
    <testcase time="0.00300000000000011" classname="find_difference" name="find_difference_correctly_doesn_t_flag_identical_objects"/>
    <testcase time="0.00299999999999967" classname="find_difference" name="find_difference_correctly_doesn_t_flag_identical_objects"/>
    <testcase time="0.00300000000000011" classname="find_difference" name="find_difference_correctly_doesn_t_flag_identical_objects"/>
    <testcase time="0.00599999999999978" classname="find_difference" name="find_difference_correctly_flags_differences"/>
    <testcase time="0.00300000000000011" classname="find_difference" name="find_difference_correctly_flags_differences"/>
    <testcase time="0.00600000000000023" classname="find_difference" name="find_difference_correctly_flags_differences"/>
    <testcase time="0.00299999999999967" classname="find_difference" name="find_difference_correctly_flags_differences"/>
    <testcase time="0.00300000000000011" classname="find_difference" name="find_difference_correctly_flags_differences"/>
    <testcase time="0.00600000000000023" classname="find_difference" name="find_difference_correctly_uses_tolerances_scale_arguments"/>
    <testcase time="0.00299999999999967" classname="find_difference" name="find_difference_correctly_uses_tolerances_scale_arguments"/>
    <testcase time="0.00200000000000022" classname="find_difference" name="find_difference_correctly_uses_tolerances_scale_arguments"/>
    <testcase time="0.00300000000000011" classname="find_difference" name="find_difference_correctly_uses_tolerances_scale_arguments"/>
    <testcase time="0.00299999999999967" classname="find_difference" name="find_difference_correctly_uses_tolerances_scale_arguments"/>
    <testcase time="0.00300000000000011" classname="find_difference" name="find_difference_correctly_uses_tolerances_scale_arguments"/>
    <testcase time="0.00300000000000011" classname="find_difference" name="find_difference_correctly_uses_tolerances_scale_arguments"/>
    <testcase time="0.0379999999999998" classname="find_difference" name="find_difference_handles_int64_correctly"/>
    <testcase time="0.00300000000000011" classname="find_difference" name="find_difference_handles_int64_correctly"/>
    <testcase time="0.00300000000000011" classname="find_difference" name="find_difference_handles_int64_correctly"/>
    <testcase time="0.00300000000000011" classname="find_difference" name="find_difference_handles_int64_correctly"/>
    <testcase time="0.00800000000000001" classname="find_difference" name="find_difference_throws_a_warning_if_vectors_are_of_a_different_length"/>
    <testcase time="0.00499999999999989" classname="find_difference" name="find_difference_throws_a_warning_if_vectors_are_of_a_different_length"/>
  </testsuite>
  <testsuite name="generate-keyname" timestamp="2024-07-25T13:30:03Z" hostname="83deaa2d8a17" tests="25" skipped="0" failures="0" errors="0" time="0.117">
    <testcase time="0.0139999999999998" classname="generate_keyname" name="Correct_name_returned"/>
    <testcase time="0.00500000000000034" classname="generate_keyname" name="Correct_name_returned"/>
    <testcase time="0.00299999999999967" classname="generate_keyname" name="Correct_name_returned"/>
    <testcase time="0.00300000000000011" classname="generate_keyname" name="Correct_name_returned"/>
    <testcase time="0.00300000000000011" classname="generate_keyname" name="Correct_name_returned"/>
    <testcase time="0.00199999999999978" classname="generate_keyname" name="Correct_name_returned"/>
    <testcase time="0.00300000000000011" classname="generate_keyname" name="Correct_name_returned"/>
    <testcase time="0.00300000000000011" classname="generate_keyname" name="Correct_name_returned"/>
    <testcase time="0.00299999999999967" classname="generate_keyname" name="Correct_name_returned"/>
    <testcase time="0.00300000000000011" classname="generate_keyname" name="Correct_name_returned"/>
    <testcase time="0.00300000000000011" classname="generate_keyname" name="Correct_name_returned"/>
    <testcase time="0.00199999999999978" classname="generate_keyname" name="Correct_name_returned"/>
    <testcase time="0.00199999999999978" classname="generate_keyname" name="Correct_name_returned"/>
    <testcase time="0.00300000000000011" classname="generate_keyname" name="Correct_name_returned"/>
    <testcase time="0.00300000000000011" classname="generate_keyname" name="Correct_name_returned"/>
    <testcase time="0.00299999999999967" classname="generate_keyname" name="Correct_name_returned"/>
    <testcase time="0.00600000000000023" classname="generate_keyname" name="Correct_name_returned"/>
    <testcase time="0.0110000000000001" classname="generate_keyname" name="Error_if_all_names_taken_in_at_least_1_datasets"/>
    <testcase time="0.00599999999999978" classname="generate_keyname" name="Error_if_all_names_taken_in_at_least_1_datasets"/>
    <testcase time="0.00600000000000023" classname="generate_keyname" name="Error_if_all_names_taken_in_at_least_1_datasets"/>
    <testcase time="0.00499999999999989" classname="generate_keyname" name="Error_if_all_names_taken_in_at_least_1_datasets"/>
    <testcase time="0.00499999999999989" classname="generate_keyname" name="Error_if_all_names_taken_in_at_least_1_datasets"/>
    <testcase time="0.00600000000000023" classname="generate_keyname" name="Error_if_all_names_taken_in_at_least_1_datasets"/>
    <testcase time="0.0089999999999999" classname="generate_keyname" name="Error_if_all_names_taken_in_at_least_1_datasets"/>
    <testcase time="0.00499999999999989" classname="generate_keyname" name="Error_if_all_names_taken_in_at_least_1_datasets"/>
  </testsuite>
  <testsuite name="identify_att_differences" timestamp="2024-07-25T13:30:03Z" hostname="83deaa2d8a17" tests="10" skipped="0" failures="0" errors="0" time="0.144">
    <testcase time="0.0180000000000002" classname="identify_att_differences" name="Check_comparision_of_attributes_objects"/>
    <testcase time="0.00999999999999979" classname="identify_att_differences" name="Check_comparision_of_attributes_objects"/>
    <testcase time="0.0140000000000002" classname="identify_att_differences" name="Check_comparision_of_attributes_objects"/>
    <testcase time="0.00800000000000001" classname="identify_att_differences" name="Check_comparision_of_attributes_objects"/>
    <testcase time="0.012" classname="identify_att_differences" name="Check_comparision_of_attributes_objects"/>
    <testcase time="0.0129999999999999" classname="identify_att_differences" name="Check_comparision_of_attributes_objects"/>
    <testcase time="0.0150000000000001" classname="identify_att_differences" name="Check_comparision_of_attributes_objects"/>
    <testcase time="0.016" classname="identify_att_differences" name="Check_comparision_of_attributes_objects"/>
    <testcase time="0.0209999999999999" classname="identify_att_differences" name="Check_comparision_of_attributes_objects"/>
    <testcase time="0.0169999999999999" classname="identify_att_differences" name="Check_comparision_of_attributes_objects"/>
  </testsuite>
  <testsuite name="identify_column_order" timestamp="2024-07-25T13:30:04Z" hostname="83deaa2d8a17" tests="9" skipped="3" failures="2" errors="0" time="0.378">
    <testcase time="0.0209999999999999" classname="identify_column_order" name="Column_order_checks_work_as_expected"/>
    <testcase time="0.0290000000000004" classname="identify_column_order" name="Column_order_checks_work_as_expected">
      <failure type="failure" message="`diffdf(x1, x2)` did not throw the expected warning. ('test-identify_column_order.R:24:5')">`diffdf(x1, x2)` did not throw the expected warning.</failure>
    </testcase>
    <testcase time="0.109" classname="identify_column_order" name="Column_order_checks_work_as_expected">
      <skipped message="Reason: On CRAN ('test-identify_column_order.R:28:5')"/>
    </testcase>
    <testcase time="0.0339999999999998" classname="identify_column_order" name="Column_order_checks_work_with_null_columns"/>
    <testcase time="0.0250000000000004" classname="identify_column_order" name="Column_order_checks_work_with_null_columns">
      <failure type="failure" message="`diffdf(d1, d2)` did not throw the expected warning. ('test-identify_column_order.R:121:5')">`diffdf(d1, d2)` did not throw the expected warning.</failure>
    </testcase>
    <testcase time="0.0419999999999998" classname="identify_column_order" name="Column_order_checks_work_with_null_columns">
      <skipped message="Reason: On CRAN ('test-identify_column_order.R:125:5')"/>
    </testcase>
    <testcase time="0.0419999999999998" classname="identify_column_order" name="By_default_column_orders_are_not_checked"/>
    <testcase time="0.0380000000000003" classname="identify_column_order" name="By_default_column_orders_are_not_checked">
      <skipped message="Reason: On CRAN ('test-identify_column_order.R:144:5')"/>
    </testcase>
    <testcase time="0.0380000000000003" classname="identify_column_order" name="Edge_cases_that_once_caused_bugs_now_work_as_expected"/>
  </testsuite>
  <testsuite name="identify_mode_differences" timestamp="2024-07-25T13:30:04Z" hostname="83deaa2d8a17" tests="300" skipped="0" failures="0" errors="0" time="2.515">
    <testcase time="0.0239999999999991" classname="identify_mode_differences" name="Check_comparision_of_equal_objects"/>
    <testcase time="0.0100000000000007" classname="identify_mode_differences" name="Check_comparision_of_equal_objects"/>
    <testcase time="0.00999999999999979" classname="identify_mode_differences" name="Check_comparision_of_equal_objects"/>
    <testcase time="0.00699999999999967" classname="identify_mode_differences" name="Check_comparision_of_equal_objects"/>
    <testcase time="0.00600000000000023" classname="identify_mode_differences" name="Check_comparision_of_equal_objects"/>
    <testcase time="0.00800000000000001" classname="identify_mode_differences" name="Check_comparision_of_equal_objects"/>
    <testcase time="0.00600000000000023" classname="identify_mode_differences" name="Check_comparision_of_equal_objects"/>
    <testcase time="0.0119999999999996" classname="identify_mode_differences" name="Check_comparision_of_equal_objects"/>
    <testcase time="0.00800000000000001" classname="identify_mode_differences" name="Check_comparision_of_equal_objects"/>
    <testcase time="0.00600000000000023" classname="identify_mode_differences" name="Check_comparision_of_equal_objects"/>
    <testcase time="0.00699999999999967" classname="identify_mode_differences" name="Check_comparision_of_equal_objects"/>
    <testcase time="0.00700000000000056" classname="identify_mode_differences" name="Check_comparision_of_equal_objects"/>
    <testcase time="0.00999999999999979" classname="identify_mode_differences" name="Check_comparision_of_equal_objects"/>
    <testcase time="0.00800000000000001" classname="identify_mode_differences" name="Check_comparision_of_equal_objects"/>
    <testcase time="0.00600000000000023" classname="identify_mode_differences" name="Check_comparision_of_equal_objects"/>
    <testcase time="0.00699999999999967" classname="identify_mode_differences" name="Check_comparision_of_equal_objects"/>
    <testcase time="0.00699999999999967" classname="identify_mode_differences" name="Check_comparision_of_equal_objects"/>
    <testcase time="0.00900000000000034" classname="identify_mode_differences" name="Check_comparision_of_equal_objects"/>
    <testcase time="0.00999999999999979" classname="identify_mode_differences" name="Check_comparision_of_equal_objects"/>
    <testcase time="0.00700000000000056" classname="identify_mode_differences" name="Check_comparision_of_equal_objects"/>
    <testcase time="0.00699999999999967" classname="identify_mode_differences" name="Check_comparision_of_equal_objects"/>
    <testcase time="0.00600000000000023" classname="identify_mode_differences" name="Check_comparision_of_equal_objects"/>
    <testcase time="0.00699999999999967" classname="identify_mode_differences" name="Check_comparision_of_equal_objects"/>
    <testcase time="0.0110000000000001" classname="identify_mode_differences" name="Check_comparision_of_equal_objects"/>
    <testcase time="0.00800000000000001" classname="identify_mode_differences" name="Check_comparision_of_equal_objects"/>
    <testcase time="0.00600000000000023" classname="identify_mode_differences" name="Check_comparision_of_equal_objects"/>
    <testcase time="0.00699999999999967" classname="identify_mode_differences" name="Check_comparision_of_equal_objects"/>
    <testcase time="0.00700000000000056" classname="identify_mode_differences" name="Check_comparision_of_equal_objects"/>
    <testcase time="0.0109999999999992" classname="identify_mode_differences" name="Check_comparision_of_equal_objects"/>
    <testcase time="0.00800000000000001" classname="identify_mode_differences" name="Check_comparision_of_equal_objects"/>
    <testcase time="0.00700000000000056" classname="identify_mode_differences" name="Check_comparision_of_equal_objects"/>
    <testcase time="0.00999999999999979" classname="identify_mode_differences" name="Check_comparision_of_non_equal_objects_aiming_for_differences_of_length_1"/>
    <testcase time="0.00699999999999967" classname="identify_mode_differences" name="Check_comparision_of_non_equal_objects_aiming_for_differences_of_length_1"/>
    <testcase time="0.0120000000000005" classname="identify_mode_differences" name="Check_comparision_of_non_equal_objects_aiming_for_differences_of_length_1"/>
    <testcase time="0.00800000000000001" classname="identify_mode_differences" name="Check_comparision_of_non_equal_objects_aiming_for_differences_of_length_1"/>
    <testcase time="0.00699999999999967" classname="identify_mode_differences" name="Check_comparision_of_non_equal_objects_aiming_for_differences_of_length_1"/>
    <testcase time="0.00700000000000056" classname="identify_mode_differences" name="Check_comparision_of_non_equal_objects_aiming_for_differences_of_length_1"/>
    <testcase time="0.00699999999999967" classname="identify_mode_differences" name="Check_comparision_of_non_equal_objects_aiming_for_differences_of_length_1"/>
    <testcase time="0.0109999999999992" classname="identify_mode_differences" name="Check_comparision_of_non_equal_objects_aiming_for_differences_of_length_1"/>
    <testcase time="0.00900000000000034" classname="identify_mode_differences" name="Check_comparision_of_non_equal_objects_aiming_for_differences_of_length_1"/>
    <testcase time="0.00800000000000001" classname="identify_mode_differences" name="Check_comparision_of_non_equal_objects_aiming_for_differences_of_length_1"/>
    <testcase time="0.00800000000000001" classname="identify_mode_differences" name="Check_comparision_of_non_equal_objects_aiming_for_differences_of_length_1"/>
    <testcase time="0.00699999999999967" classname="identify_mode_differences" name="Check_comparision_of_non_equal_objects_aiming_for_differences_of_length_1"/>
    <testcase time="0.0100000000000007" classname="identify_mode_differences" name="Check_comparision_of_non_equal_objects_aiming_for_differences_of_length_1"/>
    <testcase time="0.00899999999999945" classname="identify_mode_differences" name="Check_comparision_of_non_equal_objects_aiming_for_differences_of_length_1"/>
    <testcase time="0.00700000000000056" classname="identify_mode_differences" name="Check_comparision_of_non_equal_objects_aiming_for_differences_of_length_1"/>
    <testcase time="0.00699999999999967" classname="identify_mode_differences" name="Check_comparision_of_non_equal_objects_aiming_for_differences_of_length_1"/>
    <testcase time="0.00699999999999967" classname="identify_mode_differences" name="Check_comparision_of_non_equal_objects_aiming_for_differences_of_length_1"/>
    <testcase time="0.0110000000000001" classname="identify_mode_differences" name="Check_comparision_of_non_equal_objects_aiming_for_differences_of_length_1"/>
    <testcase time="0.00900000000000034" classname="identify_mode_differences" name="Check_comparision_of_non_equal_objects_aiming_for_differences_of_length_1"/>
    <testcase time="0.00699999999999967" classname="identify_mode_differences" name="Check_comparision_of_non_equal_objects_aiming_for_differences_of_length_1"/>
    <testcase time="0.00600000000000023" classname="identify_mode_differences" name="Check_comparision_of_non_equal_objects_aiming_for_differences_of_length_1"/>
    <testcase time="0.00699999999999967" classname="identify_mode_differences" name="Check_comparision_of_non_equal_objects_aiming_for_differences_of_length_1"/>
    <testcase time="0.0110000000000001" classname="identify_mode_differences" name="Check_comparision_of_non_equal_objects_aiming_for_differences_of_length_1"/>
    <testcase time="0.00800000000000001" classname="identify_mode_differences" name="Check_comparision_of_non_equal_objects_aiming_for_differences_of_length_1"/>
    <testcase time="0.00700000000000056" classname="identify_mode_differences" name="Check_comparision_of_non_equal_objects_aiming_for_differences_of_length_1"/>
    <testcase time="0.00699999999999967" classname="identify_mode_differences" name="Check_comparision_of_non_equal_objects_aiming_for_differences_of_length_1"/>
    <testcase time="0.00699999999999967" classname="identify_mode_differences" name="Check_comparision_of_non_equal_objects_aiming_for_differences_of_length_1"/>
    <testcase time="0.0120000000000005" classname="identify_mode_differences" name="Check_comparision_of_non_equal_objects_aiming_for_differences_of_length_1"/>
    <testcase time="0.00899999999999945" classname="identify_mode_differences" name="Check_comparision_of_non_equal_objects_aiming_for_differences_of_length_1"/>
    <testcase time="0.00800000000000001" classname="identify_mode_differences" name="Check_comparision_of_non_equal_objects_aiming_for_differences_of_length_1"/>
    <testcase time="0.00700000000000056" classname="identify_mode_differences" name="Check_comparision_of_non_equal_objects_aiming_for_differences_of_length_1"/>
    <testcase time="0.00800000000000001" classname="identify_mode_differences" name="Check_comparision_of_non_equal_objects_aiming_for_differences_of_length_1"/>
    <testcase time="0.0110000000000001" classname="identify_mode_differences" name="Check_comparision_of_non_equal_objects_aiming_for_differences_of_length_1"/>
    <testcase time="0.00899999999999945" classname="identify_mode_differences" name="Check_comparision_of_non_equal_objects_aiming_for_differences_of_length_1"/>
    <testcase time="0.00700000000000056" classname="identify_mode_differences" name="Check_comparision_of_non_equal_objects_aiming_for_differences_of_length_1"/>
    <testcase time="0.00699999999999967" classname="identify_mode_differences" name="Check_comparision_of_non_equal_objects_aiming_for_differences_of_length_1"/>
    <testcase time="0.00800000000000001" classname="identify_mode_differences" name="Check_comparision_of_non_equal_objects_aiming_for_differences_of_length_1"/>
    <testcase time="0.016" classname="identify_mode_differences" name="Check_comparision_of_non_equal_objects_aiming_for_differences_of_length_2"/>
    <testcase time="0.00800000000000001" classname="identify_mode_differences" name="Check_comparision_of_non_equal_objects_aiming_for_differences_of_length_2"/>
    <testcase time="0.00699999999999967" classname="identify_mode_differences" name="Check_comparision_of_non_equal_objects_aiming_for_differences_of_length_2"/>
    <testcase time="0.00700000000000056" classname="identify_mode_differences" name="Check_comparision_of_non_equal_objects_aiming_for_differences_of_length_2"/>
    <testcase time="0.00800000000000001" classname="identify_mode_differences" name="Check_comparision_of_non_equal_objects_aiming_for_differences_of_length_2"/>
    <testcase time="0.0129999999999999" classname="identify_mode_differences" name="Check_comparision_of_non_equal_objects_aiming_for_differences_of_length_2"/>
    <testcase time="0.00800000000000001" classname="identify_mode_differences" name="Check_comparision_of_non_equal_objects_aiming_for_differences_of_length_2"/>
    <testcase time="0.0800000000000001" classname="identify_mode_differences" name="Check_comparision_of_equal_objects"/>
    <testcase time="0.00699999999999967" classname="identify_mode_differences" name="Check_comparision_of_equal_objects"/>
    <testcase time="0.00999999999999979" classname="identify_mode_differences" name="Check_comparision_of_equal_objects"/>
    <testcase time="0.00900000000000034" classname="identify_mode_differences" name="Check_comparision_of_equal_objects"/>
    <testcase time="0.00699999999999967" classname="identify_mode_differences" name="Check_comparision_of_equal_objects"/>
    <testcase time="0.00700000000000056" classname="identify_mode_differences" name="Check_comparision_of_equal_objects"/>
    <testcase time="0.00800000000000001" classname="identify_mode_differences" name="Check_comparision_of_equal_objects"/>
    <testcase time="0.0110000000000001" classname="identify_mode_differences" name="Check_comparision_of_equal_objects"/>
    <testcase time="0.00899999999999945" classname="identify_mode_differences" name="Check_comparision_of_equal_objects"/>
    <testcase time="0.00699999999999967" classname="identify_mode_differences" name="Check_comparision_of_equal_objects"/>
    <testcase time="0.00600000000000023" classname="identify_mode_differences" name="Check_comparision_of_equal_objects"/>
    <testcase time="0.00700000000000056" classname="identify_mode_differences" name="Check_comparision_of_equal_objects"/>
    <testcase time="0.0999999999999996" classname="identify_mode_differences" name="Check_comparision_of_equal_objects"/>
    <testcase time="0.00699999999999967" classname="identify_mode_differences" name="Check_comparision_of_equal_objects"/>
    <testcase time="0.00700000000000056" classname="identify_mode_differences" name="Check_comparision_of_equal_objects"/>
    <testcase time="0.00699999999999967" classname="identify_mode_differences" name="Check_comparision_of_equal_objects"/>
    <testcase time="0.00600000000000023" classname="identify_mode_differences" name="Check_comparision_of_equal_objects"/>
    <testcase time="0.00699999999999967" classname="identify_mode_differences" name="Check_comparision_of_equal_objects"/>
    <testcase time="0.00700000000000056" classname="identify_mode_differences" name="Check_comparision_of_equal_objects"/>
    <testcase time="0.00800000000000001" classname="identify_mode_differences" name="Check_comparision_of_equal_objects"/>
    <testcase time="0.00899999999999945" classname="identify_mode_differences" name="Check_comparision_of_equal_objects"/>
    <testcase time="0.00800000000000001" classname="identify_mode_differences" name="Check_comparision_of_equal_objects"/>
    <testcase time="0.00900000000000034" classname="identify_mode_differences" name="Check_comparision_of_equal_objects"/>
    <testcase time="0.00899999999999945" classname="identify_mode_differences" name="Check_comparision_of_equal_objects"/>
    <testcase time="0.00800000000000001" classname="identify_mode_differences" name="Check_comparision_of_equal_objects"/>
    <testcase time="0.00900000000000034" classname="identify_mode_differences" name="Check_comparision_of_equal_objects"/>
    <testcase time="0.00900000000000034" classname="identify_mode_differences" name="Check_comparision_of_equal_objects"/>
    <testcase time="0.00899999999999945" classname="identify_mode_differences" name="Check_comparision_of_equal_objects"/>
    <testcase time="0.00800000000000001" classname="identify_mode_differences" name="Check_comparision_of_equal_objects"/>
    <testcase time="0.0110000000000001" classname="identify_mode_differences" name="Check_comparision_of_equal_objects"/>
    <testcase time="0.00699999999999967" classname="identify_mode_differences" name="Check_comparision_of_equal_objects"/>
    <testcase time="0.0100000000000007" classname="identify_mode_differences" name="Check_comparision_of_non_equal_objects_aiming_for_differences_of_length_1"/>
    <testcase time="0.00699999999999967" classname="identify_mode_differences" name="Check_comparision_of_non_equal_objects_aiming_for_differences_of_length_1"/>
    <testcase time="0.00699999999999967" classname="identify_mode_differences" name="Check_comparision_of_non_equal_objects_aiming_for_differences_of_length_1"/>
    <testcase time="0.00600000000000023" classname="identify_mode_differences" name="Check_comparision_of_non_equal_objects_aiming_for_differences_of_length_1"/>
    <testcase time="0.00700000000000056" classname="identify_mode_differences" name="Check_comparision_of_non_equal_objects_aiming_for_differences_of_length_1"/>
    <testcase time="0.00699999999999967" classname="identify_mode_differences" name="Check_comparision_of_non_equal_objects_aiming_for_differences_of_length_1"/>
    <testcase time="0.00699999999999967" classname="identify_mode_differences" name="Check_comparision_of_non_equal_objects_aiming_for_differences_of_length_1"/>
    <testcase time="0.00700000000000056" classname="identify_mode_differences" name="Check_comparision_of_non_equal_objects_aiming_for_differences_of_length_1"/>
    <testcase time="0.00599999999999934" classname="identify_mode_differences" name="Check_comparision_of_non_equal_objects_aiming_for_differences_of_length_1"/>
    <testcase time="0.00800000000000001" classname="identify_mode_differences" name="Check_comparision_of_non_equal_objects_aiming_for_differences_of_length_1"/>
    <testcase time="0.00600000000000023" classname="identify_mode_differences" name="Check_comparision_of_non_equal_objects_aiming_for_differences_of_length_1"/>
    <testcase time="0.00700000000000056" classname="identify_mode_differences" name="Check_comparision_of_non_equal_objects_aiming_for_differences_of_length_1"/>
    <testcase time="0.00599999999999934" classname="identify_mode_differences" name="Check_comparision_of_non_equal_objects_aiming_for_differences_of_length_1"/>
    <testcase time="0.00700000000000056" classname="identify_mode_differences" name="Check_comparision_of_non_equal_objects_aiming_for_differences_of_length_1"/>
    <testcase time="0.00999999999999979" classname="identify_mode_differences" name="Check_comparision_of_non_equal_objects_aiming_for_differences_of_length_1"/>
    <testcase time="0.00699999999999967" classname="identify_mode_differences" name="Check_comparision_of_non_equal_objects_aiming_for_differences_of_length_1"/>
    <testcase time="0.00600000000000023" classname="identify_mode_differences" name="Check_comparision_of_non_equal_objects_aiming_for_differences_of_length_1"/>
    <testcase time="0.00699999999999967" classname="identify_mode_differences" name="Check_comparision_of_non_equal_objects_aiming_for_differences_of_length_1"/>
    <testcase time="0.00700000000000056" classname="identify_mode_differences" name="Check_comparision_of_non_equal_objects_aiming_for_differences_of_length_1"/>
    <testcase time="0.00599999999999934" classname="identify_mode_differences" name="Check_comparision_of_non_equal_objects_aiming_for_differences_of_length_1"/>
    <testcase time="0.00700000000000056" classname="identify_mode_differences" name="Check_comparision_of_non_equal_objects_aiming_for_differences_of_length_1"/>
    <testcase time="0.00699999999999967" classname="identify_mode_differences" name="Check_comparision_of_non_equal_objects_aiming_for_differences_of_length_1"/>
    <testcase time="0.00700000000000056" classname="identify_mode_differences" name="Check_comparision_of_non_equal_objects_aiming_for_differences_of_length_1"/>
    <testcase time="0.00599999999999934" classname="identify_mode_differences" name="Check_comparision_of_non_equal_objects_aiming_for_differences_of_length_1"/>
    <testcase time="0.00700000000000056" classname="identify_mode_differences" name="Check_comparision_of_non_equal_objects_aiming_for_differences_of_length_1"/>
    <testcase time="0.00599999999999934" classname="identify_mode_differences" name="Check_comparision_of_non_equal_objects_aiming_for_differences_of_length_1"/>
    <testcase time="0.00700000000000056" classname="identify_mode_differences" name="Check_comparision_of_non_equal_objects_aiming_for_differences_of_length_1"/>
    <testcase time="0.00800000000000001" classname="identify_mode_differences" name="Check_comparision_of_non_equal_objects_aiming_for_differences_of_length_1"/>
    <testcase time="0.00800000000000001" classname="identify_mode_differences" name="Check_comparision_of_non_equal_objects_aiming_for_differences_of_length_1"/>
    <testcase time="0.00699999999999967" classname="identify_mode_differences" name="Check_comparision_of_non_equal_objects_aiming_for_differences_of_length_1"/>
    <testcase time="0.00700000000000056" classname="identify_mode_differences" name="Check_comparision_of_non_equal_objects_aiming_for_differences_of_length_1"/>
    <testcase time="0.00899999999999945" classname="identify_mode_differences" name="Check_comparision_of_non_equal_objects_aiming_for_differences_of_length_1"/>
    <testcase time="0.00700000000000056" classname="identify_mode_differences" name="Check_comparision_of_non_equal_objects_aiming_for_differences_of_length_1"/>
    <testcase time="0.00699999999999967" classname="identify_mode_differences" name="Check_comparision_of_non_equal_objects_aiming_for_differences_of_length_1"/>
    <testcase time="0.00699999999999967" classname="identify_mode_differences" name="Check_comparision_of_non_equal_objects_aiming_for_differences_of_length_1"/>
    <testcase time="0.00600000000000023" classname="identify_mode_differences" name="Check_comparision_of_non_equal_objects_aiming_for_differences_of_length_1"/>
    <testcase time="0.00699999999999967" classname="identify_mode_differences" name="Check_comparision_of_non_equal_objects_aiming_for_differences_of_length_1"/>
    <testcase time="0.00900000000000034" classname="identify_mode_differences" name="Check_comparision_of_non_equal_objects_aiming_for_differences_of_length_2"/>
    <testcase time="0.00699999999999967" classname="identify_mode_differences" name="Check_comparision_of_non_equal_objects_aiming_for_differences_of_length_2"/>
    <testcase time="0.00700000000000056" classname="identify_mode_differences" name="Check_comparision_of_non_equal_objects_aiming_for_differences_of_length_2"/>
    <testcase time="0.00699999999999967" classname="identify_mode_differences" name="Check_comparision_of_non_equal_objects_aiming_for_differences_of_length_2"/>
    <testcase time="0.00699999999999967" classname="identify_mode_differences" name="Check_comparision_of_non_equal_objects_aiming_for_differences_of_length_2"/>
    <testcase time="0.00600000000000023" classname="identify_mode_differences" name="Check_comparision_of_non_equal_objects_aiming_for_differences_of_length_2"/>
    <testcase time="0.00700000000000056" classname="identify_mode_differences" name="Check_comparision_of_non_equal_objects_aiming_for_differences_of_length_2"/>
    <testcase time="0.0189999999999992" classname="identify_mode_differences" name="Check_comparision_of_equal_objects"/>
    <testcase time="0.0100000000000007" classname="identify_mode_differences" name="Check_comparision_of_equal_objects"/>
    <testcase time="0.00699999999999967" classname="identify_mode_differences" name="Check_comparision_of_equal_objects"/>
    <testcase time="0.00699999999999967" classname="identify_mode_differences" name="Check_comparision_of_equal_objects"/>
    <testcase time="0.00700000000000056" classname="identify_mode_differences" name="Check_comparision_of_equal_objects"/>
    <testcase time="0.00699999999999967" classname="identify_mode_differences" name="Check_comparision_of_equal_objects"/>
    <testcase time="0.00700000000000056" classname="identify_mode_differences" name="Check_comparision_of_equal_objects"/>
    <testcase time="0.00699999999999967" classname="identify_mode_differences" name="Check_comparision_of_equal_objects"/>
    <testcase time="0.00699999999999967" classname="identify_mode_differences" name="Check_comparision_of_equal_objects"/>
    <testcase time="0.00700000000000056" classname="identify_mode_differences" name="Check_comparision_of_equal_objects"/>
    <testcase time="0.00699999999999967" classname="identify_mode_differences" name="Check_comparision_of_equal_objects"/>
    <testcase time="0.00599999999999934" classname="identify_mode_differences" name="Check_comparision_of_equal_objects"/>
    <testcase time="0.00800000000000001" classname="identify_mode_differences" name="Check_comparision_of_equal_objects"/>
    <testcase time="0.0100000000000007" classname="identify_mode_differences" name="Check_comparision_of_equal_objects"/>
    <testcase time="0.00800000000000001" classname="identify_mode_differences" name="Check_comparision_of_equal_objects"/>
    <testcase time="0.00800000000000001" classname="identify_mode_differences" name="Check_comparision_of_equal_objects"/>
    <testcase time="0.00800000000000001" classname="identify_mode_differences" name="Check_comparision_of_equal_objects"/>
    <testcase time="0.0119999999999996" classname="identify_mode_differences" name="Check_comparision_of_equal_objects"/>
    <testcase time="0.00699999999999967" classname="identify_mode_differences" name="Check_comparision_of_equal_objects"/>
    <testcase time="0.00700000000000056" classname="identify_mode_differences" name="Check_comparision_of_equal_objects"/>
    <testcase time="0.00699999999999967" classname="identify_mode_differences" name="Check_comparision_of_equal_objects"/>
    <testcase time="0.00800000000000001" classname="identify_mode_differences" name="Check_comparision_of_equal_objects"/>
    <testcase time="0.00700000000000056" classname="identify_mode_differences" name="Check_comparision_of_equal_objects"/>
    <testcase time="0.00699999999999967" classname="identify_mode_differences" name="Check_comparision_of_equal_objects"/>
    <testcase time="0.00699999999999967" classname="identify_mode_differences" name="Check_comparision_of_equal_objects"/>
    <testcase time="0.00700000000000056" classname="identify_mode_differences" name="Check_comparision_of_equal_objects"/>
    <testcase time="0.00699999999999967" classname="identify_mode_differences" name="Check_comparision_of_equal_objects"/>
    <testcase time="0.00699999999999967" classname="identify_mode_differences" name="Check_comparision_of_equal_objects"/>
    <testcase time="0.00700000000000056" classname="identify_mode_differences" name="Check_comparision_of_equal_objects"/>
    <testcase time="0.00599999999999934" classname="identify_mode_differences" name="Check_comparision_of_equal_objects"/>
    <testcase time="0.00700000000000056" classname="identify_mode_differences" name="Check_comparision_of_equal_objects"/>
    <testcase time="0.00999999999999979" classname="identify_mode_differences" name="Check_comparision_of_non_equal_objects_aiming_for_differences_of_length_1"/>
    <testcase time="0.0110000000000001" classname="identify_mode_differences" name="Check_comparision_of_non_equal_objects_aiming_for_differences_of_length_1"/>
    <testcase time="0.00699999999999967" classname="identify_mode_differences" name="Check_comparision_of_non_equal_objects_aiming_for_differences_of_length_1"/>
    <testcase time="0.00700000000000056" classname="identify_mode_differences" name="Check_comparision_of_non_equal_objects_aiming_for_differences_of_length_1"/>
    <testcase time="0.00800000000000001" classname="identify_mode_differences" name="Check_comparision_of_non_equal_objects_aiming_for_differences_of_length_1"/>
    <testcase time="0.00699999999999967" classname="identify_mode_differences" name="Check_comparision_of_non_equal_objects_aiming_for_differences_of_length_1"/>
    <testcase time="0.00800000000000001" classname="identify_mode_differences" name="Check_comparision_of_non_equal_objects_aiming_for_differences_of_length_1"/>
    <testcase time="0.00699999999999967" classname="identify_mode_differences" name="Check_comparision_of_non_equal_objects_aiming_for_differences_of_length_1"/>
    <testcase time="0.00700000000000056" classname="identify_mode_differences" name="Check_comparision_of_non_equal_objects_aiming_for_differences_of_length_1"/>
    <testcase time="0.00800000000000001" classname="identify_mode_differences" name="Check_comparision_of_non_equal_objects_aiming_for_differences_of_length_1"/>
    <testcase time="0.00800000000000001" classname="identify_mode_differences" name="Check_comparision_of_non_equal_objects_aiming_for_differences_of_length_1"/>
    <testcase time="0.00699999999999967" classname="identify_mode_differences" name="Check_comparision_of_non_equal_objects_aiming_for_differences_of_length_1"/>
    <testcase time="0.00800000000000001" classname="identify_mode_differences" name="Check_comparision_of_non_equal_objects_aiming_for_differences_of_length_1"/>
    <testcase time="0.00699999999999967" classname="identify_mode_differences" name="Check_comparision_of_non_equal_objects_aiming_for_differences_of_length_1"/>
    <testcase time="0.00699999999999967" classname="identify_mode_differences" name="Check_comparision_of_non_equal_objects_aiming_for_differences_of_length_1"/>
    <testcase time="0.00700000000000056" classname="identify_mode_differences" name="Check_comparision_of_non_equal_objects_aiming_for_differences_of_length_1"/>
    <testcase time="0.00999999999999979" classname="identify_mode_differences" name="Check_comparision_of_non_equal_objects_aiming_for_differences_of_length_1"/>
    <testcase time="0.00800000000000001" classname="identify_mode_differences" name="Check_comparision_of_non_equal_objects_aiming_for_differences_of_length_1"/>
    <testcase time="0.00600000000000023" classname="identify_mode_differences" name="Check_comparision_of_non_equal_objects_aiming_for_differences_of_length_1"/>
    <testcase time="0.00699999999999967" classname="identify_mode_differences" name="Check_comparision_of_non_equal_objects_aiming_for_differences_of_length_1"/>
    <testcase time="0.00700000000000056" classname="identify_mode_differences" name="Check_comparision_of_non_equal_objects_aiming_for_differences_of_length_1"/>
    <testcase time="0.00699999999999967" classname="identify_mode_differences" name="Check_comparision_of_non_equal_objects_aiming_for_differences_of_length_1"/>
    <testcase time="0.00699999999999967" classname="identify_mode_differences" name="Check_comparision_of_non_equal_objects_aiming_for_differences_of_length_1"/>
    <testcase time="0.00700000000000056" classname="identify_mode_differences" name="Check_comparision_of_non_equal_objects_aiming_for_differences_of_length_1"/>
    <testcase time="0.00699999999999967" classname="identify_mode_differences" name="Check_comparision_of_non_equal_objects_aiming_for_differences_of_length_1"/>
    <testcase time="0.00699999999999967" classname="identify_mode_differences" name="Check_comparision_of_non_equal_objects_aiming_for_differences_of_length_1"/>
    <testcase time="0.00700000000000056" classname="identify_mode_differences" name="Check_comparision_of_non_equal_objects_aiming_for_differences_of_length_1"/>
    <testcase time="0.00599999999999934" classname="identify_mode_differences" name="Check_comparision_of_non_equal_objects_aiming_for_differences_of_length_1"/>
    <testcase time="0.00800000000000001" classname="identify_mode_differences" name="Check_comparision_of_non_equal_objects_aiming_for_differences_of_length_1"/>
    <testcase time="0.00700000000000056" classname="identify_mode_differences" name="Check_comparision_of_non_equal_objects_aiming_for_differences_of_length_1"/>
    <testcase time="0.00699999999999967" classname="identify_mode_differences" name="Check_comparision_of_non_equal_objects_aiming_for_differences_of_length_1"/>
    <testcase time="0.00700000000000056" classname="identify_mode_differences" name="Check_comparision_of_non_equal_objects_aiming_for_differences_of_length_1"/>
    <testcase time="0.00999999999999979" classname="identify_mode_differences" name="Check_comparision_of_non_equal_objects_aiming_for_differences_of_length_1"/>
    <testcase time="0.00699999999999967" classname="identify_mode_differences" name="Check_comparision_of_non_equal_objects_aiming_for_differences_of_length_1"/>
    <testcase time="0.00800000000000001" classname="identify_mode_differences" name="Check_comparision_of_non_equal_objects_aiming_for_differences_of_length_1"/>
    <testcase time="0.00900000000000034" classname="identify_mode_differences" name="Check_comparision_of_non_equal_objects_aiming_for_differences_of_length_1"/>
    <testcase time="0.00800000000000001" classname="identify_mode_differences" name="Check_comparision_of_non_equal_objects_aiming_for_differences_of_length_1"/>
    <testcase time="0.0110000000000001" classname="identify_mode_differences" name="Check_comparision_of_non_equal_objects_aiming_for_differences_of_length_2"/>
    <testcase time="0.00699999999999967" classname="identify_mode_differences" name="Check_comparision_of_non_equal_objects_aiming_for_differences_of_length_2"/>
    <testcase time="0.00699999999999967" classname="identify_mode_differences" name="Check_comparision_of_non_equal_objects_aiming_for_differences_of_length_2"/>
    <testcase time="0.00700000000000056" classname="identify_mode_differences" name="Check_comparision_of_non_equal_objects_aiming_for_differences_of_length_2"/>
    <testcase time="0.00699999999999967" classname="identify_mode_differences" name="Check_comparision_of_non_equal_objects_aiming_for_differences_of_length_2"/>
    <testcase time="0.00800000000000001" classname="identify_mode_differences" name="Check_comparision_of_non_equal_objects_aiming_for_differences_of_length_2"/>
    <testcase time="0.00699999999999967" classname="identify_mode_differences" name="Check_comparision_of_non_equal_objects_aiming_for_differences_of_length_2"/>
    <testcase time="0.0200000000000005" classname="identify_mode_differences" name="Check_comparision_of_equal_objects"/>
    <testcase time="0.00999999999999979" classname="identify_mode_differences" name="Check_comparision_of_equal_objects"/>
    <testcase time="0.00700000000000056" classname="identify_mode_differences" name="Check_comparision_of_equal_objects"/>
    <testcase time="0.00699999999999967" classname="identify_mode_differences" name="Check_comparision_of_equal_objects"/>
    <testcase time="0.00699999999999967" classname="identify_mode_differences" name="Check_comparision_of_equal_objects"/>
    <testcase time="0.00800000000000001" classname="identify_mode_differences" name="Check_comparision_of_equal_objects"/>
    <testcase time="0.00700000000000056" classname="identify_mode_differences" name="Check_comparision_of_equal_objects"/>
    <testcase time="0.00699999999999967" classname="identify_mode_differences" name="Check_comparision_of_equal_objects"/>
    <testcase time="0.00699999999999967" classname="identify_mode_differences" name="Check_comparision_of_equal_objects"/>
    <testcase time="0.00700000000000056" classname="identify_mode_differences" name="Check_comparision_of_equal_objects"/>
    <testcase time="0.00699999999999967" classname="identify_mode_differences" name="Check_comparision_of_equal_objects"/>
    <testcase time="0.00700000000000056" classname="identify_mode_differences" name="Check_comparision_of_equal_objects"/>
    <testcase time="0.00800000000000001" classname="identify_mode_differences" name="Check_comparision_of_equal_objects"/>
    <testcase time="0.00800000000000001" classname="identify_mode_differences" name="Check_comparision_of_equal_objects"/>
    <testcase time="0.00800000000000001" classname="identify_mode_differences" name="Check_comparision_of_equal_objects"/>
    <testcase time="0.00699999999999967" classname="identify_mode_differences" name="Check_comparision_of_equal_objects"/>
    <testcase time="0.00999999999999979" classname="identify_mode_differences" name="Check_comparision_of_equal_objects"/>
    <testcase time="0.00699999999999967" classname="identify_mode_differences" name="Check_comparision_of_equal_objects"/>
    <testcase time="0.00800000000000001" classname="identify_mode_differences" name="Check_comparision_of_equal_objects"/>
    <testcase time="0.00700000000000056" classname="identify_mode_differences" name="Check_comparision_of_equal_objects"/>
    <testcase time="0.00800000000000001" classname="identify_mode_differences" name="Check_comparision_of_equal_objects"/>
    <testcase time="0.00699999999999967" classname="identify_mode_differences" name="Check_comparision_of_equal_objects"/>
    <testcase time="0.00700000000000056" classname="identify_mode_differences" name="Check_comparision_of_equal_objects"/>
    <testcase time="0.00800000000000001" classname="identify_mode_differences" name="Check_comparision_of_equal_objects"/>
    <testcase time="0.00800000000000001" classname="identify_mode_differences" name="Check_comparision_of_equal_objects"/>
    <testcase time="0.00699999999999967" classname="identify_mode_differences" name="Check_comparision_of_equal_objects"/>
    <testcase time="0.00800000000000001" classname="identify_mode_differences" name="Check_comparision_of_equal_objects"/>
    <testcase time="0.00699999999999967" classname="identify_mode_differences" name="Check_comparision_of_equal_objects"/>
    <testcase time="0.00700000000000056" classname="identify_mode_differences" name="Check_comparision_of_equal_objects"/>
    <testcase time="0.00699999999999967" classname="identify_mode_differences" name="Check_comparision_of_equal_objects"/>
    <testcase time="0.00999999999999979" classname="identify_mode_differences" name="Check_comparision_of_equal_objects"/>
    <testcase time="0.0110000000000001" classname="identify_mode_differences" name="Check_comparision_of_non_equal_objects_aiming_for_differences_of_length_1"/>
    <testcase time="0.00699999999999967" classname="identify_mode_differences" name="Check_comparision_of_non_equal_objects_aiming_for_differences_of_length_1"/>
    <testcase time="0.00700000000000056" classname="identify_mode_differences" name="Check_comparision_of_non_equal_objects_aiming_for_differences_of_length_1"/>
    <testcase time="0.00699999999999967" classname="identify_mode_differences" name="Check_comparision_of_non_equal_objects_aiming_for_differences_of_length_1"/>
    <testcase time="0.00700000000000056" classname="identify_mode_differences" name="Check_comparision_of_non_equal_objects_aiming_for_differences_of_length_1"/>
    <testcase time="0.00699999999999967" classname="identify_mode_differences" name="Check_comparision_of_non_equal_objects_aiming_for_differences_of_length_1"/>
    <testcase time="0.00699999999999967" classname="identify_mode_differences" name="Check_comparision_of_non_equal_objects_aiming_for_differences_of_length_1"/>
    <testcase time="0.00700000000000056" classname="identify_mode_differences" name="Check_comparision_of_non_equal_objects_aiming_for_differences_of_length_1"/>
    <testcase time="0.00699999999999967" classname="identify_mode_differences" name="Check_comparision_of_non_equal_objects_aiming_for_differences_of_length_1"/>
    <testcase time="0.00800000000000001" classname="identify_mode_differences" name="Check_comparision_of_non_equal_objects_aiming_for_differences_of_length_1"/>
    <testcase time="0.00699999999999967" classname="identify_mode_differences" name="Check_comparision_of_non_equal_objects_aiming_for_differences_of_length_1"/>
    <testcase time="0.00700000000000056" classname="identify_mode_differences" name="Check_comparision_of_non_equal_objects_aiming_for_differences_of_length_1"/>
    <testcase time="0.00699999999999967" classname="identify_mode_differences" name="Check_comparision_of_non_equal_objects_aiming_for_differences_of_length_1"/>
    <testcase time="0.00999999999999979" classname="identify_mode_differences" name="Check_comparision_of_non_equal_objects_aiming_for_differences_of_length_1"/>
    <testcase time="0.00700000000000056" classname="identify_mode_differences" name="Check_comparision_of_non_equal_objects_aiming_for_differences_of_length_1"/>
    <testcase time="0.00699999999999967" classname="identify_mode_differences" name="Check_comparision_of_non_equal_objects_aiming_for_differences_of_length_1"/>
    <testcase time="0.00800000000000001" classname="identify_mode_differences" name="Check_comparision_of_non_equal_objects_aiming_for_differences_of_length_1"/>
    <testcase time="0.00700000000000056" classname="identify_mode_differences" name="Check_comparision_of_non_equal_objects_aiming_for_differences_of_length_1"/>
    <testcase time="0.00699999999999967" classname="identify_mode_differences" name="Check_comparision_of_non_equal_objects_aiming_for_differences_of_length_1"/>
    <testcase time="0.00699999999999967" classname="identify_mode_differences" name="Check_comparision_of_non_equal_objects_aiming_for_differences_of_length_1"/>
    <testcase time="0.00700000000000056" classname="identify_mode_differences" name="Check_comparision_of_non_equal_objects_aiming_for_differences_of_length_1"/>
    <testcase time="0.00699999999999967" classname="identify_mode_differences" name="Check_comparision_of_non_equal_objects_aiming_for_differences_of_length_1"/>
    <testcase time="0.00699999999999967" classname="identify_mode_differences" name="Check_comparision_of_non_equal_objects_aiming_for_differences_of_length_1"/>
    <testcase time="0.00700000000000056" classname="identify_mode_differences" name="Check_comparision_of_non_equal_objects_aiming_for_differences_of_length_1"/>
    <testcase time="0.00699999999999967" classname="identify_mode_differences" name="Check_comparision_of_non_equal_objects_aiming_for_differences_of_length_1"/>
    <testcase time="0.00699999999999967" classname="identify_mode_differences" name="Check_comparision_of_non_equal_objects_aiming_for_differences_of_length_1"/>
    <testcase time="0.00700000000000056" classname="identify_mode_differences" name="Check_comparision_of_non_equal_objects_aiming_for_differences_of_length_1"/>
    <testcase time="0.00999999999999979" classname="identify_mode_differences" name="Check_comparision_of_non_equal_objects_aiming_for_differences_of_length_1"/>
    <testcase time="0.00800000000000001" classname="identify_mode_differences" name="Check_comparision_of_non_equal_objects_aiming_for_differences_of_length_1"/>
    <testcase time="0.00699999999999967" classname="identify_mode_differences" name="Check_comparision_of_non_equal_objects_aiming_for_differences_of_length_1"/>
    <testcase time="0.00700000000000056" classname="identify_mode_differences" name="Check_comparision_of_non_equal_objects_aiming_for_differences_of_length_1"/>
    <testcase time="0.00699999999999967" classname="identify_mode_differences" name="Check_comparision_of_non_equal_objects_aiming_for_differences_of_length_1"/>
    <testcase time="0.00700000000000056" classname="identify_mode_differences" name="Check_comparision_of_non_equal_objects_aiming_for_differences_of_length_1"/>
    <testcase time="0.00800000000000001" classname="identify_mode_differences" name="Check_comparision_of_non_equal_objects_aiming_for_differences_of_length_1"/>
    <testcase time="0.00699999999999967" classname="identify_mode_differences" name="Check_comparision_of_non_equal_objects_aiming_for_differences_of_length_1"/>
    <testcase time="0.00699999999999967" classname="identify_mode_differences" name="Check_comparision_of_non_equal_objects_aiming_for_differences_of_length_1"/>
    <testcase time="0.00700000000000056" classname="identify_mode_differences" name="Check_comparision_of_non_equal_objects_aiming_for_differences_of_length_1"/>
    <testcase time="0.0109999999999992" classname="identify_mode_differences" name="Check_comparision_of_non_equal_objects_aiming_for_differences_of_length_2"/>
    <testcase time="0.00700000000000056" classname="identify_mode_differences" name="Check_comparision_of_non_equal_objects_aiming_for_differences_of_length_2"/>
    <testcase time="0.00699999999999967" classname="identify_mode_differences" name="Check_comparision_of_non_equal_objects_aiming_for_differences_of_length_2"/>
    <testcase time="0.00700000000000056" classname="identify_mode_differences" name="Check_comparision_of_non_equal_objects_aiming_for_differences_of_length_2"/>
    <testcase time="0.00999999999999979" classname="identify_mode_differences" name="Check_comparision_of_non_equal_objects_aiming_for_differences_of_length_2"/>
    <testcase time="0.00699999999999967" classname="identify_mode_differences" name="Check_comparision_of_non_equal_objects_aiming_for_differences_of_length_2"/>
    <testcase time="0.00900000000000034" classname="identify_mode_differences" name="Check_comparision_of_non_equal_objects_aiming_for_differences_of_length_2"/>
  </testsuite>
  <testsuite name="issuerows" timestamp="2024-07-25T13:30:06Z" hostname="83deaa2d8a17" tests="47" skipped="0" failures="0" errors="0" time="0.327">
    <testcase time="0.0289999999999999" classname="issuerows" name="Equal_datasets_return_no_rows"/>
    <testcase time="0.00300000000000011" classname="issuerows" name="Equal_datasets_return_no_rows"/>
    <testcase time="0.0249999999999995" classname="issuerows" name="Checking_no_rows_returned_if_only_issue_is_missing_cols"/>
    <testcase time="0.00300000000000011" classname="issuerows" name="Checking_no_rows_returned_if_only_issue_is_missing_cols"/>
    <testcase time="0.00300000000000011" classname="issuerows" name="Checking_no_rows_returned_if_only_issue_is_missing_cols"/>
    <testcase time="0.00300000000000011" classname="issuerows" name="Checking_no_rows_returned_if_only_issue_is_missing_cols"/>
    <testcase time="0.00199999999999978" classname="issuerows" name="Checking_no_rows_returned_if_only_issue_is_missing_cols"/>
    <testcase time="0.0250000000000004" classname="issuerows" name="Checking_no_rows_returned_if_only_issue_is_missing_rows"/>
    <testcase time="0.00399999999999956" classname="issuerows" name="Checking_no_rows_returned_if_only_issue_is_missing_rows"/>
    <testcase time="0.00600000000000023" classname="issuerows" name="Checking_no_rows_returned_if_only_issue_is_missing_rows"/>
    <testcase time="0.00300000000000011" classname="issuerows" name="Checking_no_rows_returned_if_only_issue_is_missing_rows"/>
    <testcase time="0.00199999999999978" classname="issuerows" name="Checking_no_rows_returned_if_only_issue_is_missing_rows"/>
    <testcase time="0.0270000000000001" classname="issuerows" name="Checking_no_rows_returned_if_only_issue_is_different_attribs"/>
    <testcase time="0.00300000000000011" classname="issuerows" name="Checking_no_rows_returned_if_only_issue_is_different_attribs"/>
    <testcase time="0.00300000000000011" classname="issuerows" name="Checking_no_rows_returned_if_only_issue_is_different_attribs"/>
    <testcase time="0.00300000000000011" classname="issuerows" name="Checking_no_rows_returned_if_only_issue_is_different_attribs"/>
    <testcase time="0.00300000000000011" classname="issuerows" name="Checking_no_rows_returned_if_only_issue_is_different_attribs"/>
    <testcase time="0.0269999999999992" classname="issuerows" name="Checking_correct_values_return_where_value_differences_are_found"/>
    <testcase time="0.00300000000000011" classname="issuerows" name="Checking_correct_values_return_where_value_differences_are_found"/>
    <testcase time="0.00300000000000011" classname="issuerows" name="Checking_correct_values_return_where_value_differences_are_found"/>
    <testcase time="0.00300000000000011" classname="issuerows" name="Checking_correct_values_return_where_value_differences_are_found"/>
    <testcase time="0.00199999999999978" classname="issuerows" name="Checking_correct_values_return_where_value_differences_are_found"/>
    <testcase time="0.00300000000000011" classname="issuerows" name="Checking_correct_values_return_where_value_differences_are_found"/>
    <testcase time="0.00300000000000011" classname="issuerows" name="Checking_correct_values_return_where_value_differences_are_found"/>
    <testcase time="0.0389999999999997" classname="issuerows" name="can_handle_multple_errors_including_key_vars"/>
    <testcase time="0.00400000000000045" classname="issuerows" name="can_handle_multple_errors_including_key_vars"/>
    <testcase time="0.00300000000000011" classname="issuerows" name="can_handle_multple_errors_including_key_vars"/>
    <testcase time="0.00199999999999978" classname="issuerows" name="can_handle_multple_errors_including_key_vars"/>
    <testcase time="0.00300000000000011" classname="issuerows" name="can_handle_multple_errors_including_key_vars"/>
    <testcase time="0.00699999999999967" classname="issuerows" name="can_handle_multple_errors_including_key_vars"/>
    <testcase time="0.00300000000000011" classname="issuerows" name="can_handle_multple_errors_including_key_vars"/>
    <testcase time="0.00300000000000011" classname="issuerows" name="can_handle_multple_errors_including_key_vars"/>
    <testcase time="0.00300000000000011" classname="issuerows" name="can_handle_multple_errors_including_key_vars"/>
    <testcase time="0.00199999999999978" classname="issuerows" name="can_handle_multple_errors_including_key_vars"/>
    <testcase time="0.00300000000000011" classname="issuerows" name="can_handle_multple_errors_including_key_vars"/>
    <testcase time="0.00300000000000011" classname="issuerows" name="can_handle_multple_errors_including_key_vars"/>
    <testcase time="0.00600000000000023" classname="issuerows" name="can_handle_multple_errors_including_key_vars"/>
    <testcase time="0.00300000000000011" classname="issuerows" name="can_handle_multple_errors_including_key_vars"/>
    <testcase time="0.00300000000000011" classname="issuerows" name="can_handle_multple_errors_including_key_vars"/>
    <testcase time="0.00199999999999978" classname="issuerows" name="can_handle_multple_errors_including_key_vars"/>
    <testcase time="0.00300000000000011" classname="issuerows" name="can_handle_multple_errors_including_key_vars"/>
    <testcase time="0.00600000000000023" classname="issuerows" name="can_handle_multple_errors_including_key_vars"/>
    <testcase time="0.0259999999999998" classname="issuerows" name="Correct_columns_are_returned_where_both_values_and_columns_have_issues"/>
    <testcase time="0.00399999999999956" classname="issuerows" name="Correct_columns_are_returned_where_both_values_and_columns_have_issues"/>
    <testcase time="0.00200000000000067" classname="issuerows" name="Correct_columns_are_returned_where_both_values_and_columns_have_issues"/>
    <testcase time="0.00300000000000011" classname="issuerows" name="Correct_columns_are_returned_where_both_values_and_columns_have_issues"/>
    <testcase time="0.00299999999999923" classname="issuerows" name="Correct_columns_are_returned_where_both_values_and_columns_have_issues"/>
  </testsuite>
  <testsuite name="miscellaneous" timestamp="2024-07-25T13:30:07Z" hostname="83deaa2d8a17" tests="10" skipped="2" failures="0" errors="0" time="0.118">
    <testcase time="0.0330000000000004" classname="miscellaneous" name="sort_order_is_as_expected_sorted_by_keys_"/>
    <testcase time="0.00199999999999978" classname="miscellaneous" name="sort_order_is_as_expected_sorted_by_keys_"/>
    <testcase time="0.00300000000000011" classname="miscellaneous" name="sort_order_is_as_expected_sorted_by_keys_"/>
    <testcase time="0.00199999999999978" classname="miscellaneous" name="sort_order_is_as_expected_sorted_by_keys_"/>
    <testcase time="0.00600000000000023" classname="miscellaneous" name="as_ascii_table_can_handle_white_space_and_newlines"/>
    <testcase time="0.00300000000000011" classname="miscellaneous" name="as_ascii_table_can_handle_white_space_and_newlines"/>
    <testcase time="0.024" classname="miscellaneous" name="can_handle_null_datasets"/>
    <testcase time="0.00600000000000023" classname="miscellaneous" name="can_handle_null_datasets">
      <skipped message="Reason: On CRAN ('test-miscellaneous.R:69:5')"/>
    </testcase>
    <testcase time="0.0329999999999995" classname="miscellaneous" name="can_handle_non_overlapping_keys"/>
    <testcase time="0.00600000000000023" classname="miscellaneous" name="can_handle_non_overlapping_keys">
      <skipped message="Reason: On CRAN ('test-miscellaneous.R:117:5')"/>
    </testcase>
  </testsuite>
  <testsuite name="print_output" timestamp="2024-07-25T13:30:07Z" hostname="83deaa2d8a17" tests="11" skipped="1" failures="0" errors="0" time="0.14">
    <testcase time="0.0440000000000005" classname="print_output" name="Print_output_is_maintained">
      <skipped message="Reason: On CRAN ('test-print_output.R:14:5')"/>
    </testcase>
    <testcase time="0.0329999999999995" classname="print_output" name="row_limit_works_as_expected"/>
    <testcase time="0.00400000000000045" classname="print_output" name="row_limit_works_as_expected"/>
    <testcase time="0.00199999999999978" classname="print_output" name="row_limit_works_as_expected"/>
    <testcase time="0.00300000000000011" classname="print_output" name="row_limit_works_as_expected"/>
    <testcase time="0.0270000000000001" classname="print_output" name="print.diffdf_errors_when_given_bad_inputs"/>
    <testcase time="0.00499999999999989" classname="print_output" name="print.diffdf_errors_when_given_bad_inputs"/>
    <testcase time="0.00399999999999956" classname="print_output" name="print.diffdf_errors_when_given_bad_inputs"/>
    <testcase time="0.00900000000000034" classname="print_output" name="print.diffdf_errors_when_given_bad_inputs"/>
    <testcase time="0.00499999999999989" classname="print_output" name="print.diffdf_errors_when_given_bad_inputs"/>
    <testcase time="0.00399999999999956" classname="print_output" name="print.diffdf_errors_when_given_bad_inputs"/>
  </testsuite>
</testsuites>
