<?xml version="1.0" encoding="UTF-8"?>
<testsuites>
  <testsuite name="Testing casting variables" timestamp="2024-04-05T15:00:01Z" hostname="abfe8cca7817" tests="8" skipped="0" failures="0" errors="0" time="0.059">
    <testcase time="0.011" classname="Testing_casting_variables" name="Factor_cast_to_character_no_other_changes_"/>
    <testcase time="0.016" classname="Testing_casting_variables" name="Factor_cast_to_character_no_other_changes_"/>
    <testcase time="0.014" classname="Testing_casting_variables" name="Factor_cast_to_character_no_other_changes_"/>
    <testcase time="0.002" classname="Testing_casting_variables" name="Factor_cast_to_character_no_other_changes_"/>
    <testcase time="0.0099999999999999" classname="Testing_casting_variables" name="Int_cast_to_numeric_no_other_changes_"/>
    <testcase time="0.001" classname="Testing_casting_variables" name="Int_cast_to_numeric_no_other_changes_"/>
    <testcase time="0.003" classname="Testing_casting_variables" name="Int_cast_to_numeric_no_other_changes_"/>
    <testcase time="0.002" classname="Testing_casting_variables" name="Int_cast_to_numeric_no_other_changes_"/>
  </testsuite>
  <testsuite name="Testing entire function" timestamp="2024-04-05T15:00:01Z" hostname="abfe8cca7817" tests="100" skipped="0" failures="0" errors="0" time="2.079">
    <testcase time="0.04" classname="Testing_entire_function" name="Check_comparision_of_equal_objects"/>
    <testcase time="0.022" classname="Testing_entire_function" name="Check_comparision_of_equal_objects"/>
    <testcase time="0.025" classname="Testing_entire_function" name="Check_comparision_of_equal_objects"/>
    <testcase time="0.025" classname="Testing_entire_function" name="Check_comparision_of_equal_objects"/>
    <testcase time="0.0229999999999999" classname="Testing_entire_function" name="Check_comparision_of_equal_objects"/>
    <testcase time="0.0250000000000001" classname="Testing_entire_function" name="Check_comparision_of_equal_objects"/>
    <testcase time="0.0229999999999999" classname="Testing_entire_function" name="Check_comparision_of_equal_objects"/>
    <testcase time="0.0249999999999999" classname="Testing_entire_function" name="Check_comparision_of_equal_objects"/>
    <testcase time="0.0250000000000001" classname="Testing_entire_function" name="Check_comparision_of_equal_objects"/>
    <testcase time="0.0229999999999999" classname="Testing_entire_function" name="Check_comparision_of_equal_objects"/>
    <testcase time="0.0250000000000001" classname="Testing_entire_function" name="Check_comparision_of_equal_objects"/>
    <testcase time="0.018" classname="Testing_entire_function" name="Check_comparision_of_equal_objects"/>
    <testcase time="0.0249999999999999" classname="Testing_entire_function" name="Check_comparision_of_equal_objects"/>
    <testcase time="0.044" classname="Testing_entire_function" name="Check_comparision_of_equal_objects"/>
    <testcase time="0.022" classname="Testing_entire_function" name="Check_comparision_of_equal_objects"/>
    <testcase time="0.026" classname="Testing_entire_function" name="Check_comparision_of_equal_objects"/>
    <testcase time="0.022" classname="Testing_entire_function" name="Check_comparision_of_equal_objects"/>
    <testcase time="0.026" classname="Testing_entire_function" name="Check_comparision_of_equal_objects"/>
    <testcase time="0.0249999999999999" classname="Testing_entire_function" name="Check_comparision_of_equal_objects"/>
    <testcase time="0.026" classname="Testing_entire_function" name="Unequal_objects_raise_warnings"/>
    <testcase time="0.026" classname="Testing_entire_function" name="Unequal_objects_raise_warnings"/>
    <testcase time="0.026" classname="Testing_entire_function" name="Unequal_objects_raise_warnings"/>
    <testcase time="0.0229999999999999" classname="Testing_entire_function" name="Unequal_objects_raise_warnings"/>
    <testcase time="0.026" classname="Testing_entire_function" name="Unequal_objects_raise_warnings"/>
    <testcase time="0.0230000000000001" classname="Testing_entire_function" name="Unequal_objects_raise_warnings"/>
    <testcase time="0.026" classname="Testing_entire_function" name="Unequal_objects_raise_warnings"/>
    <testcase time="0.0249999999999999" classname="Testing_entire_function" name="Unequal_objects_raise_warnings"/>
    <testcase time="0.0229999999999999" classname="Testing_entire_function" name="Unequal_objects_raise_warnings"/>
    <testcase time="0.0249999999999999" classname="Testing_entire_function" name="Unequal_objects_raise_warnings"/>
    <testcase time="0.0230000000000001" classname="Testing_entire_function" name="Unequal_objects_raise_warnings"/>
    <testcase time="0.026" classname="Testing_entire_function" name="Unequal_objects_raise_warnings"/>
    <testcase time="0.026" classname="Testing_entire_function" name="Unequal_objects_raise_warnings"/>
    <testcase time="0.0229999999999999" classname="Testing_entire_function" name="Unequal_objects_raise_warnings"/>
    <testcase time="0.026" classname="Testing_entire_function" name="Unequal_objects_raise_warnings"/>
    <testcase time="0.026" classname="Testing_entire_function" name="Unequal_objects_raise_warnings"/>
    <testcase time="0.0229999999999999" classname="Testing_entire_function" name="Unequal_objects_raise_warnings"/>
    <testcase time="0.026" classname="Testing_entire_function" name="Unequal_objects_raise_warnings"/>
    <testcase time="0.03" classname="Testing_entire_function" name="Unequal_object_checking_numbers_correct"/>
    <testcase time="0.00299999999999989" classname="Testing_entire_function" name="Unequal_object_checking_numbers_correct"/>
    <testcase time="0.00100000000000011" classname="Testing_entire_function" name="Unequal_object_checking_numbers_correct"/>
    <testcase time="0.024" classname="Testing_entire_function" name="Unequal_object_checking_numbers_correct"/>
    <testcase time="0.002" classname="Testing_entire_function" name="Unequal_object_checking_numbers_correct"/>
    <testcase time="0.002" classname="Testing_entire_function" name="Unequal_object_checking_numbers_correct"/>
    <testcase time="0.0270000000000001" classname="Testing_entire_function" name="Unequal_object_checking_numbers_correct"/>
    <testcase time="0.00299999999999989" classname="Testing_entire_function" name="Unequal_object_checking_numbers_correct"/>
    <testcase time="0.00100000000000011" classname="Testing_entire_function" name="Unequal_object_checking_numbers_correct"/>
    <testcase time="0.0269999999999999" classname="Testing_entire_function" name="Unequal_object_checking_numbers_correct"/>
    <testcase time="0.00300000000000011" classname="Testing_entire_function" name="Unequal_object_checking_numbers_correct"/>
    <testcase time="0.00099999999999989" classname="Testing_entire_function" name="Unequal_object_checking_numbers_correct"/>
    <testcase time="0.0269999999999999" classname="Testing_entire_function" name="Unequal_object_checking_numbers_correct"/>
    <testcase time="0.00300000000000011" classname="Testing_entire_function" name="Unequal_object_checking_numbers_correct"/>
    <testcase time="0.00099999999999989" classname="Testing_entire_function" name="Unequal_object_checking_numbers_correct"/>
    <testcase time="0.0250000000000001" classname="Testing_entire_function" name="Unequal_object_checking_numbers_correct"/>
    <testcase time="0.002" classname="Testing_entire_function" name="Unequal_object_checking_numbers_correct"/>
    <testcase time="0.002" classname="Testing_entire_function" name="Unequal_object_checking_numbers_correct"/>
    <testcase time="0.0269999999999999" classname="Testing_entire_function" name="Unequal_object_checking_numbers_correct"/>
    <testcase time="0.00300000000000011" classname="Testing_entire_function" name="Unequal_object_checking_numbers_correct"/>
    <testcase time="0.00099999999999989" classname="Testing_entire_function" name="Unequal_object_checking_numbers_correct"/>
    <testcase time="0.028" classname="Testing_entire_function" name="Unequal_object_checking_numbers_correct"/>
    <testcase time="0.00300000000000011" classname="Testing_entire_function" name="Unequal_object_checking_numbers_correct"/>
    <testcase time="0.00199999999999978" classname="Testing_entire_function" name="Unequal_object_checking_numbers_correct"/>
    <testcase time="0.0289999999999999" classname="Testing_entire_function" name="Differing_modes_error"/>
    <testcase time="0.0230000000000001" classname="Testing_entire_function" name="Differing_modes_error"/>
    <testcase time="0.028" classname="Testing_entire_function" name="Differing_classes_error"/>
    <testcase time="0.0169999999999999" classname="Testing_entire_function" name="Differing_classes_error"/>
    <testcase time="0.0100000000000002" classname="Testing_entire_function" name="Non_Unique_rows_error"/>
    <testcase time="0.0259999999999998" classname="Testing_entire_function" name="Illegal_columns_error"/>
    <testcase time="0.0260000000000002" classname="Testing_entire_function" name="Illegal_columns_error"/>
    <testcase time="0.0269999999999997" classname="Testing_entire_function" name="Illegal_columns_error"/>
    <testcase time="0.0260000000000002" classname="Testing_entire_function" name="Additional_columns_error"/>
    <testcase time="0.0259999999999998" classname="Testing_entire_function" name="Additional_columns_error"/>
    <testcase time="0.0270000000000001" classname="Testing_entire_function" name="Additional_rows_error"/>
    <testcase time="0.0230000000000001" classname="Testing_entire_function" name="Additional_rows_error"/>
    <testcase time="0.00599999999999978" classname="Testing_entire_function" name="Bad_values_for_scale_or_tolerance_error"/>
    <testcase time="0.00700000000000012" classname="Testing_entire_function" name="Bad_values_for_scale_or_tolerance_error"/>
    <testcase time="0.00499999999999989" classname="Testing_entire_function" name="Bad_values_for_scale_or_tolerance_error"/>
    <testcase time="0.004" classname="Testing_entire_function" name="Bad_values_for_scale_or_tolerance_error"/>
    <testcase time="0.0249999999999999" classname="Testing_entire_function" name="Objets_with_differing_attributes_produce_the_correct_warning"/>
    <testcase time="0.0260000000000002" classname="Testing_entire_function" name="Objets_with_differing_attributes_produce_the_correct_warning"/>
    <testcase time="0.0259999999999998" classname="Testing_entire_function" name="Objets_with_differing_attributes_produce_the_correct_warning"/>
    <testcase time="0.0260000000000002" classname="Testing_entire_function" name="Objets_with_differing_attributes_produce_the_correct_warning"/>
    <testcase time="0.0249999999999999" classname="Testing_entire_function" name="Objets_with_differing_attributes_produce_the_correct_warning"/>
    <testcase time="0.0259999999999998" classname="Testing_entire_function" name="Objets_with_differing_attributes_produce_the_correct_warning"/>
    <testcase time="0.0270000000000001" classname="Testing_entire_function" name="Objets_with_differing_attributes_produce_the_correct_warning"/>
    <testcase time="0.0249999999999999" classname="Testing_entire_function" name="Attribute_differnce_size_is_correct_"/>
    <testcase time="0.0249999999999999" classname="Testing_entire_function" name="Attribute_differnce_size_is_correct_"/>
    <testcase time="0.0260000000000002" classname="Testing_entire_function" name="Attribute_differnce_size_is_correct_"/>
    <testcase time="0.024" classname="Testing_entire_function" name="Attribute_differnce_size_is_correct_"/>
    <testcase time="0.0259999999999998" classname="Testing_entire_function" name="Attribute_differnce_size_is_correct_"/>
    <testcase time="0.0250000000000004" classname="Testing_entire_function" name="Attribute_differnce_size_is_correct_"/>
    <testcase time="0.0239999999999996" classname="Testing_entire_function" name="Attribute_differnce_size_is_correct_"/>
    <testcase time="0.0260000000000002" classname="Testing_entire_function" name="strict_numeric_and_strict_factor_was_as_intended"/>
    <testcase time="0.0249999999999999" classname="Testing_entire_function" name="strict_numeric_and_strict_factor_was_as_intended"/>
    <testcase time="0.0260000000000002" classname="Testing_entire_function" name="strict_numeric_and_strict_factor_was_as_intended"/>
    <testcase time="0.024" classname="Testing_entire_function" name="strict_numeric_and_strict_factor_was_as_intended"/>
    <testcase time="0.0259999999999998" classname="Testing_entire_function" name="strict_numeric_and_strict_factor_was_as_intended"/>
    <testcase time="0.0260000000000002" classname="Testing_entire_function" name="strict_numeric_and_strict_factor_was_as_intended"/>
    <testcase time="0.024" classname="Testing_entire_function" name="strict_numeric_and_strict_factor_was_as_intended"/>
    <testcase time="0.0249999999999999" classname="Testing_entire_function" name="strict_numeric_and_strict_factor_was_as_intended"/>
    <testcase time="0.0259999999999998" classname="Testing_entire_function" name="strict_numeric_and_strict_factor_was_as_intended"/>
  </testsuite>
  <testsuite name="Testing diffdf_has_issues" timestamp="2024-04-05T15:00:03Z" hostname="abfe8cca7817" tests="21" skipped="0" failures="0" errors="0" time="0.505">
    <testcase time="0.0340000000000003" classname="Testing_diffdf_has_issues" name="diffdf_has_issues_works_as_expected"/>
    <testcase time="0.0189999999999997" classname="Testing_diffdf_has_issues" name="diffdf_has_issues_works_as_expected"/>
    <testcase time="0.0220000000000002" classname="Testing_diffdf_has_issues" name="diffdf_has_issues_works_as_expected"/>
    <testcase time="0.02" classname="Testing_diffdf_has_issues" name="diffdf_has_issues_works_as_expected"/>
    <testcase time="0.0259999999999998" classname="Testing_diffdf_has_issues" name="diffdf_has_issues_works_as_expected"/>
    <testcase time="0.0210000000000004" classname="Testing_diffdf_has_issues" name="diffdf_has_issues_works_as_expected"/>
    <testcase time="0.0249999999999999" classname="Testing_diffdf_has_issues" name="diffdf_has_issues_works_as_expected"/>
    <testcase time="0.0209999999999999" classname="Testing_diffdf_has_issues" name="diffdf_has_issues_works_as_expected"/>
    <testcase time="0.0230000000000001" classname="Testing_diffdf_has_issues" name="diffdf_has_issues_works_as_expected"/>
    <testcase time="0.02" classname="Testing_diffdf_has_issues" name="diffdf_has_issues_works_as_expected"/>
    <testcase time="0.0229999999999997" classname="Testing_diffdf_has_issues" name="diffdf_has_issues_works_as_expected"/>
    <testcase time="0.0190000000000001" classname="Testing_diffdf_has_issues" name="diffdf_has_issues_works_as_expected"/>
    <testcase time="0.024" classname="Testing_diffdf_has_issues" name="diffdf_has_issues_works_as_expected"/>
    <testcase time="0.02" classname="Testing_diffdf_has_issues" name="diffdf_has_issues_works_as_expected"/>
    <testcase time="0.024" classname="Testing_diffdf_has_issues" name="diffdf_has_issues_works_as_expected"/>
    <testcase time="0.02" classname="Testing_diffdf_has_issues" name="diffdf_has_issues_works_as_expected"/>
    <testcase time="0.0289999999999999" classname="Testing_diffdf_has_issues" name="diffdf_has_issues_works_as_expected"/>
    <testcase time="0.0299999999999998" classname="Testing_diffdf_has_issues" name="diffdf_has_issues_works_as_expected"/>
    <testcase time="0.0270000000000001" classname="Testing_diffdf_has_issues" name="diffdf_has_issues_works_as_expected"/>
    <testcase time="0.028" classname="Testing_diffdf_has_issues" name="diffdf_has_issues_works_as_expected"/>
    <testcase time="0.0300000000000002" classname="Testing_diffdf_has_issues" name="diffdf_has_issues_works_as_expected"/>
  </testsuite>
  <testsuite name="Testing find_difference" timestamp="2024-04-05T15:00:04Z" hostname="abfe8cca7817" tests="36" skipped="0" failures="0" errors="0" time="0.112">
    <testcase time="0.00699999999999967" classname="Testing_find_difference" name="find_difference_correctly_doesn_t_flag_identical_objects"/>
    <testcase time="0.00300000000000011" classname="Testing_find_difference" name="find_difference_correctly_doesn_t_flag_identical_objects"/>
    <testcase time="0.00200000000000022" classname="Testing_find_difference" name="find_difference_correctly_doesn_t_flag_identical_objects"/>
    <testcase time="0.00299999999999967" classname="Testing_find_difference" name="find_difference_correctly_doesn_t_flag_identical_objects"/>
    <testcase time="0.00200000000000022" classname="Testing_find_difference" name="find_difference_correctly_doesn_t_flag_identical_objects"/>
    <testcase time="0.00300000000000011" classname="Testing_find_difference" name="find_difference_correctly_doesn_t_flag_identical_objects"/>
    <testcase time="0.00199999999999978" classname="Testing_find_difference" name="find_difference_correctly_doesn_t_flag_identical_objects"/>
    <testcase time="0.00300000000000011" classname="Testing_find_difference" name="find_difference_correctly_doesn_t_flag_identical_objects"/>
    <testcase time="0.00299999999999967" classname="Testing_find_difference" name="find_difference_correctly_doesn_t_flag_identical_objects"/>
    <testcase time="0.00500000000000034" classname="Testing_find_difference" name="find_difference_correctly_doesn_t_flag_identical_objects"/>
    <testcase time="0.00299999999999967" classname="Testing_find_difference" name="find_difference_correctly_doesn_t_flag_identical_objects"/>
    <testcase time="0.00300000000000011" classname="Testing_find_difference" name="find_difference_correctly_doesn_t_flag_identical_objects"/>
    <testcase time="0.00200000000000022" classname="Testing_find_difference" name="find_difference_correctly_doesn_t_flag_identical_objects"/>
    <testcase time="0.00299999999999967" classname="Testing_find_difference" name="find_difference_correctly_doesn_t_flag_identical_objects"/>
    <testcase time="0.00200000000000022" classname="Testing_find_difference" name="find_difference_correctly_doesn_t_flag_identical_objects"/>
    <testcase time="0.00300000000000011" classname="Testing_find_difference" name="find_difference_correctly_doesn_t_flag_identical_objects"/>
    <testcase time="0.00199999999999978" classname="Testing_find_difference" name="find_difference_correctly_doesn_t_flag_identical_objects"/>
    <testcase time="0.00300000000000011" classname="Testing_find_difference" name="find_difference_correctly_doesn_t_flag_identical_objects"/>
    <testcase time="0.00300000000000011" classname="Testing_find_difference" name="find_difference_correctly_flags_differences"/>
    <testcase time="0.00099999999999989" classname="Testing_find_difference" name="find_difference_correctly_flags_differences"/>
    <testcase time="0.00199999999999978" classname="Testing_find_difference" name="find_difference_correctly_flags_differences"/>
    <testcase time="0.00100000000000033" classname="Testing_find_difference" name="find_difference_correctly_flags_differences"/>
    <testcase time="0.00099999999999989" classname="Testing_find_difference" name="find_difference_correctly_flags_differences"/>
    <testcase time="0.00300000000000011" classname="Testing_find_difference" name="find_difference_correctly_uses_tolerances_scale_arguments"/>
    <testcase time="0.00199999999999978" classname="Testing_find_difference" name="find_difference_correctly_uses_tolerances_scale_arguments"/>
    <testcase time="0.00099999999999989" classname="Testing_find_difference" name="find_difference_correctly_uses_tolerances_scale_arguments"/>
    <testcase time="0.00100000000000033" classname="Testing_find_difference" name="find_difference_correctly_uses_tolerances_scale_arguments"/>
    <testcase time="0.00099999999999989" classname="Testing_find_difference" name="find_difference_correctly_uses_tolerances_scale_arguments"/>
    <testcase time="0.00199999999999978" classname="Testing_find_difference" name="find_difference_correctly_uses_tolerances_scale_arguments"/>
    <testcase time="0.00300000000000011" classname="Testing_find_difference" name="find_difference_correctly_uses_tolerances_scale_arguments"/>
    <testcase time="0.028" classname="Testing_find_difference" name="find_difference_handles_int64_correctly"/>
    <testcase time="0.00099999999999989" classname="Testing_find_difference" name="find_difference_handles_int64_correctly"/>
    <testcase time="0.00200000000000022" classname="Testing_find_difference" name="find_difference_handles_int64_correctly"/>
    <testcase time="0.00099999999999989" classname="Testing_find_difference" name="find_difference_handles_int64_correctly"/>
    <testcase time="0.004" classname="Testing_find_difference" name="find_difference_throws_a_warning_if_vectors_are_of_a_different_length"/>
    <testcase time="0.00099999999999989" classname="Testing_find_difference" name="find_difference_throws_a_warning_if_vectors_are_of_a_different_length"/>
  </testsuite>
  <testsuite name="Testing generate keyname" timestamp="2024-04-05T15:00:04Z" hostname="abfe8cca7817" tests="25" skipped="0" failures="0" errors="0" time="0.071">
    <testcase time="0.0110000000000001" classname="Testing_generate_keyname" name="Correct_name_returned"/>
    <testcase time="0.00099999999999989" classname="Testing_generate_keyname" name="Correct_name_returned"/>
    <testcase time="0.00100000000000033" classname="Testing_generate_keyname" name="Correct_name_returned"/>
    <testcase time="0.00099999999999989" classname="Testing_generate_keyname" name="Correct_name_returned"/>
    <testcase time="0.00199999999999978" classname="Testing_generate_keyname" name="Correct_name_returned"/>
    <testcase time="0.00100000000000033" classname="Testing_generate_keyname" name="Correct_name_returned"/>
    <testcase time="0.00099999999999989" classname="Testing_generate_keyname" name="Correct_name_returned"/>
    <testcase time="0.00099999999999989" classname="Testing_generate_keyname" name="Correct_name_returned"/>
    <testcase time="0.00099999999999989" classname="Testing_generate_keyname" name="Correct_name_returned"/>
    <testcase time="0.00100000000000033" classname="Testing_generate_keyname" name="Correct_name_returned"/>
    <testcase time="0.00199999999999978" classname="Testing_generate_keyname" name="Correct_name_returned"/>
    <testcase time="0.00099999999999989" classname="Testing_generate_keyname" name="Correct_name_returned"/>
    <testcase time="0.00100000000000033" classname="Testing_generate_keyname" name="Correct_name_returned"/>
    <testcase time="0.00099999999999989" classname="Testing_generate_keyname" name="Correct_name_returned"/>
    <testcase time="0.00099999999999989" classname="Testing_generate_keyname" name="Correct_name_returned"/>
    <testcase time="0.00200000000000022" classname="Testing_generate_keyname" name="Correct_name_returned"/>
    <testcase time="0.00099999999999989" classname="Testing_generate_keyname" name="Correct_name_returned"/>
    <testcase time="0.00599999999999978" classname="Testing_generate_keyname" name="Error_if_all_names_taken_in_at_least_1_datasets"/>
    <testcase time="0.00500000000000034" classname="Testing_generate_keyname" name="Error_if_all_names_taken_in_at_least_1_datasets"/>
    <testcase time="0.00699999999999967" classname="Testing_generate_keyname" name="Error_if_all_names_taken_in_at_least_1_datasets"/>
    <testcase time="0.00499999999999989" classname="Testing_generate_keyname" name="Error_if_all_names_taken_in_at_least_1_datasets"/>
    <testcase time="0.004" classname="Testing_generate_keyname" name="Error_if_all_names_taken_in_at_least_1_datasets"/>
    <testcase time="0.00500000000000034" classname="Testing_generate_keyname" name="Error_if_all_names_taken_in_at_least_1_datasets"/>
    <testcase time="0.004" classname="Testing_generate_keyname" name="Error_if_all_names_taken_in_at_least_1_datasets"/>
    <testcase time="0.00499999999999989" classname="Testing_generate_keyname" name="Error_if_all_names_taken_in_at_least_1_datasets"/>
  </testsuite>
  <testsuite name="Testing attribute differnce functions" timestamp="2024-04-05T15:00:04Z" hostname="abfe8cca7817" tests="10" skipped="0" failures="0" errors="0" time="0.104">
    <testcase time="0.0150000000000001" classname="Testing_attribute_differnce_functions" name="Check_comparision_of_attributes_objects"/>
    <testcase time="0.00599999999999978" classname="Testing_attribute_differnce_functions" name="Check_comparision_of_attributes_objects"/>
    <testcase time="0.00499999999999989" classname="Testing_attribute_differnce_functions" name="Check_comparision_of_attributes_objects"/>
    <testcase time="0.00600000000000023" classname="Testing_attribute_differnce_functions" name="Check_comparision_of_attributes_objects"/>
    <testcase time="0.012" classname="Testing_attribute_differnce_functions" name="Check_comparision_of_attributes_objects"/>
    <testcase time="0.0089999999999999" classname="Testing_attribute_differnce_functions" name="Check_comparision_of_attributes_objects"/>
    <testcase time="0.00800000000000001" classname="Testing_attribute_differnce_functions" name="Check_comparision_of_attributes_objects"/>
    <testcase time="0.0129999999999999" classname="Testing_attribute_differnce_functions" name="Check_comparision_of_attributes_objects"/>
    <testcase time="0.0170000000000003" classname="Testing_attribute_differnce_functions" name="Check_comparision_of_attributes_objects"/>
    <testcase time="0.0129999999999999" classname="Testing_attribute_differnce_functions" name="Check_comparision_of_attributes_objects"/>
  </testsuite>
  <testsuite name="Testing mode difference functions" timestamp="2024-04-05T15:00:04Z" hostname="abfe8cca7817" tests="300" skipped="0" failures="0" errors="0" time="1.686">
    <testcase time="0.044" classname="Testing_mode_difference_functions" name="Check_comparision_of_equal_objects"/>
    <testcase time="0.00599999999999978" classname="Testing_mode_difference_functions" name="Check_comparision_of_equal_objects"/>
    <testcase time="0.004" classname="Testing_mode_difference_functions" name="Check_comparision_of_equal_objects"/>
    <testcase time="0.004" classname="Testing_mode_difference_functions" name="Check_comparision_of_equal_objects"/>
    <testcase time="0.004" classname="Testing_mode_difference_functions" name="Check_comparision_of_equal_objects"/>
    <testcase time="0.00499999999999989" classname="Testing_mode_difference_functions" name="Check_comparision_of_equal_objects"/>
    <testcase time="0.004" classname="Testing_mode_difference_functions" name="Check_comparision_of_equal_objects"/>
    <testcase time="0.004" classname="Testing_mode_difference_functions" name="Check_comparision_of_equal_objects"/>
    <testcase time="0.004" classname="Testing_mode_difference_functions" name="Check_comparision_of_equal_objects"/>
    <testcase time="0.00600000000000023" classname="Testing_mode_difference_functions" name="Check_comparision_of_equal_objects"/>
    <testcase time="0.004" classname="Testing_mode_difference_functions" name="Check_comparision_of_equal_objects"/>
    <testcase time="0.004" classname="Testing_mode_difference_functions" name="Check_comparision_of_equal_objects"/>
    <testcase time="0.004" classname="Testing_mode_difference_functions" name="Check_comparision_of_equal_objects"/>
    <testcase time="0.004" classname="Testing_mode_difference_functions" name="Check_comparision_of_equal_objects"/>
    <testcase time="0.004" classname="Testing_mode_difference_functions" name="Check_comparision_of_equal_objects"/>
    <testcase time="0.004" classname="Testing_mode_difference_functions" name="Check_comparision_of_equal_objects"/>
    <testcase time="0.004" classname="Testing_mode_difference_functions" name="Check_comparision_of_equal_objects"/>
    <testcase time="0.00700000000000012" classname="Testing_mode_difference_functions" name="Check_comparision_of_equal_objects"/>
    <testcase time="0.00399999999999956" classname="Testing_mode_difference_functions" name="Check_comparision_of_equal_objects"/>
    <testcase time="0.004" classname="Testing_mode_difference_functions" name="Check_comparision_of_equal_objects"/>
    <testcase time="0.004" classname="Testing_mode_difference_functions" name="Check_comparision_of_equal_objects"/>
    <testcase time="0.004" classname="Testing_mode_difference_functions" name="Check_comparision_of_equal_objects"/>
    <testcase time="0.004" classname="Testing_mode_difference_functions" name="Check_comparision_of_equal_objects"/>
    <testcase time="0.004" classname="Testing_mode_difference_functions" name="Check_comparision_of_equal_objects"/>
    <testcase time="0.004" classname="Testing_mode_difference_functions" name="Check_comparision_of_equal_objects"/>
    <testcase time="0.00700000000000012" classname="Testing_mode_difference_functions" name="Check_comparision_of_equal_objects"/>
    <testcase time="0.004" classname="Testing_mode_difference_functions" name="Check_comparision_of_equal_objects"/>
    <testcase time="0.004" classname="Testing_mode_difference_functions" name="Check_comparision_of_equal_objects"/>
    <testcase time="0.004" classname="Testing_mode_difference_functions" name="Check_comparision_of_equal_objects"/>
    <testcase time="0.004" classname="Testing_mode_difference_functions" name="Check_comparision_of_equal_objects"/>
    <testcase time="0.004" classname="Testing_mode_difference_functions" name="Check_comparision_of_equal_objects"/>
    <testcase time="0.00600000000000023" classname="Testing_mode_difference_functions" name="Check_comparision_of_non_equal_objects_aiming_for_differences_of_length_1"/>
    <testcase time="0.004" classname="Testing_mode_difference_functions" name="Check_comparision_of_non_equal_objects_aiming_for_differences_of_length_1"/>
    <testcase time="0.00699999999999967" classname="Testing_mode_difference_functions" name="Check_comparision_of_non_equal_objects_aiming_for_differences_of_length_1"/>
    <testcase time="0.004" classname="Testing_mode_difference_functions" name="Check_comparision_of_non_equal_objects_aiming_for_differences_of_length_1"/>
    <testcase time="0.004" classname="Testing_mode_difference_functions" name="Check_comparision_of_non_equal_objects_aiming_for_differences_of_length_1"/>
    <testcase time="0.004" classname="Testing_mode_difference_functions" name="Check_comparision_of_non_equal_objects_aiming_for_differences_of_length_1"/>
    <testcase time="0.004" classname="Testing_mode_difference_functions" name="Check_comparision_of_non_equal_objects_aiming_for_differences_of_length_1"/>
    <testcase time="0.004" classname="Testing_mode_difference_functions" name="Check_comparision_of_non_equal_objects_aiming_for_differences_of_length_1"/>
    <testcase time="0.004" classname="Testing_mode_difference_functions" name="Check_comparision_of_non_equal_objects_aiming_for_differences_of_length_1"/>
    <testcase time="0.00500000000000034" classname="Testing_mode_difference_functions" name="Check_comparision_of_non_equal_objects_aiming_for_differences_of_length_1"/>
    <testcase time="0.00599999999999978" classname="Testing_mode_difference_functions" name="Check_comparision_of_non_equal_objects_aiming_for_differences_of_length_1"/>
    <testcase time="0.004" classname="Testing_mode_difference_functions" name="Check_comparision_of_non_equal_objects_aiming_for_differences_of_length_1"/>
    <testcase time="0.004" classname="Testing_mode_difference_functions" name="Check_comparision_of_non_equal_objects_aiming_for_differences_of_length_1"/>
    <testcase time="0.00499999999999989" classname="Testing_mode_difference_functions" name="Check_comparision_of_non_equal_objects_aiming_for_differences_of_length_1"/>
    <testcase time="0.004" classname="Testing_mode_difference_functions" name="Check_comparision_of_non_equal_objects_aiming_for_differences_of_length_1"/>
    <testcase time="0.004" classname="Testing_mode_difference_functions" name="Check_comparision_of_non_equal_objects_aiming_for_differences_of_length_1"/>
    <testcase time="0.004" classname="Testing_mode_difference_functions" name="Check_comparision_of_non_equal_objects_aiming_for_differences_of_length_1"/>
    <testcase time="0.00600000000000023" classname="Testing_mode_difference_functions" name="Check_comparision_of_non_equal_objects_aiming_for_differences_of_length_1"/>
    <testcase time="0.004" classname="Testing_mode_difference_functions" name="Check_comparision_of_non_equal_objects_aiming_for_differences_of_length_1"/>
    <testcase time="0.004" classname="Testing_mode_difference_functions" name="Check_comparision_of_non_equal_objects_aiming_for_differences_of_length_1"/>
    <testcase time="0.00499999999999989" classname="Testing_mode_difference_functions" name="Check_comparision_of_non_equal_objects_aiming_for_differences_of_length_1"/>
    <testcase time="0.004" classname="Testing_mode_difference_functions" name="Check_comparision_of_non_equal_objects_aiming_for_differences_of_length_1"/>
    <testcase time="0.004" classname="Testing_mode_difference_functions" name="Check_comparision_of_non_equal_objects_aiming_for_differences_of_length_1"/>
    <testcase time="0.004" classname="Testing_mode_difference_functions" name="Check_comparision_of_non_equal_objects_aiming_for_differences_of_length_1"/>
    <testcase time="0.004" classname="Testing_mode_difference_functions" name="Check_comparision_of_non_equal_objects_aiming_for_differences_of_length_1"/>
    <testcase time="0.00600000000000023" classname="Testing_mode_difference_functions" name="Check_comparision_of_non_equal_objects_aiming_for_differences_of_length_1"/>
    <testcase time="0.00499999999999989" classname="Testing_mode_difference_functions" name="Check_comparision_of_non_equal_objects_aiming_for_differences_of_length_1"/>
    <testcase time="0.00399999999999956" classname="Testing_mode_difference_functions" name="Check_comparision_of_non_equal_objects_aiming_for_differences_of_length_1"/>
    <testcase time="0.00400000000000045" classname="Testing_mode_difference_functions" name="Check_comparision_of_non_equal_objects_aiming_for_differences_of_length_1"/>
    <testcase time="0.00399999999999956" classname="Testing_mode_difference_functions" name="Check_comparision_of_non_equal_objects_aiming_for_differences_of_length_1"/>
    <testcase time="0.00499999999999989" classname="Testing_mode_difference_functions" name="Check_comparision_of_non_equal_objects_aiming_for_differences_of_length_1"/>
    <testcase time="0.00400000000000045" classname="Testing_mode_difference_functions" name="Check_comparision_of_non_equal_objects_aiming_for_differences_of_length_1"/>
    <testcase time="0.00600000000000023" classname="Testing_mode_difference_functions" name="Check_comparision_of_non_equal_objects_aiming_for_differences_of_length_1"/>
    <testcase time="0.00499999999999989" classname="Testing_mode_difference_functions" name="Check_comparision_of_non_equal_objects_aiming_for_differences_of_length_1"/>
    <testcase time="0.00399999999999956" classname="Testing_mode_difference_functions" name="Check_comparision_of_non_equal_objects_aiming_for_differences_of_length_1"/>
    <testcase time="0.00400000000000045" classname="Testing_mode_difference_functions" name="Check_comparision_of_non_equal_objects_aiming_for_differences_of_length_1"/>
    <testcase time="0.00399999999999956" classname="Testing_mode_difference_functions" name="Check_comparision_of_non_equal_objects_aiming_for_differences_of_length_1"/>
    <testcase time="0.00600000000000023" classname="Testing_mode_difference_functions" name="Check_comparision_of_non_equal_objects_aiming_for_differences_of_length_2"/>
    <testcase time="0.00499999999999989" classname="Testing_mode_difference_functions" name="Check_comparision_of_non_equal_objects_aiming_for_differences_of_length_2"/>
    <testcase time="0.00400000000000045" classname="Testing_mode_difference_functions" name="Check_comparision_of_non_equal_objects_aiming_for_differences_of_length_2"/>
    <testcase time="0.00599999999999934" classname="Testing_mode_difference_functions" name="Check_comparision_of_non_equal_objects_aiming_for_differences_of_length_2"/>
    <testcase time="0.00500000000000078" classname="Testing_mode_difference_functions" name="Check_comparision_of_non_equal_objects_aiming_for_differences_of_length_2"/>
    <testcase time="0.00399999999999956" classname="Testing_mode_difference_functions" name="Check_comparision_of_non_equal_objects_aiming_for_differences_of_length_2"/>
    <testcase time="0.00400000000000045" classname="Testing_mode_difference_functions" name="Check_comparision_of_non_equal_objects_aiming_for_differences_of_length_2"/>
    <testcase time="0.0829999999999993" classname="Testing_mode_difference_functions" name="Check_comparision_of_equal_objects"/>
    <testcase time="0.00499999999999989" classname="Testing_mode_difference_functions" name="Check_comparision_of_equal_objects"/>
    <testcase time="0.00400000000000045" classname="Testing_mode_difference_functions" name="Check_comparision_of_equal_objects"/>
    <testcase time="0.00399999999999956" classname="Testing_mode_difference_functions" name="Check_comparision_of_equal_objects"/>
    <testcase time="0.00500000000000078" classname="Testing_mode_difference_functions" name="Check_comparision_of_equal_objects"/>
    <testcase time="0.00399999999999956" classname="Testing_mode_difference_functions" name="Check_comparision_of_equal_objects"/>
    <testcase time="0.00400000000000045" classname="Testing_mode_difference_functions" name="Check_comparision_of_equal_objects"/>
    <testcase time="0.00699999999999967" classname="Testing_mode_difference_functions" name="Check_comparision_of_equal_objects"/>
    <testcase time="0.00399999999999956" classname="Testing_mode_difference_functions" name="Check_comparision_of_equal_objects"/>
    <testcase time="0.00500000000000078" classname="Testing_mode_difference_functions" name="Check_comparision_of_equal_objects"/>
    <testcase time="0.00399999999999956" classname="Testing_mode_difference_functions" name="Check_comparision_of_equal_objects"/>
    <testcase time="0.00399999999999956" classname="Testing_mode_difference_functions" name="Check_comparision_of_equal_objects"/>
    <testcase time="0.00400000000000045" classname="Testing_mode_difference_functions" name="Check_comparision_of_equal_objects"/>
    <testcase time="0.00399999999999956" classname="Testing_mode_difference_functions" name="Check_comparision_of_equal_objects"/>
    <testcase time="0.00600000000000023" classname="Testing_mode_difference_functions" name="Check_comparision_of_equal_objects"/>
    <testcase time="0.00399999999999956" classname="Testing_mode_difference_functions" name="Check_comparision_of_equal_objects"/>
    <testcase time="0.00499999999999989" classname="Testing_mode_difference_functions" name="Check_comparision_of_equal_objects"/>
    <testcase time="0.00400000000000045" classname="Testing_mode_difference_functions" name="Check_comparision_of_equal_objects"/>
    <testcase time="0.00399999999999956" classname="Testing_mode_difference_functions" name="Check_comparision_of_equal_objects"/>
    <testcase time="0.00400000000000045" classname="Testing_mode_difference_functions" name="Check_comparision_of_equal_objects"/>
    <testcase time="0.00499999999999989" classname="Testing_mode_difference_functions" name="Check_comparision_of_equal_objects"/>
    <testcase time="0.00600000000000023" classname="Testing_mode_difference_functions" name="Check_comparision_of_equal_objects"/>
    <testcase time="0.00399999999999956" classname="Testing_mode_difference_functions" name="Check_comparision_of_equal_objects"/>
    <testcase time="0.00499999999999989" classname="Testing_mode_difference_functions" name="Check_comparision_of_equal_objects"/>
    <testcase time="0.00400000000000045" classname="Testing_mode_difference_functions" name="Check_comparision_of_equal_objects"/>
    <testcase time="0.00399999999999956" classname="Testing_mode_difference_functions" name="Check_comparision_of_equal_objects"/>
    <testcase time="0.00400000000000045" classname="Testing_mode_difference_functions" name="Check_comparision_of_equal_objects"/>
    <testcase time="0.00499999999999989" classname="Testing_mode_difference_functions" name="Check_comparision_of_equal_objects"/>
    <testcase time="0.00600000000000023" classname="Testing_mode_difference_functions" name="Check_comparision_of_equal_objects"/>
    <testcase time="0.00399999999999956" classname="Testing_mode_difference_functions" name="Check_comparision_of_equal_objects"/>
    <testcase time="0.00499999999999989" classname="Testing_mode_difference_functions" name="Check_comparision_of_equal_objects"/>
    <testcase time="0.00600000000000023" classname="Testing_mode_difference_functions" name="Check_comparision_of_non_equal_objects_aiming_for_differences_of_length_1"/>
    <testcase time="0.00400000000000045" classname="Testing_mode_difference_functions" name="Check_comparision_of_non_equal_objects_aiming_for_differences_of_length_1"/>
    <testcase time="0.00499999999999989" classname="Testing_mode_difference_functions" name="Check_comparision_of_non_equal_objects_aiming_for_differences_of_length_1"/>
    <testcase time="0.00399999999999956" classname="Testing_mode_difference_functions" name="Check_comparision_of_non_equal_objects_aiming_for_differences_of_length_1"/>
    <testcase time="0.00700000000000056" classname="Testing_mode_difference_functions" name="Check_comparision_of_non_equal_objects_aiming_for_differences_of_length_1"/>
    <testcase time="0.00399999999999956" classname="Testing_mode_difference_functions" name="Check_comparision_of_non_equal_objects_aiming_for_differences_of_length_1"/>
    <testcase time="0.00400000000000045" classname="Testing_mode_difference_functions" name="Check_comparision_of_non_equal_objects_aiming_for_differences_of_length_1"/>
    <testcase time="0.00499999999999989" classname="Testing_mode_difference_functions" name="Check_comparision_of_non_equal_objects_aiming_for_differences_of_length_1"/>
    <testcase time="0.00399999999999956" classname="Testing_mode_difference_functions" name="Check_comparision_of_non_equal_objects_aiming_for_differences_of_length_1"/>
    <testcase time="0.00499999999999989" classname="Testing_mode_difference_functions" name="Check_comparision_of_non_equal_objects_aiming_for_differences_of_length_1"/>
    <testcase time="0.00600000000000023" classname="Testing_mode_difference_functions" name="Check_comparision_of_non_equal_objects_aiming_for_differences_of_length_1"/>
    <testcase time="0.00400000000000045" classname="Testing_mode_difference_functions" name="Check_comparision_of_non_equal_objects_aiming_for_differences_of_length_1"/>
    <testcase time="0.00499999999999989" classname="Testing_mode_difference_functions" name="Check_comparision_of_non_equal_objects_aiming_for_differences_of_length_1"/>
    <testcase time="0.00399999999999956" classname="Testing_mode_difference_functions" name="Check_comparision_of_non_equal_objects_aiming_for_differences_of_length_1"/>
    <testcase time="0.00499999999999989" classname="Testing_mode_difference_functions" name="Check_comparision_of_non_equal_objects_aiming_for_differences_of_length_1"/>
    <testcase time="0.00400000000000045" classname="Testing_mode_difference_functions" name="Check_comparision_of_non_equal_objects_aiming_for_differences_of_length_1"/>
    <testcase time="0.00399999999999956" classname="Testing_mode_difference_functions" name="Check_comparision_of_non_equal_objects_aiming_for_differences_of_length_1"/>
    <testcase time="0.0590000000000002" classname="Testing_mode_difference_functions" name="Check_comparision_of_non_equal_objects_aiming_for_differences_of_length_1"/>
    <testcase time="0.00499999999999989" classname="Testing_mode_difference_functions" name="Check_comparision_of_non_equal_objects_aiming_for_differences_of_length_1"/>
    <testcase time="0.00400000000000045" classname="Testing_mode_difference_functions" name="Check_comparision_of_non_equal_objects_aiming_for_differences_of_length_1"/>
    <testcase time="0.00399999999999956" classname="Testing_mode_difference_functions" name="Check_comparision_of_non_equal_objects_aiming_for_differences_of_length_1"/>
    <testcase time="0.00499999999999989" classname="Testing_mode_difference_functions" name="Check_comparision_of_non_equal_objects_aiming_for_differences_of_length_1"/>
    <testcase time="0.00400000000000045" classname="Testing_mode_difference_functions" name="Check_comparision_of_non_equal_objects_aiming_for_differences_of_length_1"/>
    <testcase time="0.00499999999999989" classname="Testing_mode_difference_functions" name="Check_comparision_of_non_equal_objects_aiming_for_differences_of_length_1"/>
    <testcase time="0.00399999999999956" classname="Testing_mode_difference_functions" name="Check_comparision_of_non_equal_objects_aiming_for_differences_of_length_1"/>
    <testcase time="0.00500000000000078" classname="Testing_mode_difference_functions" name="Check_comparision_of_non_equal_objects_aiming_for_differences_of_length_1"/>
    <testcase time="0.00499999999999989" classname="Testing_mode_difference_functions" name="Check_comparision_of_non_equal_objects_aiming_for_differences_of_length_1"/>
    <testcase time="0.00599999999999934" classname="Testing_mode_difference_functions" name="Check_comparision_of_non_equal_objects_aiming_for_differences_of_length_1"/>
    <testcase time="0.00500000000000078" classname="Testing_mode_difference_functions" name="Check_comparision_of_non_equal_objects_aiming_for_differences_of_length_1"/>
    <testcase time="0.00599999999999934" classname="Testing_mode_difference_functions" name="Check_comparision_of_non_equal_objects_aiming_for_differences_of_length_1"/>
    <testcase time="0.00600000000000023" classname="Testing_mode_difference_functions" name="Check_comparision_of_non_equal_objects_aiming_for_differences_of_length_1"/>
    <testcase time="0.00600000000000023" classname="Testing_mode_difference_functions" name="Check_comparision_of_non_equal_objects_aiming_for_differences_of_length_1"/>
    <testcase time="0.00600000000000023" classname="Testing_mode_difference_functions" name="Check_comparision_of_non_equal_objects_aiming_for_differences_of_length_1"/>
    <testcase time="0.00499999999999989" classname="Testing_mode_difference_functions" name="Check_comparision_of_non_equal_objects_aiming_for_differences_of_length_1"/>
    <testcase time="0.00599999999999934" classname="Testing_mode_difference_functions" name="Check_comparision_of_non_equal_objects_aiming_for_differences_of_length_1"/>
    <testcase time="0.00600000000000023" classname="Testing_mode_difference_functions" name="Check_comparision_of_non_equal_objects_aiming_for_differences_of_length_1"/>
    <testcase time="0.00600000000000023" classname="Testing_mode_difference_functions" name="Check_comparision_of_non_equal_objects_aiming_for_differences_of_length_1"/>
    <testcase time="0.00999999999999979" classname="Testing_mode_difference_functions" name="Check_comparision_of_non_equal_objects_aiming_for_differences_of_length_2"/>
    <testcase time="0.00400000000000045" classname="Testing_mode_difference_functions" name="Check_comparision_of_non_equal_objects_aiming_for_differences_of_length_2"/>
    <testcase time="0.00499999999999989" classname="Testing_mode_difference_functions" name="Check_comparision_of_non_equal_objects_aiming_for_differences_of_length_2"/>
    <testcase time="0.00399999999999956" classname="Testing_mode_difference_functions" name="Check_comparision_of_non_equal_objects_aiming_for_differences_of_length_2"/>
    <testcase time="0.00499999999999989" classname="Testing_mode_difference_functions" name="Check_comparision_of_non_equal_objects_aiming_for_differences_of_length_2"/>
    <testcase time="0.00400000000000045" classname="Testing_mode_difference_functions" name="Check_comparision_of_non_equal_objects_aiming_for_differences_of_length_2"/>
    <testcase time="0.00499999999999989" classname="Testing_mode_difference_functions" name="Check_comparision_of_non_equal_objects_aiming_for_differences_of_length_2"/>
    <testcase time="0.0380000000000003" classname="Testing_mode_difference_functions" name="Check_comparision_of_equal_objects"/>
    <testcase time="0.00499999999999989" classname="Testing_mode_difference_functions" name="Check_comparision_of_equal_objects"/>
    <testcase time="0.00399999999999956" classname="Testing_mode_difference_functions" name="Check_comparision_of_equal_objects"/>
    <testcase time="0.00499999999999989" classname="Testing_mode_difference_functions" name="Check_comparision_of_equal_objects"/>
    <testcase time="0.00400000000000045" classname="Testing_mode_difference_functions" name="Check_comparision_of_equal_objects"/>
    <testcase time="0.00499999999999989" classname="Testing_mode_difference_functions" name="Check_comparision_of_equal_objects"/>
    <testcase time="0.00699999999999967" classname="Testing_mode_difference_functions" name="Check_comparision_of_equal_objects"/>
    <testcase time="0.00400000000000045" classname="Testing_mode_difference_functions" name="Check_comparision_of_equal_objects"/>
    <testcase time="0.00499999999999989" classname="Testing_mode_difference_functions" name="Check_comparision_of_equal_objects"/>
    <testcase time="0.00400000000000045" classname="Testing_mode_difference_functions" name="Check_comparision_of_equal_objects"/>
    <testcase time="0.00499999999999989" classname="Testing_mode_difference_functions" name="Check_comparision_of_equal_objects"/>
    <testcase time="0.00399999999999956" classname="Testing_mode_difference_functions" name="Check_comparision_of_equal_objects"/>
    <testcase time="0.00499999999999989" classname="Testing_mode_difference_functions" name="Check_comparision_of_equal_objects"/>
    <testcase time="0.00400000000000045" classname="Testing_mode_difference_functions" name="Check_comparision_of_equal_objects"/>
    <testcase time="0.00499999999999989" classname="Testing_mode_difference_functions" name="Check_comparision_of_equal_objects"/>
    <testcase time="0.00499999999999989" classname="Testing_mode_difference_functions" name="Check_comparision_of_equal_objects"/>
    <testcase time="0.00400000000000045" classname="Testing_mode_difference_functions" name="Check_comparision_of_equal_objects"/>
    <testcase time="0.00499999999999989" classname="Testing_mode_difference_functions" name="Check_comparision_of_equal_objects"/>
    <testcase time="0.00399999999999956" classname="Testing_mode_difference_functions" name="Check_comparision_of_equal_objects"/>
    <testcase time="0.00499999999999989" classname="Testing_mode_difference_functions" name="Check_comparision_of_equal_objects"/>
    <testcase time="0.00400000000000045" classname="Testing_mode_difference_functions" name="Check_comparision_of_equal_objects"/>
    <testcase time="0.00499999999999989" classname="Testing_mode_difference_functions" name="Check_comparision_of_equal_objects"/>
    <testcase time="0.00399999999999956" classname="Testing_mode_difference_functions" name="Check_comparision_of_equal_objects"/>
    <testcase time="0.00500000000000078" classname="Testing_mode_difference_functions" name="Check_comparision_of_equal_objects"/>
    <testcase time="0.00499999999999989" classname="Testing_mode_difference_functions" name="Check_comparision_of_equal_objects"/>
    <testcase time="0.00599999999999934" classname="Testing_mode_difference_functions" name="Check_comparision_of_equal_objects"/>
    <testcase time="0.00499999999999989" classname="Testing_mode_difference_functions" name="Check_comparision_of_equal_objects"/>
    <testcase time="0.00500000000000078" classname="Testing_mode_difference_functions" name="Check_comparision_of_equal_objects"/>
    <testcase time="0.00399999999999956" classname="Testing_mode_difference_functions" name="Check_comparision_of_equal_objects"/>
    <testcase time="0.00499999999999989" classname="Testing_mode_difference_functions" name="Check_comparision_of_equal_objects"/>
    <testcase time="0.00400000000000045" classname="Testing_mode_difference_functions" name="Check_comparision_of_equal_objects"/>
    <testcase time="0.00699999999999967" classname="Testing_mode_difference_functions" name="Check_comparision_of_non_equal_objects_aiming_for_differences_of_length_1"/>
    <testcase time="0.00499999999999989" classname="Testing_mode_difference_functions" name="Check_comparision_of_non_equal_objects_aiming_for_differences_of_length_1"/>
    <testcase time="0.00499999999999989" classname="Testing_mode_difference_functions" name="Check_comparision_of_non_equal_objects_aiming_for_differences_of_length_1"/>
    <testcase time="0.00400000000000045" classname="Testing_mode_difference_functions" name="Check_comparision_of_non_equal_objects_aiming_for_differences_of_length_1"/>
    <testcase time="0.00499999999999989" classname="Testing_mode_difference_functions" name="Check_comparision_of_non_equal_objects_aiming_for_differences_of_length_1"/>
    <testcase time="0.00499999999999989" classname="Testing_mode_difference_functions" name="Check_comparision_of_non_equal_objects_aiming_for_differences_of_length_1"/>
    <testcase time="0.00499999999999989" classname="Testing_mode_difference_functions" name="Check_comparision_of_non_equal_objects_aiming_for_differences_of_length_1"/>
    <testcase time="0.00400000000000045" classname="Testing_mode_difference_functions" name="Check_comparision_of_non_equal_objects_aiming_for_differences_of_length_1"/>
    <testcase time="0.00499999999999989" classname="Testing_mode_difference_functions" name="Check_comparision_of_non_equal_objects_aiming_for_differences_of_length_1"/>
    <testcase time="0.00499999999999989" classname="Testing_mode_difference_functions" name="Check_comparision_of_non_equal_objects_aiming_for_differences_of_length_1"/>
    <testcase time="0.00499999999999989" classname="Testing_mode_difference_functions" name="Check_comparision_of_non_equal_objects_aiming_for_differences_of_length_1"/>
    <testcase time="0.00400000000000045" classname="Testing_mode_difference_functions" name="Check_comparision_of_non_equal_objects_aiming_for_differences_of_length_1"/>
    <testcase time="0.00499999999999989" classname="Testing_mode_difference_functions" name="Check_comparision_of_non_equal_objects_aiming_for_differences_of_length_1"/>
    <testcase time="0.00699999999999967" classname="Testing_mode_difference_functions" name="Check_comparision_of_non_equal_objects_aiming_for_differences_of_length_1"/>
    <testcase time="0.00499999999999989" classname="Testing_mode_difference_functions" name="Check_comparision_of_non_equal_objects_aiming_for_differences_of_length_1"/>
    <testcase time="0.00499999999999989" classname="Testing_mode_difference_functions" name="Check_comparision_of_non_equal_objects_aiming_for_differences_of_length_1"/>
    <testcase time="0.00499999999999989" classname="Testing_mode_difference_functions" name="Check_comparision_of_non_equal_objects_aiming_for_differences_of_length_1"/>
    <testcase time="0.00400000000000045" classname="Testing_mode_difference_functions" name="Check_comparision_of_non_equal_objects_aiming_for_differences_of_length_1"/>
    <testcase time="0.00499999999999989" classname="Testing_mode_difference_functions" name="Check_comparision_of_non_equal_objects_aiming_for_differences_of_length_1"/>
    <testcase time="0.00499999999999989" classname="Testing_mode_difference_functions" name="Check_comparision_of_non_equal_objects_aiming_for_differences_of_length_1"/>
    <testcase time="0.00400000000000045" classname="Testing_mode_difference_functions" name="Check_comparision_of_non_equal_objects_aiming_for_differences_of_length_1"/>
    <testcase time="0.00499999999999989" classname="Testing_mode_difference_functions" name="Check_comparision_of_non_equal_objects_aiming_for_differences_of_length_1"/>
    <testcase time="0.00499999999999989" classname="Testing_mode_difference_functions" name="Check_comparision_of_non_equal_objects_aiming_for_differences_of_length_1"/>
    <testcase time="0.00399999999999956" classname="Testing_mode_difference_functions" name="Check_comparision_of_non_equal_objects_aiming_for_differences_of_length_1"/>
    <testcase time="0.00499999999999989" classname="Testing_mode_difference_functions" name="Check_comparision_of_non_equal_objects_aiming_for_differences_of_length_1"/>
    <testcase time="0.00500000000000078" classname="Testing_mode_difference_functions" name="Check_comparision_of_non_equal_objects_aiming_for_differences_of_length_1"/>
    <testcase time="0.00399999999999956" classname="Testing_mode_difference_functions" name="Check_comparision_of_non_equal_objects_aiming_for_differences_of_length_1"/>
    <testcase time="0.00499999999999989" classname="Testing_mode_difference_functions" name="Check_comparision_of_non_equal_objects_aiming_for_differences_of_length_1"/>
    <testcase time="0.00499999999999989" classname="Testing_mode_difference_functions" name="Check_comparision_of_non_equal_objects_aiming_for_differences_of_length_1"/>
    <testcase time="0.00400000000000045" classname="Testing_mode_difference_functions" name="Check_comparision_of_non_equal_objects_aiming_for_differences_of_length_1"/>
    <testcase time="0.00499999999999989" classname="Testing_mode_difference_functions" name="Check_comparision_of_non_equal_objects_aiming_for_differences_of_length_1"/>
    <testcase time="0.00699999999999967" classname="Testing_mode_difference_functions" name="Check_comparision_of_non_equal_objects_aiming_for_differences_of_length_1"/>
    <testcase time="0.00499999999999989" classname="Testing_mode_difference_functions" name="Check_comparision_of_non_equal_objects_aiming_for_differences_of_length_1"/>
    <testcase time="0.00500000000000078" classname="Testing_mode_difference_functions" name="Check_comparision_of_non_equal_objects_aiming_for_differences_of_length_1"/>
    <testcase time="0.00399999999999956" classname="Testing_mode_difference_functions" name="Check_comparision_of_non_equal_objects_aiming_for_differences_of_length_1"/>
    <testcase time="0.00499999999999989" classname="Testing_mode_difference_functions" name="Check_comparision_of_non_equal_objects_aiming_for_differences_of_length_1"/>
    <testcase time="0.00499999999999989" classname="Testing_mode_difference_functions" name="Check_comparision_of_non_equal_objects_aiming_for_differences_of_length_1"/>
    <testcase time="0.00700000000000056" classname="Testing_mode_difference_functions" name="Check_comparision_of_non_equal_objects_aiming_for_differences_of_length_2"/>
    <testcase time="0.00499999999999989" classname="Testing_mode_difference_functions" name="Check_comparision_of_non_equal_objects_aiming_for_differences_of_length_2"/>
    <testcase time="0.00399999999999956" classname="Testing_mode_difference_functions" name="Check_comparision_of_non_equal_objects_aiming_for_differences_of_length_2"/>
    <testcase time="0.00499999999999989" classname="Testing_mode_difference_functions" name="Check_comparision_of_non_equal_objects_aiming_for_differences_of_length_2"/>
    <testcase time="0.00500000000000078" classname="Testing_mode_difference_functions" name="Check_comparision_of_non_equal_objects_aiming_for_differences_of_length_2"/>
    <testcase time="0.00499999999999989" classname="Testing_mode_difference_functions" name="Check_comparision_of_non_equal_objects_aiming_for_differences_of_length_2"/>
    <testcase time="0.00399999999999956" classname="Testing_mode_difference_functions" name="Check_comparision_of_non_equal_objects_aiming_for_differences_of_length_2"/>
    <testcase time="0.0419999999999998" classname="Testing_mode_difference_functions" name="Check_comparision_of_equal_objects"/>
    <testcase time="0.00400000000000045" classname="Testing_mode_difference_functions" name="Check_comparision_of_equal_objects"/>
    <testcase time="0.00499999999999989" classname="Testing_mode_difference_functions" name="Check_comparision_of_equal_objects"/>
    <testcase time="0.00499999999999989" classname="Testing_mode_difference_functions" name="Check_comparision_of_equal_objects"/>
    <testcase time="0.00499999999999989" classname="Testing_mode_difference_functions" name="Check_comparision_of_equal_objects"/>
    <testcase time="0.00499999999999989" classname="Testing_mode_difference_functions" name="Check_comparision_of_equal_objects"/>
    <testcase time="0.00499999999999989" classname="Testing_mode_difference_functions" name="Check_comparision_of_equal_objects"/>
    <testcase time="0.00400000000000045" classname="Testing_mode_difference_functions" name="Check_comparision_of_equal_objects"/>
    <testcase time="0.00499999999999989" classname="Testing_mode_difference_functions" name="Check_comparision_of_equal_objects"/>
    <testcase time="0.00499999999999989" classname="Testing_mode_difference_functions" name="Check_comparision_of_equal_objects"/>
    <testcase time="0.00499999999999989" classname="Testing_mode_difference_functions" name="Check_comparision_of_equal_objects"/>
    <testcase time="0.00400000000000045" classname="Testing_mode_difference_functions" name="Check_comparision_of_equal_objects"/>
    <testcase time="0.00499999999999989" classname="Testing_mode_difference_functions" name="Check_comparision_of_equal_objects"/>
    <testcase time="0.00499999999999989" classname="Testing_mode_difference_functions" name="Check_comparision_of_equal_objects"/>
    <testcase time="0.00499999999999989" classname="Testing_mode_difference_functions" name="Check_comparision_of_equal_objects"/>
    <testcase time="0.00499999999999989" classname="Testing_mode_difference_functions" name="Check_comparision_of_equal_objects"/>
    <testcase time="0.00400000000000045" classname="Testing_mode_difference_functions" name="Check_comparision_of_equal_objects"/>
    <testcase time="0.00800000000000001" classname="Testing_mode_difference_functions" name="Check_comparision_of_equal_objects"/>
    <testcase time="0.00499999999999989" classname="Testing_mode_difference_functions" name="Check_comparision_of_equal_objects"/>
    <testcase time="0.00399999999999956" classname="Testing_mode_difference_functions" name="Check_comparision_of_equal_objects"/>
    <testcase time="0.00499999999999989" classname="Testing_mode_difference_functions" name="Check_comparision_of_equal_objects"/>
    <testcase time="0.00500000000000078" classname="Testing_mode_difference_functions" name="Check_comparision_of_equal_objects"/>
    <testcase time="0.00499999999999989" classname="Testing_mode_difference_functions" name="Check_comparision_of_equal_objects"/>
    <testcase time="0.00499999999999989" classname="Testing_mode_difference_functions" name="Check_comparision_of_equal_objects"/>
    <testcase time="0.00499999999999989" classname="Testing_mode_difference_functions" name="Check_comparision_of_equal_objects"/>
    <testcase time="0.00399999999999956" classname="Testing_mode_difference_functions" name="Check_comparision_of_equal_objects"/>
    <testcase time="0.00500000000000078" classname="Testing_mode_difference_functions" name="Check_comparision_of_equal_objects"/>
    <testcase time="0.00499999999999989" classname="Testing_mode_difference_functions" name="Check_comparision_of_equal_objects"/>
    <testcase time="0.00499999999999989" classname="Testing_mode_difference_functions" name="Check_comparision_of_equal_objects"/>
    <testcase time="0.00499999999999989" classname="Testing_mode_difference_functions" name="Check_comparision_of_equal_objects"/>
    <testcase time="0.00499999999999989" classname="Testing_mode_difference_functions" name="Check_comparision_of_equal_objects"/>
    <testcase time="0.00699999999999967" classname="Testing_mode_difference_functions" name="Check_comparision_of_non_equal_objects_aiming_for_differences_of_length_1"/>
    <testcase time="0.00400000000000045" classname="Testing_mode_difference_functions" name="Check_comparision_of_non_equal_objects_aiming_for_differences_of_length_1"/>
    <testcase time="0.00499999999999989" classname="Testing_mode_difference_functions" name="Check_comparision_of_non_equal_objects_aiming_for_differences_of_length_1"/>
    <testcase time="0.00800000000000001" classname="Testing_mode_difference_functions" name="Check_comparision_of_non_equal_objects_aiming_for_differences_of_length_1"/>
    <testcase time="0.00499999999999989" classname="Testing_mode_difference_functions" name="Check_comparision_of_non_equal_objects_aiming_for_differences_of_length_1"/>
    <testcase time="0.00499999999999989" classname="Testing_mode_difference_functions" name="Check_comparision_of_non_equal_objects_aiming_for_differences_of_length_1"/>
    <testcase time="0.00499999999999989" classname="Testing_mode_difference_functions" name="Check_comparision_of_non_equal_objects_aiming_for_differences_of_length_1"/>
    <testcase time="0.00400000000000045" classname="Testing_mode_difference_functions" name="Check_comparision_of_non_equal_objects_aiming_for_differences_of_length_1"/>
    <testcase time="0.00499999999999989" classname="Testing_mode_difference_functions" name="Check_comparision_of_non_equal_objects_aiming_for_differences_of_length_1"/>
    <testcase time="0.00600000000000023" classname="Testing_mode_difference_functions" name="Check_comparision_of_non_equal_objects_aiming_for_differences_of_length_1"/>
    <testcase time="0.00499999999999989" classname="Testing_mode_difference_functions" name="Check_comparision_of_non_equal_objects_aiming_for_differences_of_length_1"/>
    <testcase time="0.00399999999999956" classname="Testing_mode_difference_functions" name="Check_comparision_of_non_equal_objects_aiming_for_differences_of_length_1"/>
    <testcase time="0.00500000000000078" classname="Testing_mode_difference_functions" name="Check_comparision_of_non_equal_objects_aiming_for_differences_of_length_1"/>
    <testcase time="0.00499999999999989" classname="Testing_mode_difference_functions" name="Check_comparision_of_non_equal_objects_aiming_for_differences_of_length_1"/>
    <testcase time="0.00599999999999934" classname="Testing_mode_difference_functions" name="Check_comparision_of_non_equal_objects_aiming_for_differences_of_length_1"/>
    <testcase time="0.00400000000000045" classname="Testing_mode_difference_functions" name="Check_comparision_of_non_equal_objects_aiming_for_differences_of_length_1"/>
    <testcase time="0.00499999999999989" classname="Testing_mode_difference_functions" name="Check_comparision_of_non_equal_objects_aiming_for_differences_of_length_1"/>
    <testcase time="0.00499999999999989" classname="Testing_mode_difference_functions" name="Check_comparision_of_non_equal_objects_aiming_for_differences_of_length_1"/>
    <testcase time="0.00499999999999989" classname="Testing_mode_difference_functions" name="Check_comparision_of_non_equal_objects_aiming_for_differences_of_length_1"/>
    <testcase time="0.00499999999999989" classname="Testing_mode_difference_functions" name="Check_comparision_of_non_equal_objects_aiming_for_differences_of_length_1"/>
    <testcase time="0.00700000000000056" classname="Testing_mode_difference_functions" name="Check_comparision_of_non_equal_objects_aiming_for_differences_of_length_1"/>
    <testcase time="0.00499999999999989" classname="Testing_mode_difference_functions" name="Check_comparision_of_non_equal_objects_aiming_for_differences_of_length_1"/>
    <testcase time="0.00499999999999989" classname="Testing_mode_difference_functions" name="Check_comparision_of_non_equal_objects_aiming_for_differences_of_length_1"/>
    <testcase time="0.00499999999999989" classname="Testing_mode_difference_functions" name="Check_comparision_of_non_equal_objects_aiming_for_differences_of_length_1"/>
    <testcase time="0.00499999999999989" classname="Testing_mode_difference_functions" name="Check_comparision_of_non_equal_objects_aiming_for_differences_of_length_1"/>
    <testcase time="0.00499999999999989" classname="Testing_mode_difference_functions" name="Check_comparision_of_non_equal_objects_aiming_for_differences_of_length_1"/>
    <testcase time="0.00499999999999989" classname="Testing_mode_difference_functions" name="Check_comparision_of_non_equal_objects_aiming_for_differences_of_length_1"/>
    <testcase time="0.00500000000000078" classname="Testing_mode_difference_functions" name="Check_comparision_of_non_equal_objects_aiming_for_differences_of_length_1"/>
    <testcase time="0.00499999999999989" classname="Testing_mode_difference_functions" name="Check_comparision_of_non_equal_objects_aiming_for_differences_of_length_1"/>
    <testcase time="0.00499999999999989" classname="Testing_mode_difference_functions" name="Check_comparision_of_non_equal_objects_aiming_for_differences_of_length_1"/>
    <testcase time="0.00499999999999989" classname="Testing_mode_difference_functions" name="Check_comparision_of_non_equal_objects_aiming_for_differences_of_length_1"/>
    <testcase time="0.00499999999999989" classname="Testing_mode_difference_functions" name="Check_comparision_of_non_equal_objects_aiming_for_differences_of_length_1"/>
    <testcase time="0.00400000000000045" classname="Testing_mode_difference_functions" name="Check_comparision_of_non_equal_objects_aiming_for_differences_of_length_1"/>
    <testcase time="0.00599999999999934" classname="Testing_mode_difference_functions" name="Check_comparision_of_non_equal_objects_aiming_for_differences_of_length_1"/>
    <testcase time="0.00499999999999989" classname="Testing_mode_difference_functions" name="Check_comparision_of_non_equal_objects_aiming_for_differences_of_length_1"/>
    <testcase time="0.00500000000000078" classname="Testing_mode_difference_functions" name="Check_comparision_of_non_equal_objects_aiming_for_differences_of_length_1"/>
    <testcase time="0.00499999999999989" classname="Testing_mode_difference_functions" name="Check_comparision_of_non_equal_objects_aiming_for_differences_of_length_1"/>
    <testcase time="0.00999999999999979" classname="Testing_mode_difference_functions" name="Check_comparision_of_non_equal_objects_aiming_for_differences_of_length_2"/>
    <testcase time="0.00499999999999989" classname="Testing_mode_difference_functions" name="Check_comparision_of_non_equal_objects_aiming_for_differences_of_length_2"/>
    <testcase time="0.00499999999999989" classname="Testing_mode_difference_functions" name="Check_comparision_of_non_equal_objects_aiming_for_differences_of_length_2"/>
    <testcase time="0.00499999999999989" classname="Testing_mode_difference_functions" name="Check_comparision_of_non_equal_objects_aiming_for_differences_of_length_2"/>
    <testcase time="0.00499999999999989" classname="Testing_mode_difference_functions" name="Check_comparision_of_non_equal_objects_aiming_for_differences_of_length_2"/>
    <testcase time="0.00499999999999989" classname="Testing_mode_difference_functions" name="Check_comparision_of_non_equal_objects_aiming_for_differences_of_length_2"/>
    <testcase time="0.00500000000000078" classname="Testing_mode_difference_functions" name="Check_comparision_of_non_equal_objects_aiming_for_differences_of_length_2"/>
  </testsuite>
  <testsuite name="Testing diffdf_issuerows" timestamp="2024-04-05T15:00:06Z" hostname="abfe8cca7817" tests="47" skipped="0" failures="0" errors="0" time="0.228">
    <testcase time="0.024" classname="Testing_diffdf_issuerows" name="Equal_datasets_return_no_rows"/>
    <testcase time="0.000999999999999446" classname="Testing_diffdf_issuerows" name="Equal_datasets_return_no_rows"/>
    <testcase time="0.0200000000000005" classname="Testing_diffdf_issuerows" name="Checking_no_rows_returned_if_only_issue_is_missing_cols"/>
    <testcase time="0.000999999999999446" classname="Testing_diffdf_issuerows" name="Checking_no_rows_returned_if_only_issue_is_missing_cols"/>
    <testcase time="0.00200000000000067" classname="Testing_diffdf_issuerows" name="Checking_no_rows_returned_if_only_issue_is_missing_cols"/>
    <testcase time="0.000999999999999446" classname="Testing_diffdf_issuerows" name="Checking_no_rows_returned_if_only_issue_is_missing_cols"/>
    <testcase time="0.00199999999999978" classname="Testing_diffdf_issuerows" name="Checking_no_rows_returned_if_only_issue_is_missing_cols"/>
    <testcase time="0.0230000000000006" classname="Testing_diffdf_issuerows" name="Checking_no_rows_returned_if_only_issue_is_missing_rows"/>
    <testcase time="0.000999999999999446" classname="Testing_diffdf_issuerows" name="Checking_no_rows_returned_if_only_issue_is_missing_rows"/>
    <testcase time="0.00100000000000033" classname="Testing_diffdf_issuerows" name="Checking_no_rows_returned_if_only_issue_is_missing_rows"/>
    <testcase time="0.00199999999999978" classname="Testing_diffdf_issuerows" name="Checking_no_rows_returned_if_only_issue_is_missing_rows"/>
    <testcase time="0.00100000000000033" classname="Testing_diffdf_issuerows" name="Checking_no_rows_returned_if_only_issue_is_missing_rows"/>
    <testcase time="0.0209999999999999" classname="Testing_diffdf_issuerows" name="Checking_no_rows_returned_if_only_issue_is_different_attribs"/>
    <testcase time="0.00100000000000033" classname="Testing_diffdf_issuerows" name="Checking_no_rows_returned_if_only_issue_is_different_attribs"/>
    <testcase time="0.000999999999999446" classname="Testing_diffdf_issuerows" name="Checking_no_rows_returned_if_only_issue_is_different_attribs"/>
    <testcase time="0.00100000000000033" classname="Testing_diffdf_issuerows" name="Checking_no_rows_returned_if_only_issue_is_different_attribs"/>
    <testcase time="0.000999999999999446" classname="Testing_diffdf_issuerows" name="Checking_no_rows_returned_if_only_issue_is_different_attribs"/>
    <testcase time="0.0209999999999999" classname="Testing_diffdf_issuerows" name="Checking_correct_values_return_where_value_differences_are_found"/>
    <testcase time="0.00100000000000033" classname="Testing_diffdf_issuerows" name="Checking_correct_values_return_where_value_differences_are_found"/>
    <testcase time="0.000999999999999446" classname="Testing_diffdf_issuerows" name="Checking_correct_values_return_where_value_differences_are_found"/>
    <testcase time="0.00200000000000067" classname="Testing_diffdf_issuerows" name="Checking_correct_values_return_where_value_differences_are_found"/>
    <testcase time="0.000999999999999446" classname="Testing_diffdf_issuerows" name="Checking_correct_values_return_where_value_differences_are_found"/>
    <testcase time="0.00200000000000067" classname="Testing_diffdf_issuerows" name="Checking_correct_values_return_where_value_differences_are_found"/>
    <testcase time="0.00299999999999923" classname="Testing_diffdf_issuerows" name="Checking_correct_values_return_where_value_differences_are_found"/>
    <testcase time="0.0330000000000004" classname="Testing_diffdf_issuerows" name="can_handle_multple_errors_including_key_vars"/>
    <testcase time="0.00100000000000033" classname="Testing_diffdf_issuerows" name="can_handle_multple_errors_including_key_vars"/>
    <testcase time="0.000999999999999446" classname="Testing_diffdf_issuerows" name="can_handle_multple_errors_including_key_vars"/>
    <testcase time="0.00100000000000033" classname="Testing_diffdf_issuerows" name="can_handle_multple_errors_including_key_vars"/>
    <testcase time="0.00100000000000033" classname="Testing_diffdf_issuerows" name="can_handle_multple_errors_including_key_vars"/>
    <testcase time="0.00399999999999956" classname="Testing_diffdf_issuerows" name="can_handle_multple_errors_including_key_vars"/>
    <testcase time="0.00100000000000033" classname="Testing_diffdf_issuerows" name="can_handle_multple_errors_including_key_vars"/>
    <testcase time="0.00199999999999978" classname="Testing_diffdf_issuerows" name="can_handle_multple_errors_including_key_vars"/>
    <testcase time="0.00100000000000033" classname="Testing_diffdf_issuerows" name="can_handle_multple_errors_including_key_vars"/>
    <testcase time="0.000999999999999446" classname="Testing_diffdf_issuerows" name="can_handle_multple_errors_including_key_vars"/>
    <testcase time="0.00300000000000011" classname="Testing_diffdf_issuerows" name="can_handle_multple_errors_including_key_vars"/>
    <testcase time="0.00199999999999978" classname="Testing_diffdf_issuerows" name="can_handle_multple_errors_including_key_vars"/>
    <testcase time="0.00400000000000045" classname="Testing_diffdf_issuerows" name="can_handle_multple_errors_including_key_vars"/>
    <testcase time="0.00199999999999978" classname="Testing_diffdf_issuerows" name="can_handle_multple_errors_including_key_vars"/>
    <testcase time="0.00100000000000033" classname="Testing_diffdf_issuerows" name="can_handle_multple_errors_including_key_vars"/>
    <testcase time="0.000999999999999446" classname="Testing_diffdf_issuerows" name="can_handle_multple_errors_including_key_vars"/>
    <testcase time="0.00100000000000033" classname="Testing_diffdf_issuerows" name="can_handle_multple_errors_including_key_vars"/>
    <testcase time="0.00499999999999989" classname="Testing_diffdf_issuerows" name="can_handle_multple_errors_including_key_vars"/>
    <testcase time="0.0220000000000002" classname="Testing_diffdf_issuerows" name="Correct_columns_are_returned_where_both_values_and_columns_have_issues"/>
    <testcase time="0.000999999999999446" classname="Testing_diffdf_issuerows" name="Correct_columns_are_returned_where_both_values_and_columns_have_issues"/>
    <testcase time="0.00100000000000033" classname="Testing_diffdf_issuerows" name="Correct_columns_are_returned_where_both_values_and_columns_have_issues"/>
    <testcase time="0.00100000000000033" classname="Testing_diffdf_issuerows" name="Correct_columns_are_returned_where_both_values_and_columns_have_issues"/>
    <testcase time="0.00299999999999923" classname="Testing_diffdf_issuerows" name="Correct_columns_are_returned_where_both_values_and_columns_have_issues"/>
  </testsuite>
  <testsuite name="Testing misc (currently sorting only)" timestamp="2024-04-05T15:00:06Z" hostname="abfe8cca7817" tests="4" skipped="0" failures="0" errors="0" time="0.036">
    <testcase time="0.0260000000000007" classname="Testing_misc_currently_sorting_only_" name="sort_order_is_as_expected_sorted_by_keys_"/>
    <testcase time="0.00199999999999978" classname="Testing_misc_currently_sorting_only_" name="sort_order_is_as_expected_sorted_by_keys_"/>
    <testcase time="0.00300000000000011" classname="Testing_misc_currently_sorting_only_" name="sort_order_is_as_expected_sorted_by_keys_"/>
    <testcase time="0.00499999999999989" classname="Testing_misc_currently_sorting_only_" name="sort_order_is_as_expected_sorted_by_keys_"/>
  </testsuite>
  <testsuite name="Testing print functionality" timestamp="2024-04-05T15:00:06Z" hostname="abfe8cca7817" tests="21" skipped="0" failures="0" errors="0" time="0.482">
    <testcase time="0.459" classname="Testing_print_functionality" name="_unnamed_"/>
    <testcase time="0.00100000000000033" classname="Testing_print_functionality" name="_unnamed_"/>
    <testcase time="0.00100000000000033" classname="Testing_print_functionality" name="_unnamed_"/>
    <testcase time="0.000999999999999446" classname="Testing_print_functionality" name="_unnamed_"/>
    <testcase time="0.00100000000000033" classname="Testing_print_functionality" name="_unnamed_"/>
    <testcase time="0.00100000000000033" classname="Testing_print_functionality" name="_unnamed_"/>
    <testcase time="0.000999999999999446" classname="Testing_print_functionality" name="_unnamed_"/>
    <testcase time="0.00100000000000033" classname="Testing_print_functionality" name="_unnamed_"/>
    <testcase time="0.000999999999999446" classname="Testing_print_functionality" name="_unnamed_"/>
    <testcase time="0.00100000000000033" classname="Testing_print_functionality" name="_unnamed_"/>
    <testcase time="0.00100000000000033" classname="Testing_print_functionality" name="_unnamed_"/>
    <testcase time="0.000999999999999446" classname="Testing_print_functionality" name="_unnamed_"/>
    <testcase time="0.00400000000000045" classname="Testing_print_functionality" name="_unnamed_"/>
    <testcase time="0.000999999999999446" classname="Testing_print_functionality" name="_unnamed_"/>
    <testcase time="0.00100000000000033" classname="Testing_print_functionality" name="_unnamed_"/>
    <testcase time="0.00100000000000033" classname="Testing_print_functionality" name="_unnamed_"/>
    <testcase time="0.000999999999999446" classname="Testing_print_functionality" name="_unnamed_"/>
    <testcase time="0.00100000000000033" classname="Testing_print_functionality" name="_unnamed_"/>
    <testcase time="0.000999999999999446" classname="Testing_print_functionality" name="_unnamed_"/>
    <testcase time="0.00100000000000033" classname="Testing_print_functionality" name="_unnamed_"/>
    <testcase time="0.00100000000000033" classname="Testing_print_functionality" name="_unnamed_"/>
  </testsuite>
</testsuites>
