<?xml version="1.0" encoding="UTF-8"?>
<testsuites>
  <testsuite name="cast_variables" timestamp="2024-07-18T14:50:51Z" hostname="26b2f8869a17" tests="8" skipped="0" failures="0" errors="0" time="0.067">
    <testcase time="0.018" classname="cast_variables" name="Factor_cast_to_character_no_other_changes_"/>
    <testcase time="0.021" classname="cast_variables" name="Factor_cast_to_character_no_other_changes_"/>
    <testcase time="0.01" classname="cast_variables" name="Factor_cast_to_character_no_other_changes_"/>
    <testcase time="0.003" classname="cast_variables" name="Factor_cast_to_character_no_other_changes_"/>
    <testcase time="0.00600000000000001" classname="cast_variables" name="Int_cast_to_numeric_no_other_changes_"/>
    <testcase time="0.003" classname="cast_variables" name="Int_cast_to_numeric_no_other_changes_"/>
    <testcase time="0.004" classname="cast_variables" name="Int_cast_to_numeric_no_other_changes_"/>
    <testcase time="0.002" classname="cast_variables" name="Int_cast_to_numeric_no_other_changes_"/>
  </testsuite>
  <testsuite name="class_compare" timestamp="2024-07-18T14:50:51Z" hostname="26b2f8869a17" tests="8" skipped="1" failures="0" errors="0" time="0.288">
    <testcase time="0.0409999999999999" classname="class_compare" name="Class_comparison_works_as_expected_when_enabled"/>
    <testcase time="0.029" classname="class_compare" name="Class_comparison_works_as_expected_when_enabled"/>
    <testcase time="0.025" classname="class_compare" name="Class_comparison_works_as_expected_when_enabled"/>
    <testcase time="0.073" classname="class_compare" name="Class_comparison_works_as_expected_when_enabled">
      <skipped message="Reason: On CRAN ('test-class_compare.R:21:5')"/>
    </testcase>
    <testcase time="0.0479999999999999" classname="class_compare" name="Class_comparison_works_as_expected_when_disabled"/>
    <testcase time="0.022" classname="class_compare" name="Class_comparison_works_as_expected_when_disabled"/>
    <testcase time="0.0270000000000001" classname="class_compare" name="Class_comparison_works_as_expected_when_disabled"/>
    <testcase time="0.0229999999999999" classname="class_compare" name="Class_comparison_works_as_expected_when_disabled"/>
  </testsuite>
  <testsuite name="core" timestamp="2024-07-18T14:50:51Z" hostname="26b2f8869a17" tests="100" skipped="0" failures="0" errors="0" time="2.561">
    <testcase time="0.0430000000000001" classname="core" name="Check_comparision_of_equal_objects"/>
    <testcase time="0.0259999999999998" classname="core" name="Check_comparision_of_equal_objects"/>
    <testcase time="0.0249999999999999" classname="core" name="Check_comparision_of_equal_objects"/>
    <testcase time="0.0250000000000001" classname="core" name="Check_comparision_of_equal_objects"/>
    <testcase time="0.048" classname="core" name="Check_comparision_of_equal_objects"/>
    <testcase time="0.0269999999999999" classname="core" name="Check_comparision_of_equal_objects"/>
    <testcase time="0.024" classname="core" name="Check_comparision_of_equal_objects"/>
    <testcase time="0.0269999999999999" classname="core" name="Check_comparision_of_equal_objects"/>
    <testcase time="0.0270000000000001" classname="core" name="Check_comparision_of_equal_objects"/>
    <testcase time="0.024" classname="core" name="Check_comparision_of_equal_objects"/>
    <testcase time="0.0279999999999998" classname="core" name="Check_comparision_of_equal_objects"/>
    <testcase time="0.0230000000000001" classname="core" name="Check_comparision_of_equal_objects"/>
    <testcase time="0.024" classname="core" name="Check_comparision_of_equal_objects"/>
    <testcase time="0.026" classname="core" name="Check_comparision_of_equal_objects"/>
    <testcase time="0.024" classname="core" name="Check_comparision_of_equal_objects"/>
    <testcase time="0.0269999999999999" classname="core" name="Check_comparision_of_equal_objects"/>
    <testcase time="0.0269999999999999" classname="core" name="Check_comparision_of_equal_objects"/>
    <testcase time="0.024" classname="core" name="Check_comparision_of_equal_objects"/>
    <testcase time="0.028" classname="core" name="Check_comparision_of_equal_objects"/>
    <testcase time="0.0349999999999999" classname="core" name="Unequal_objects_raise_warnings"/>
    <testcase time="0.032" classname="core" name="Unequal_objects_raise_warnings"/>
    <testcase time="0.0309999999999999" classname="core" name="Unequal_objects_raise_warnings"/>
    <testcase time="0.0290000000000001" classname="core" name="Unequal_objects_raise_warnings"/>
    <testcase time="0.0309999999999999" classname="core" name="Unequal_objects_raise_warnings"/>
    <testcase time="0.0309999999999999" classname="core" name="Unequal_objects_raise_warnings"/>
    <testcase time="0.0330000000000001" classname="core" name="Unequal_objects_raise_warnings"/>
    <testcase time="0.028" classname="core" name="Unequal_objects_raise_warnings"/>
    <testcase time="0.0309999999999999" classname="core" name="Unequal_objects_raise_warnings"/>
    <testcase time="0.0309999999999999" classname="core" name="Unequal_objects_raise_warnings"/>
    <testcase time="0.0310000000000001" classname="core" name="Unequal_objects_raise_warnings"/>
    <testcase time="0.0309999999999999" classname="core" name="Unequal_objects_raise_warnings"/>
    <testcase time="0.028" classname="core" name="Unequal_objects_raise_warnings"/>
    <testcase time="0.0310000000000001" classname="core" name="Unequal_objects_raise_warnings"/>
    <testcase time="0.0379999999999998" classname="core" name="Unequal_objects_raise_warnings"/>
    <testcase time="0.0380000000000003" classname="core" name="Unequal_objects_raise_warnings"/>
    <testcase time="0.0369999999999999" classname="core" name="Unequal_objects_raise_warnings"/>
    <testcase time="0.0310000000000001" classname="core" name="Unequal_objects_raise_warnings"/>
    <testcase time="0.0329999999999999" classname="core" name="Unequal_object_checking_numbers_correct"/>
    <testcase time="0.00300000000000011" classname="core" name="Unequal_object_checking_numbers_correct"/>
    <testcase time="0.00499999999999989" classname="core" name="Unequal_object_checking_numbers_correct"/>
    <testcase time="0.0329999999999999" classname="core" name="Unequal_object_checking_numbers_correct"/>
    <testcase time="0.00300000000000011" classname="core" name="Unequal_object_checking_numbers_correct"/>
    <testcase time="0.004" classname="core" name="Unequal_object_checking_numbers_correct"/>
    <testcase time="0.0299999999999998" classname="core" name="Unequal_object_checking_numbers_correct"/>
    <testcase time="0.00300000000000011" classname="core" name="Unequal_object_checking_numbers_correct"/>
    <testcase time="0.00300000000000011" classname="core" name="Unequal_object_checking_numbers_correct"/>
    <testcase time="0.0299999999999998" classname="core" name="Unequal_object_checking_numbers_correct"/>
    <testcase time="0.00300000000000011" classname="core" name="Unequal_object_checking_numbers_correct"/>
    <testcase time="0.00300000000000011" classname="core" name="Unequal_object_checking_numbers_correct"/>
    <testcase time="0.0299999999999998" classname="core" name="Unequal_object_checking_numbers_correct"/>
    <testcase time="0.00300000000000011" classname="core" name="Unequal_object_checking_numbers_correct"/>
    <testcase time="0.00300000000000011" classname="core" name="Unequal_object_checking_numbers_correct"/>
    <testcase time="0.028" classname="core" name="Unequal_object_checking_numbers_correct"/>
    <testcase time="0.00599999999999978" classname="core" name="Unequal_object_checking_numbers_correct"/>
    <testcase time="0.00300000000000011" classname="core" name="Unequal_object_checking_numbers_correct"/>
    <testcase time="0.0269999999999997" classname="core" name="Unequal_object_checking_numbers_correct"/>
    <testcase time="0.00300000000000011" classname="core" name="Unequal_object_checking_numbers_correct"/>
    <testcase time="0.00300000000000011" classname="core" name="Unequal_object_checking_numbers_correct"/>
    <testcase time="0.0289999999999999" classname="core" name="Unequal_object_checking_numbers_correct"/>
    <testcase time="0.00300000000000011" classname="core" name="Unequal_object_checking_numbers_correct"/>
    <testcase time="0.00300000000000011" classname="core" name="Unequal_object_checking_numbers_correct"/>
    <testcase time="0.0349999999999997" classname="core" name="Differing_modes_error"/>
    <testcase time="0.0310000000000001" classname="core" name="Differing_modes_error"/>
    <testcase time="0.0350000000000001" classname="core" name="Differing_classes_error"/>
    <testcase time="0.0229999999999997" classname="core" name="Differing_classes_error"/>
    <testcase time="0.0130000000000003" classname="core" name="Non_Unique_rows_error"/>
    <testcase time="0.0349999999999997" classname="core" name="Illegal_columns_error"/>
    <testcase time="0.0289999999999999" classname="core" name="Illegal_columns_error"/>
    <testcase time="0.032" classname="core" name="Illegal_columns_error"/>
    <testcase time="0.036" classname="core" name="Additional_columns_error"/>
    <testcase time="0.032" classname="core" name="Additional_columns_error"/>
    <testcase time="0.036" classname="core" name="Additional_rows_error"/>
    <testcase time="0.0310000000000001" classname="core" name="Additional_rows_error"/>
    <testcase time="0.0110000000000001" classname="core" name="Bad_values_for_scale_or_tolerance_error"/>
    <testcase time="0.00599999999999978" classname="core" name="Bad_values_for_scale_or_tolerance_error"/>
    <testcase time="0.00600000000000023" classname="core" name="Bad_values_for_scale_or_tolerance_error"/>
    <testcase time="0.00999999999999979" classname="core" name="Bad_values_for_scale_or_tolerance_error"/>
    <testcase time="0.0380000000000003" classname="core" name="Objets_with_differing_attributes_produce_the_correct_warning"/>
    <testcase time="0.0299999999999998" classname="core" name="Objets_with_differing_attributes_produce_the_correct_warning"/>
    <testcase time="0.0339999999999998" classname="core" name="Objets_with_differing_attributes_produce_the_correct_warning"/>
    <testcase time="0.0340000000000003" classname="core" name="Objets_with_differing_attributes_produce_the_correct_warning"/>
    <testcase time="0.0329999999999999" classname="core" name="Objets_with_differing_attributes_produce_the_correct_warning"/>
    <testcase time="0.0329999999999999" classname="core" name="Objets_with_differing_attributes_produce_the_correct_warning"/>
    <testcase time="0.0340000000000003" classname="core" name="Objets_with_differing_attributes_produce_the_correct_warning"/>
    <testcase time="0.0350000000000001" classname="core" name="Attribute_differnce_size_is_correct_"/>
    <testcase time="0.0289999999999999" classname="core" name="Attribute_differnce_size_is_correct_"/>
    <testcase time="0.0329999999999999" classname="core" name="Attribute_differnce_size_is_correct_"/>
    <testcase time="0.0339999999999998" classname="core" name="Attribute_differnce_size_is_correct_"/>
    <testcase time="0.0340000000000003" classname="core" name="Attribute_differnce_size_is_correct_"/>
    <testcase time="0.032" classname="core" name="Attribute_differnce_size_is_correct_"/>
    <testcase time="0.0289999999999999" classname="core" name="Attribute_differnce_size_is_correct_"/>
    <testcase time="0.0329999999999999" classname="core" name="strict_numeric_and_strict_factor_was_as_intended"/>
    <testcase time="0.036" classname="core" name="strict_numeric_and_strict_factor_was_as_intended"/>
    <testcase time="0.0339999999999998" classname="core" name="strict_numeric_and_strict_factor_was_as_intended"/>
    <testcase time="0.0300000000000002" classname="core" name="strict_numeric_and_strict_factor_was_as_intended"/>
    <testcase time="0.0339999999999998" classname="core" name="strict_numeric_and_strict_factor_was_as_intended"/>
    <testcase time="0.0330000000000004" classname="core" name="strict_numeric_and_strict_factor_was_as_intended"/>
    <testcase time="0.0309999999999997" classname="core" name="strict_numeric_and_strict_factor_was_as_intended"/>
    <testcase time="0.0340000000000003" classname="core" name="strict_numeric_and_strict_factor_was_as_intended"/>
    <testcase time="0.0349999999999997" classname="core" name="strict_numeric_and_strict_factor_was_as_intended"/>
  </testsuite>
  <testsuite name="dfdiff_has_issues" timestamp="2024-07-18T14:50:54Z" hostname="26b2f8869a17" tests="3" skipped="0" failures="0" errors="0" time="0.094">
    <testcase time="0.0310000000000001" classname="dfdiff_has_issues" name="diffdf_has_issues_works_as_expected"/>
    <testcase time="0.032" classname="dfdiff_has_issues" name="diffdf_has_issues_works_as_expected"/>
    <testcase time="0.0310000000000001" classname="dfdiff_has_issues" name="diffdf_has_issues_works_as_expected"/>
  </testsuite>
  <testsuite name="find_difference" timestamp="2024-07-18T14:50:54Z" hostname="26b2f8869a17" tests="36" skipped="0" failures="0" errors="0" time="0.16">
    <testcase time="0.00999999999999979" classname="find_difference" name="find_difference_correctly_doesn_t_flag_identical_objects"/>
    <testcase time="0.00300000000000011" classname="find_difference" name="find_difference_correctly_doesn_t_flag_identical_objects"/>
    <testcase time="0.00199999999999978" classname="find_difference" name="find_difference_correctly_doesn_t_flag_identical_objects"/>
    <testcase time="0.00300000000000011" classname="find_difference" name="find_difference_correctly_doesn_t_flag_identical_objects"/>
    <testcase time="0.00200000000000022" classname="find_difference" name="find_difference_correctly_doesn_t_flag_identical_objects"/>
    <testcase time="0.00299999999999967" classname="find_difference" name="find_difference_correctly_doesn_t_flag_identical_objects"/>
    <testcase time="0.00200000000000022" classname="find_difference" name="find_difference_correctly_doesn_t_flag_identical_objects"/>
    <testcase time="0.00300000000000011" classname="find_difference" name="find_difference_correctly_doesn_t_flag_identical_objects"/>
    <testcase time="0.00199999999999978" classname="find_difference" name="find_difference_correctly_doesn_t_flag_identical_objects"/>
    <testcase time="0.00300000000000011" classname="find_difference" name="find_difference_correctly_doesn_t_flag_identical_objects"/>
    <testcase time="0.00199999999999978" classname="find_difference" name="find_difference_correctly_doesn_t_flag_identical_objects"/>
    <testcase time="0.00199999999999978" classname="find_difference" name="find_difference_correctly_doesn_t_flag_identical_objects"/>
    <testcase time="0.00300000000000011" classname="find_difference" name="find_difference_correctly_doesn_t_flag_identical_objects"/>
    <testcase time="0.00199999999999978" classname="find_difference" name="find_difference_correctly_doesn_t_flag_identical_objects"/>
    <testcase time="0.00600000000000023" classname="find_difference" name="find_difference_correctly_doesn_t_flag_identical_objects"/>
    <testcase time="0.004" classname="find_difference" name="find_difference_correctly_doesn_t_flag_identical_objects"/>
    <testcase time="0.00300000000000011" classname="find_difference" name="find_difference_correctly_doesn_t_flag_identical_objects"/>
    <testcase time="0.00199999999999978" classname="find_difference" name="find_difference_correctly_doesn_t_flag_identical_objects"/>
    <testcase time="0.00600000000000023" classname="find_difference" name="find_difference_correctly_flags_differences"/>
    <testcase time="0.00299999999999967" classname="find_difference" name="find_difference_correctly_flags_differences"/>
    <testcase time="0.00300000000000011" classname="find_difference" name="find_difference_correctly_flags_differences"/>
    <testcase time="0.00200000000000022" classname="find_difference" name="find_difference_correctly_flags_differences"/>
    <testcase time="0.00299999999999967" classname="find_difference" name="find_difference_correctly_flags_differences"/>
    <testcase time="0.00600000000000023" classname="find_difference" name="find_difference_correctly_uses_tolerances_scale_arguments"/>
    <testcase time="0.00299999999999967" classname="find_difference" name="find_difference_correctly_uses_tolerances_scale_arguments"/>
    <testcase time="0.00300000000000011" classname="find_difference" name="find_difference_correctly_uses_tolerances_scale_arguments"/>
    <testcase time="0.00300000000000011" classname="find_difference" name="find_difference_correctly_uses_tolerances_scale_arguments"/>
    <testcase time="0.00599999999999978" classname="find_difference" name="find_difference_correctly_uses_tolerances_scale_arguments"/>
    <testcase time="0.00300000000000011" classname="find_difference" name="find_difference_correctly_uses_tolerances_scale_arguments"/>
    <testcase time="0.004" classname="find_difference" name="find_difference_correctly_uses_tolerances_scale_arguments"/>
    <testcase time="0.032" classname="find_difference" name="find_difference_handles_int64_correctly"/>
    <testcase time="0.00300000000000011" classname="find_difference" name="find_difference_handles_int64_correctly"/>
    <testcase time="0.00700000000000012" classname="find_difference" name="find_difference_handles_int64_correctly"/>
    <testcase time="0.004" classname="find_difference" name="find_difference_handles_int64_correctly"/>
    <testcase time="0.00800000000000001" classname="find_difference" name="find_difference_throws_a_warning_if_vectors_are_of_a_different_length"/>
    <testcase time="0.004" classname="find_difference" name="find_difference_throws_a_warning_if_vectors_are_of_a_different_length"/>
  </testsuite>
  <testsuite name="generate-keyname" timestamp="2024-07-18T14:50:54Z" hostname="26b2f8869a17" tests="25" skipped="0" failures="0" errors="0" time="0.11">
    <testcase time="0.0089999999999999" classname="generate_keyname" name="Correct_name_returned"/>
    <testcase time="0.00300000000000011" classname="generate_keyname" name="Correct_name_returned"/>
    <testcase time="0.00300000000000011" classname="generate_keyname" name="Correct_name_returned"/>
    <testcase time="0.00299999999999967" classname="generate_keyname" name="Correct_name_returned"/>
    <testcase time="0.00600000000000023" classname="generate_keyname" name="Correct_name_returned"/>
    <testcase time="0.00300000000000011" classname="generate_keyname" name="Correct_name_returned"/>
    <testcase time="0.00299999999999967" classname="generate_keyname" name="Correct_name_returned"/>
    <testcase time="0.00300000000000011" classname="generate_keyname" name="Correct_name_returned"/>
    <testcase time="0.00300000000000011" classname="generate_keyname" name="Correct_name_returned"/>
    <testcase time="0.00300000000000011" classname="generate_keyname" name="Correct_name_returned"/>
    <testcase time="0.00199999999999978" classname="generate_keyname" name="Correct_name_returned"/>
    <testcase time="0.00300000000000011" classname="generate_keyname" name="Correct_name_returned"/>
    <testcase time="0.00299999999999967" classname="generate_keyname" name="Correct_name_returned"/>
    <testcase time="0.00300000000000011" classname="generate_keyname" name="Correct_name_returned"/>
    <testcase time="0.00300000000000011" classname="generate_keyname" name="Correct_name_returned"/>
    <testcase time="0.00300000000000011" classname="generate_keyname" name="Correct_name_returned"/>
    <testcase time="0.00199999999999978" classname="generate_keyname" name="Correct_name_returned"/>
    <testcase time="0.0129999999999999" classname="generate_keyname" name="Error_if_all_names_taken_in_at_least_1_datasets"/>
    <testcase time="0.00500000000000034" classname="generate_keyname" name="Error_if_all_names_taken_in_at_least_1_datasets"/>
    <testcase time="0.00499999999999989" classname="generate_keyname" name="Error_if_all_names_taken_in_at_least_1_datasets"/>
    <testcase time="0.00399999999999956" classname="generate_keyname" name="Error_if_all_names_taken_in_at_least_1_datasets"/>
    <testcase time="0.00499999999999989" classname="generate_keyname" name="Error_if_all_names_taken_in_at_least_1_datasets"/>
    <testcase time="0.00900000000000034" classname="generate_keyname" name="Error_if_all_names_taken_in_at_least_1_datasets"/>
    <testcase time="0.00600000000000023" classname="generate_keyname" name="Error_if_all_names_taken_in_at_least_1_datasets"/>
    <testcase time="0.00499999999999989" classname="generate_keyname" name="Error_if_all_names_taken_in_at_least_1_datasets"/>
  </testsuite>
  <testsuite name="identify_att_differences" timestamp="2024-07-18T14:50:54Z" hostname="26b2f8869a17" tests="10" skipped="0" failures="0" errors="0" time="0.144">
    <testcase time="0.0169999999999995" classname="identify_att_differences" name="Check_comparision_of_attributes_objects"/>
    <testcase time="0.0120000000000005" classname="identify_att_differences" name="Check_comparision_of_attributes_objects"/>
    <testcase time="0.00800000000000001" classname="identify_att_differences" name="Check_comparision_of_attributes_objects"/>
    <testcase time="0.00800000000000001" classname="identify_att_differences" name="Check_comparision_of_attributes_objects"/>
    <testcase time="0.0120000000000005" classname="identify_att_differences" name="Check_comparision_of_attributes_objects"/>
    <testcase time="0.0169999999999995" classname="identify_att_differences" name="Check_comparision_of_attributes_objects"/>
    <testcase time="0.0100000000000007" classname="identify_att_differences" name="Check_comparision_of_attributes_objects"/>
    <testcase time="0.0219999999999994" classname="identify_att_differences" name="Check_comparision_of_attributes_objects"/>
    <testcase time="0.0170000000000003" classname="identify_att_differences" name="Check_comparision_of_attributes_objects"/>
    <testcase time="0.0209999999999999" classname="identify_att_differences" name="Check_comparision_of_attributes_objects"/>
  </testsuite>
  <testsuite name="identify_mode_differences" timestamp="2024-07-18T14:50:54Z" hostname="26b2f8869a17" tests="300" skipped="0" failures="0" errors="0" time="2.379">
    <testcase time="0.024" classname="identify_mode_differences" name="Check_comparision_of_equal_objects"/>
    <testcase time="0.00700000000000056" classname="identify_mode_differences" name="Check_comparision_of_equal_objects"/>
    <testcase time="0.0109999999999992" classname="identify_mode_differences" name="Check_comparision_of_equal_objects"/>
    <testcase time="0.00600000000000023" classname="identify_mode_differences" name="Check_comparision_of_equal_objects"/>
    <testcase time="0.00699999999999967" classname="identify_mode_differences" name="Check_comparision_of_equal_objects"/>
    <testcase time="0.00700000000000056" classname="identify_mode_differences" name="Check_comparision_of_equal_objects"/>
    <testcase time="0.00699999999999967" classname="identify_mode_differences" name="Check_comparision_of_equal_objects"/>
    <testcase time="0.00999999999999979" classname="identify_mode_differences" name="Check_comparision_of_equal_objects"/>
    <testcase time="0.00800000000000001" classname="identify_mode_differences" name="Check_comparision_of_equal_objects"/>
    <testcase time="0.00600000000000023" classname="identify_mode_differences" name="Check_comparision_of_equal_objects"/>
    <testcase time="0.00700000000000056" classname="identify_mode_differences" name="Check_comparision_of_equal_objects"/>
    <testcase time="0.00699999999999967" classname="identify_mode_differences" name="Check_comparision_of_equal_objects"/>
    <testcase time="0.00999999999999979" classname="identify_mode_differences" name="Check_comparision_of_equal_objects"/>
    <testcase time="0.00800000000000001" classname="identify_mode_differences" name="Check_comparision_of_equal_objects"/>
    <testcase time="0.00700000000000056" classname="identify_mode_differences" name="Check_comparision_of_equal_objects"/>
    <testcase time="0.00699999999999967" classname="identify_mode_differences" name="Check_comparision_of_equal_objects"/>
    <testcase time="0.00600000000000023" classname="identify_mode_differences" name="Check_comparision_of_equal_objects"/>
    <testcase time="0.00699999999999967" classname="identify_mode_differences" name="Check_comparision_of_equal_objects"/>
    <testcase time="0.0120000000000005" classname="identify_mode_differences" name="Check_comparision_of_equal_objects"/>
    <testcase time="0.00699999999999967" classname="identify_mode_differences" name="Check_comparision_of_equal_objects"/>
    <testcase time="0.00699999999999967" classname="identify_mode_differences" name="Check_comparision_of_equal_objects"/>
    <testcase time="0.00800000000000001" classname="identify_mode_differences" name="Check_comparision_of_equal_objects"/>
    <testcase time="0.00700000000000056" classname="identify_mode_differences" name="Check_comparision_of_equal_objects"/>
    <testcase time="0.0119999999999996" classname="identify_mode_differences" name="Check_comparision_of_equal_objects"/>
    <testcase time="0.00699999999999967" classname="identify_mode_differences" name="Check_comparision_of_equal_objects"/>
    <testcase time="0.00600000000000023" classname="identify_mode_differences" name="Check_comparision_of_equal_objects"/>
    <testcase time="0.00600000000000023" classname="identify_mode_differences" name="Check_comparision_of_equal_objects"/>
    <testcase time="0.00599999999999934" classname="identify_mode_differences" name="Check_comparision_of_equal_objects"/>
    <testcase time="0.0120000000000005" classname="identify_mode_differences" name="Check_comparision_of_equal_objects"/>
    <testcase time="0.00699999999999967" classname="identify_mode_differences" name="Check_comparision_of_equal_objects"/>
    <testcase time="0.00600000000000023" classname="identify_mode_differences" name="Check_comparision_of_equal_objects"/>
    <testcase time="0.00999999999999979" classname="identify_mode_differences" name="Check_comparision_of_non_equal_objects_aiming_for_differences_of_length_1"/>
    <testcase time="0.00700000000000056" classname="identify_mode_differences" name="Check_comparision_of_non_equal_objects_aiming_for_differences_of_length_1"/>
    <testcase time="0.0119999999999996" classname="identify_mode_differences" name="Check_comparision_of_non_equal_objects_aiming_for_differences_of_length_1"/>
    <testcase time="0.00699999999999967" classname="identify_mode_differences" name="Check_comparision_of_non_equal_objects_aiming_for_differences_of_length_1"/>
    <testcase time="0.00700000000000056" classname="identify_mode_differences" name="Check_comparision_of_non_equal_objects_aiming_for_differences_of_length_1"/>
    <testcase time="0.00699999999999967" classname="identify_mode_differences" name="Check_comparision_of_non_equal_objects_aiming_for_differences_of_length_1"/>
    <testcase time="0.00699999999999967" classname="identify_mode_differences" name="Check_comparision_of_non_equal_objects_aiming_for_differences_of_length_1"/>
    <testcase time="0.0130000000000008" classname="identify_mode_differences" name="Check_comparision_of_non_equal_objects_aiming_for_differences_of_length_1"/>
    <testcase time="0.00699999999999967" classname="identify_mode_differences" name="Check_comparision_of_non_equal_objects_aiming_for_differences_of_length_1"/>
    <testcase time="0.00699999999999967" classname="identify_mode_differences" name="Check_comparision_of_non_equal_objects_aiming_for_differences_of_length_1"/>
    <testcase time="0.00700000000000056" classname="identify_mode_differences" name="Check_comparision_of_non_equal_objects_aiming_for_differences_of_length_1"/>
    <testcase time="0.00599999999999934" classname="identify_mode_differences" name="Check_comparision_of_non_equal_objects_aiming_for_differences_of_length_1"/>
    <testcase time="0.0120000000000005" classname="identify_mode_differences" name="Check_comparision_of_non_equal_objects_aiming_for_differences_of_length_1"/>
    <testcase time="0.00600000000000023" classname="identify_mode_differences" name="Check_comparision_of_non_equal_objects_aiming_for_differences_of_length_1"/>
    <testcase time="0.00800000000000001" classname="identify_mode_differences" name="Check_comparision_of_non_equal_objects_aiming_for_differences_of_length_1"/>
    <testcase time="0.00699999999999967" classname="identify_mode_differences" name="Check_comparision_of_non_equal_objects_aiming_for_differences_of_length_1"/>
    <testcase time="0.00600000000000023" classname="identify_mode_differences" name="Check_comparision_of_non_equal_objects_aiming_for_differences_of_length_1"/>
    <testcase time="0.0119999999999996" classname="identify_mode_differences" name="Check_comparision_of_non_equal_objects_aiming_for_differences_of_length_1"/>
    <testcase time="0.00600000000000023" classname="identify_mode_differences" name="Check_comparision_of_non_equal_objects_aiming_for_differences_of_length_1"/>
    <testcase time="0.00699999999999967" classname="identify_mode_differences" name="Check_comparision_of_non_equal_objects_aiming_for_differences_of_length_1"/>
    <testcase time="0.00700000000000056" classname="identify_mode_differences" name="Check_comparision_of_non_equal_objects_aiming_for_differences_of_length_1"/>
    <testcase time="0.00699999999999967" classname="identify_mode_differences" name="Check_comparision_of_non_equal_objects_aiming_for_differences_of_length_1"/>
    <testcase time="0.0780000000000003" classname="identify_mode_differences" name="Check_comparision_of_non_equal_objects_aiming_for_differences_of_length_1"/>
    <testcase time="0.00699999999999967" classname="identify_mode_differences" name="Check_comparision_of_non_equal_objects_aiming_for_differences_of_length_1"/>
    <testcase time="0.00600000000000023" classname="identify_mode_differences" name="Check_comparision_of_non_equal_objects_aiming_for_differences_of_length_1"/>
    <testcase time="0.00699999999999967" classname="identify_mode_differences" name="Check_comparision_of_non_equal_objects_aiming_for_differences_of_length_1"/>
    <testcase time="0.00600000000000023" classname="identify_mode_differences" name="Check_comparision_of_non_equal_objects_aiming_for_differences_of_length_1"/>
    <testcase time="0.00699999999999967" classname="identify_mode_differences" name="Check_comparision_of_non_equal_objects_aiming_for_differences_of_length_1"/>
    <testcase time="0.00700000000000056" classname="identify_mode_differences" name="Check_comparision_of_non_equal_objects_aiming_for_differences_of_length_1"/>
    <testcase time="0.00800000000000001" classname="identify_mode_differences" name="Check_comparision_of_non_equal_objects_aiming_for_differences_of_length_1"/>
    <testcase time="0.00800000000000001" classname="identify_mode_differences" name="Check_comparision_of_non_equal_objects_aiming_for_differences_of_length_1"/>
    <testcase time="0.00899999999999945" classname="identify_mode_differences" name="Check_comparision_of_non_equal_objects_aiming_for_differences_of_length_1"/>
    <testcase time="0.00800000000000001" classname="identify_mode_differences" name="Check_comparision_of_non_equal_objects_aiming_for_differences_of_length_1"/>
    <testcase time="0.00800000000000001" classname="identify_mode_differences" name="Check_comparision_of_non_equal_objects_aiming_for_differences_of_length_1"/>
    <testcase time="0.00800000000000001" classname="identify_mode_differences" name="Check_comparision_of_non_equal_objects_aiming_for_differences_of_length_1"/>
    <testcase time="0.00800000000000001" classname="identify_mode_differences" name="Check_comparision_of_non_equal_objects_aiming_for_differences_of_length_1"/>
    <testcase time="0.00800000000000001" classname="identify_mode_differences" name="Check_comparision_of_non_equal_objects_aiming_for_differences_of_length_1"/>
    <testcase time="0.0129999999999999" classname="identify_mode_differences" name="Check_comparision_of_non_equal_objects_aiming_for_differences_of_length_2"/>
    <testcase time="0.00800000000000001" classname="identify_mode_differences" name="Check_comparision_of_non_equal_objects_aiming_for_differences_of_length_2"/>
    <testcase time="0.0100000000000007" classname="identify_mode_differences" name="Check_comparision_of_non_equal_objects_aiming_for_differences_of_length_2"/>
    <testcase time="0.00599999999999934" classname="identify_mode_differences" name="Check_comparision_of_non_equal_objects_aiming_for_differences_of_length_2"/>
    <testcase time="0.00700000000000056" classname="identify_mode_differences" name="Check_comparision_of_non_equal_objects_aiming_for_differences_of_length_2"/>
    <testcase time="0.00600000000000023" classname="identify_mode_differences" name="Check_comparision_of_non_equal_objects_aiming_for_differences_of_length_2"/>
    <testcase time="0.00699999999999967" classname="identify_mode_differences" name="Check_comparision_of_non_equal_objects_aiming_for_differences_of_length_2"/>
    <testcase time="0.0640000000000001" classname="identify_mode_differences" name="Check_comparision_of_equal_objects"/>
    <testcase time="0.00699999999999967" classname="identify_mode_differences" name="Check_comparision_of_equal_objects"/>
    <testcase time="0.00900000000000034" classname="identify_mode_differences" name="Check_comparision_of_equal_objects"/>
    <testcase time="0.00600000000000023" classname="identify_mode_differences" name="Check_comparision_of_equal_objects"/>
    <testcase time="0.00699999999999967" classname="identify_mode_differences" name="Check_comparision_of_equal_objects"/>
    <testcase time="0.00699999999999967" classname="identify_mode_differences" name="Check_comparision_of_equal_objects"/>
    <testcase time="0.00600000000000023" classname="identify_mode_differences" name="Check_comparision_of_equal_objects"/>
    <testcase time="0.00699999999999967" classname="identify_mode_differences" name="Check_comparision_of_equal_objects"/>
    <testcase time="0.00600000000000023" classname="identify_mode_differences" name="Check_comparision_of_equal_objects"/>
    <testcase time="0.00700000000000056" classname="identify_mode_differences" name="Check_comparision_of_equal_objects"/>
    <testcase time="0.00599999999999934" classname="identify_mode_differences" name="Check_comparision_of_equal_objects"/>
    <testcase time="0.00600000000000023" classname="identify_mode_differences" name="Check_comparision_of_equal_objects"/>
    <testcase time="0.00699999999999967" classname="identify_mode_differences" name="Check_comparision_of_equal_objects"/>
    <testcase time="0.00600000000000023" classname="identify_mode_differences" name="Check_comparision_of_equal_objects"/>
    <testcase time="0.00699999999999967" classname="identify_mode_differences" name="Check_comparision_of_equal_objects"/>
    <testcase time="0.00600000000000023" classname="identify_mode_differences" name="Check_comparision_of_equal_objects"/>
    <testcase time="0.00700000000000056" classname="identify_mode_differences" name="Check_comparision_of_equal_objects"/>
    <testcase time="0.00699999999999967" classname="identify_mode_differences" name="Check_comparision_of_equal_objects"/>
    <testcase time="0.00600000000000023" classname="identify_mode_differences" name="Check_comparision_of_equal_objects"/>
    <testcase time="0.00999999999999979" classname="identify_mode_differences" name="Check_comparision_of_equal_objects"/>
    <testcase time="0.00699999999999967" classname="identify_mode_differences" name="Check_comparision_of_equal_objects"/>
    <testcase time="0.00600000000000023" classname="identify_mode_differences" name="Check_comparision_of_equal_objects"/>
    <testcase time="0.00600000000000023" classname="identify_mode_differences" name="Check_comparision_of_equal_objects"/>
    <testcase time="0.00699999999999967" classname="identify_mode_differences" name="Check_comparision_of_equal_objects"/>
    <testcase time="0.00700000000000056" classname="identify_mode_differences" name="Check_comparision_of_equal_objects"/>
    <testcase time="0.00699999999999967" classname="identify_mode_differences" name="Check_comparision_of_equal_objects"/>
    <testcase time="0.00699999999999967" classname="identify_mode_differences" name="Check_comparision_of_equal_objects"/>
    <testcase time="0.00700000000000056" classname="identify_mode_differences" name="Check_comparision_of_equal_objects"/>
    <testcase time="0.00599999999999934" classname="identify_mode_differences" name="Check_comparision_of_equal_objects"/>
    <testcase time="0.00600000000000023" classname="identify_mode_differences" name="Check_comparision_of_equal_objects"/>
    <testcase time="0.00700000000000056" classname="identify_mode_differences" name="Check_comparision_of_equal_objects"/>
    <testcase time="0.00999999999999979" classname="identify_mode_differences" name="Check_comparision_of_non_equal_objects_aiming_for_differences_of_length_1"/>
    <testcase time="0.00699999999999967" classname="identify_mode_differences" name="Check_comparision_of_non_equal_objects_aiming_for_differences_of_length_1"/>
    <testcase time="0.00699999999999967" classname="identify_mode_differences" name="Check_comparision_of_non_equal_objects_aiming_for_differences_of_length_1"/>
    <testcase time="0.00700000000000056" classname="identify_mode_differences" name="Check_comparision_of_non_equal_objects_aiming_for_differences_of_length_1"/>
    <testcase time="0.00999999999999979" classname="identify_mode_differences" name="Check_comparision_of_non_equal_objects_aiming_for_differences_of_length_1"/>
    <testcase time="0.00699999999999967" classname="identify_mode_differences" name="Check_comparision_of_non_equal_objects_aiming_for_differences_of_length_1"/>
    <testcase time="0.00700000000000056" classname="identify_mode_differences" name="Check_comparision_of_non_equal_objects_aiming_for_differences_of_length_1"/>
    <testcase time="0.00600000000000023" classname="identify_mode_differences" name="Check_comparision_of_non_equal_objects_aiming_for_differences_of_length_1"/>
    <testcase time="0.00699999999999967" classname="identify_mode_differences" name="Check_comparision_of_non_equal_objects_aiming_for_differences_of_length_1"/>
    <testcase time="0.00699999999999967" classname="identify_mode_differences" name="Check_comparision_of_non_equal_objects_aiming_for_differences_of_length_1"/>
    <testcase time="0.00700000000000056" classname="identify_mode_differences" name="Check_comparision_of_non_equal_objects_aiming_for_differences_of_length_1"/>
    <testcase time="0.00699999999999967" classname="identify_mode_differences" name="Check_comparision_of_non_equal_objects_aiming_for_differences_of_length_1"/>
    <testcase time="0.00600000000000023" classname="identify_mode_differences" name="Check_comparision_of_non_equal_objects_aiming_for_differences_of_length_1"/>
    <testcase time="0.00699999999999967" classname="identify_mode_differences" name="Check_comparision_of_non_equal_objects_aiming_for_differences_of_length_1"/>
    <testcase time="0.00700000000000056" classname="identify_mode_differences" name="Check_comparision_of_non_equal_objects_aiming_for_differences_of_length_1"/>
    <testcase time="0.00699999999999967" classname="identify_mode_differences" name="Check_comparision_of_non_equal_objects_aiming_for_differences_of_length_1"/>
    <testcase time="0.00600000000000023" classname="identify_mode_differences" name="Check_comparision_of_non_equal_objects_aiming_for_differences_of_length_1"/>
    <testcase time="0.00599999999999934" classname="identify_mode_differences" name="Check_comparision_of_non_equal_objects_aiming_for_differences_of_length_1"/>
    <testcase time="0.00700000000000056" classname="identify_mode_differences" name="Check_comparision_of_non_equal_objects_aiming_for_differences_of_length_1"/>
    <testcase time="0.00599999999999934" classname="identify_mode_differences" name="Check_comparision_of_non_equal_objects_aiming_for_differences_of_length_1"/>
    <testcase time="0.0100000000000007" classname="identify_mode_differences" name="Check_comparision_of_non_equal_objects_aiming_for_differences_of_length_1"/>
    <testcase time="0.00599999999999934" classname="identify_mode_differences" name="Check_comparision_of_non_equal_objects_aiming_for_differences_of_length_1"/>
    <testcase time="0.00700000000000056" classname="identify_mode_differences" name="Check_comparision_of_non_equal_objects_aiming_for_differences_of_length_1"/>
    <testcase time="0.00600000000000023" classname="identify_mode_differences" name="Check_comparision_of_non_equal_objects_aiming_for_differences_of_length_1"/>
    <testcase time="0.00699999999999967" classname="identify_mode_differences" name="Check_comparision_of_non_equal_objects_aiming_for_differences_of_length_1"/>
    <testcase time="0.00699999999999967" classname="identify_mode_differences" name="Check_comparision_of_non_equal_objects_aiming_for_differences_of_length_1"/>
    <testcase time="0.00600000000000023" classname="identify_mode_differences" name="Check_comparision_of_non_equal_objects_aiming_for_differences_of_length_1"/>
    <testcase time="0.00699999999999967" classname="identify_mode_differences" name="Check_comparision_of_non_equal_objects_aiming_for_differences_of_length_1"/>
    <testcase time="0.00600000000000023" classname="identify_mode_differences" name="Check_comparision_of_non_equal_objects_aiming_for_differences_of_length_1"/>
    <testcase time="0.00700000000000056" classname="identify_mode_differences" name="Check_comparision_of_non_equal_objects_aiming_for_differences_of_length_1"/>
    <testcase time="0.00599999999999934" classname="identify_mode_differences" name="Check_comparision_of_non_equal_objects_aiming_for_differences_of_length_1"/>
    <testcase time="0.00700000000000056" classname="identify_mode_differences" name="Check_comparision_of_non_equal_objects_aiming_for_differences_of_length_1"/>
    <testcase time="0.00699999999999967" classname="identify_mode_differences" name="Check_comparision_of_non_equal_objects_aiming_for_differences_of_length_1"/>
    <testcase time="0.00699999999999967" classname="identify_mode_differences" name="Check_comparision_of_non_equal_objects_aiming_for_differences_of_length_1"/>
    <testcase time="0.00700000000000056" classname="identify_mode_differences" name="Check_comparision_of_non_equal_objects_aiming_for_differences_of_length_1"/>
    <testcase time="0.00699999999999967" classname="identify_mode_differences" name="Check_comparision_of_non_equal_objects_aiming_for_differences_of_length_1"/>
    <testcase time="0.00900000000000034" classname="identify_mode_differences" name="Check_comparision_of_non_equal_objects_aiming_for_differences_of_length_1"/>
    <testcase time="0.00999999999999979" classname="identify_mode_differences" name="Check_comparision_of_non_equal_objects_aiming_for_differences_of_length_2"/>
    <testcase time="0.00699999999999967" classname="identify_mode_differences" name="Check_comparision_of_non_equal_objects_aiming_for_differences_of_length_2"/>
    <testcase time="0.00700000000000056" classname="identify_mode_differences" name="Check_comparision_of_non_equal_objects_aiming_for_differences_of_length_2"/>
    <testcase time="0.00599999999999934" classname="identify_mode_differences" name="Check_comparision_of_non_equal_objects_aiming_for_differences_of_length_2"/>
    <testcase time="0.00700000000000056" classname="identify_mode_differences" name="Check_comparision_of_non_equal_objects_aiming_for_differences_of_length_2"/>
    <testcase time="0.00699999999999967" classname="identify_mode_differences" name="Check_comparision_of_non_equal_objects_aiming_for_differences_of_length_2"/>
    <testcase time="0.00900000000000034" classname="identify_mode_differences" name="Check_comparision_of_non_equal_objects_aiming_for_differences_of_length_2"/>
    <testcase time="0.0190000000000001" classname="identify_mode_differences" name="Check_comparision_of_equal_objects"/>
    <testcase time="0.00699999999999967" classname="identify_mode_differences" name="Check_comparision_of_equal_objects"/>
    <testcase time="0.00699999999999967" classname="identify_mode_differences" name="Check_comparision_of_equal_objects"/>
    <testcase time="0.00700000000000056" classname="identify_mode_differences" name="Check_comparision_of_equal_objects"/>
    <testcase time="0.00699999999999967" classname="identify_mode_differences" name="Check_comparision_of_equal_objects"/>
    <testcase time="0.00700000000000056" classname="identify_mode_differences" name="Check_comparision_of_equal_objects"/>
    <testcase time="0.00999999999999979" classname="identify_mode_differences" name="Check_comparision_of_equal_objects"/>
    <testcase time="0.00699999999999967" classname="identify_mode_differences" name="Check_comparision_of_equal_objects"/>
    <testcase time="0.00600000000000023" classname="identify_mode_differences" name="Check_comparision_of_equal_objects"/>
    <testcase time="0.00699999999999967" classname="identify_mode_differences" name="Check_comparision_of_equal_objects"/>
    <testcase time="0.00700000000000056" classname="identify_mode_differences" name="Check_comparision_of_equal_objects"/>
    <testcase time="0.00699999999999967" classname="identify_mode_differences" name="Check_comparision_of_equal_objects"/>
    <testcase time="0.00699999999999967" classname="identify_mode_differences" name="Check_comparision_of_equal_objects"/>
    <testcase time="0.00600000000000023" classname="identify_mode_differences" name="Check_comparision_of_equal_objects"/>
    <testcase time="0.00699999999999967" classname="identify_mode_differences" name="Check_comparision_of_equal_objects"/>
    <testcase time="0.00600000000000023" classname="identify_mode_differences" name="Check_comparision_of_equal_objects"/>
    <testcase time="0.00700000000000056" classname="identify_mode_differences" name="Check_comparision_of_equal_objects"/>
    <testcase time="0.00699999999999967" classname="identify_mode_differences" name="Check_comparision_of_equal_objects"/>
    <testcase time="0.00600000000000023" classname="identify_mode_differences" name="Check_comparision_of_equal_objects"/>
    <testcase time="0.00800000000000001" classname="identify_mode_differences" name="Check_comparision_of_equal_objects"/>
    <testcase time="0.00699999999999967" classname="identify_mode_differences" name="Check_comparision_of_equal_objects"/>
    <testcase time="0.00699999999999967" classname="identify_mode_differences" name="Check_comparision_of_equal_objects"/>
    <testcase time="0.00900000000000034" classname="identify_mode_differences" name="Check_comparision_of_equal_objects"/>
    <testcase time="0.00699999999999967" classname="identify_mode_differences" name="Check_comparision_of_equal_objects"/>
    <testcase time="0.00700000000000056" classname="identify_mode_differences" name="Check_comparision_of_equal_objects"/>
    <testcase time="0.00699999999999967" classname="identify_mode_differences" name="Check_comparision_of_equal_objects"/>
    <testcase time="0.00600000000000023" classname="identify_mode_differences" name="Check_comparision_of_equal_objects"/>
    <testcase time="0.00699999999999967" classname="identify_mode_differences" name="Check_comparision_of_equal_objects"/>
    <testcase time="0.00700000000000056" classname="identify_mode_differences" name="Check_comparision_of_equal_objects"/>
    <testcase time="0.00699999999999967" classname="identify_mode_differences" name="Check_comparision_of_equal_objects"/>
    <testcase time="0.00699999999999967" classname="identify_mode_differences" name="Check_comparision_of_equal_objects"/>
    <testcase time="0.00900000000000034" classname="identify_mode_differences" name="Check_comparision_of_non_equal_objects_aiming_for_differences_of_length_1"/>
    <testcase time="0.00699999999999967" classname="identify_mode_differences" name="Check_comparision_of_non_equal_objects_aiming_for_differences_of_length_1"/>
    <testcase time="0.00700000000000056" classname="identify_mode_differences" name="Check_comparision_of_non_equal_objects_aiming_for_differences_of_length_1"/>
    <testcase time="0.00599999999999934" classname="identify_mode_differences" name="Check_comparision_of_non_equal_objects_aiming_for_differences_of_length_1"/>
    <testcase time="0.00700000000000056" classname="identify_mode_differences" name="Check_comparision_of_non_equal_objects_aiming_for_differences_of_length_1"/>
    <testcase time="0.00699999999999967" classname="identify_mode_differences" name="Check_comparision_of_non_equal_objects_aiming_for_differences_of_length_1"/>
    <testcase time="0.00999999999999979" classname="identify_mode_differences" name="Check_comparision_of_non_equal_objects_aiming_for_differences_of_length_1"/>
    <testcase time="0.00600000000000023" classname="identify_mode_differences" name="Check_comparision_of_non_equal_objects_aiming_for_differences_of_length_1"/>
    <testcase time="0.00700000000000056" classname="identify_mode_differences" name="Check_comparision_of_non_equal_objects_aiming_for_differences_of_length_1"/>
    <testcase time="0.00800000000000001" classname="identify_mode_differences" name="Check_comparision_of_non_equal_objects_aiming_for_differences_of_length_1"/>
    <testcase time="0.00699999999999967" classname="identify_mode_differences" name="Check_comparision_of_non_equal_objects_aiming_for_differences_of_length_1"/>
    <testcase time="0.00600000000000023" classname="identify_mode_differences" name="Check_comparision_of_non_equal_objects_aiming_for_differences_of_length_1"/>
    <testcase time="0.00699999999999967" classname="identify_mode_differences" name="Check_comparision_of_non_equal_objects_aiming_for_differences_of_length_1"/>
    <testcase time="0.00699999999999967" classname="identify_mode_differences" name="Check_comparision_of_non_equal_objects_aiming_for_differences_of_length_1"/>
    <testcase time="0.00700000000000056" classname="identify_mode_differences" name="Check_comparision_of_non_equal_objects_aiming_for_differences_of_length_1"/>
    <testcase time="0.00699999999999967" classname="identify_mode_differences" name="Check_comparision_of_non_equal_objects_aiming_for_differences_of_length_1"/>
    <testcase time="0.00699999999999967" classname="identify_mode_differences" name="Check_comparision_of_non_equal_objects_aiming_for_differences_of_length_1"/>
    <testcase time="0.00700000000000056" classname="identify_mode_differences" name="Check_comparision_of_non_equal_objects_aiming_for_differences_of_length_1"/>
    <testcase time="0.00600000000000023" classname="identify_mode_differences" name="Check_comparision_of_non_equal_objects_aiming_for_differences_of_length_1"/>
    <testcase time="0.00699999999999967" classname="identify_mode_differences" name="Check_comparision_of_non_equal_objects_aiming_for_differences_of_length_1"/>
    <testcase time="0.00699999999999967" classname="identify_mode_differences" name="Check_comparision_of_non_equal_objects_aiming_for_differences_of_length_1"/>
    <testcase time="0.00900000000000034" classname="identify_mode_differences" name="Check_comparision_of_non_equal_objects_aiming_for_differences_of_length_1"/>
    <testcase time="0.00699999999999967" classname="identify_mode_differences" name="Check_comparision_of_non_equal_objects_aiming_for_differences_of_length_1"/>
    <testcase time="0.00600000000000023" classname="identify_mode_differences" name="Check_comparision_of_non_equal_objects_aiming_for_differences_of_length_1"/>
    <testcase time="0.00699999999999967" classname="identify_mode_differences" name="Check_comparision_of_non_equal_objects_aiming_for_differences_of_length_1"/>
    <testcase time="0.00700000000000056" classname="identify_mode_differences" name="Check_comparision_of_non_equal_objects_aiming_for_differences_of_length_1"/>
    <testcase time="0.00800000000000001" classname="identify_mode_differences" name="Check_comparision_of_non_equal_objects_aiming_for_differences_of_length_1"/>
    <testcase time="0.00699999999999967" classname="identify_mode_differences" name="Check_comparision_of_non_equal_objects_aiming_for_differences_of_length_1"/>
    <testcase time="0.00800000000000001" classname="identify_mode_differences" name="Check_comparision_of_non_equal_objects_aiming_for_differences_of_length_1"/>
    <testcase time="0.00700000000000056" classname="identify_mode_differences" name="Check_comparision_of_non_equal_objects_aiming_for_differences_of_length_1"/>
    <testcase time="0.00699999999999967" classname="identify_mode_differences" name="Check_comparision_of_non_equal_objects_aiming_for_differences_of_length_1"/>
    <testcase time="0.00699999999999967" classname="identify_mode_differences" name="Check_comparision_of_non_equal_objects_aiming_for_differences_of_length_1"/>
    <testcase time="0.00700000000000056" classname="identify_mode_differences" name="Check_comparision_of_non_equal_objects_aiming_for_differences_of_length_1"/>
    <testcase time="0.00699999999999967" classname="identify_mode_differences" name="Check_comparision_of_non_equal_objects_aiming_for_differences_of_length_1"/>
    <testcase time="0.00699999999999967" classname="identify_mode_differences" name="Check_comparision_of_non_equal_objects_aiming_for_differences_of_length_1"/>
    <testcase time="0.00700000000000056" classname="identify_mode_differences" name="Check_comparision_of_non_equal_objects_aiming_for_differences_of_length_1"/>
    <testcase time="0.00999999999999979" classname="identify_mode_differences" name="Check_comparision_of_non_equal_objects_aiming_for_differences_of_length_1"/>
    <testcase time="0.0110000000000001" classname="identify_mode_differences" name="Check_comparision_of_non_equal_objects_aiming_for_differences_of_length_2"/>
    <testcase time="0.00699999999999967" classname="identify_mode_differences" name="Check_comparision_of_non_equal_objects_aiming_for_differences_of_length_2"/>
    <testcase time="0.00700000000000056" classname="identify_mode_differences" name="Check_comparision_of_non_equal_objects_aiming_for_differences_of_length_2"/>
    <testcase time="0.00899999999999945" classname="identify_mode_differences" name="Check_comparision_of_non_equal_objects_aiming_for_differences_of_length_2"/>
    <testcase time="0.00900000000000034" classname="identify_mode_differences" name="Check_comparision_of_non_equal_objects_aiming_for_differences_of_length_2"/>
    <testcase time="0.00699999999999967" classname="identify_mode_differences" name="Check_comparision_of_non_equal_objects_aiming_for_differences_of_length_2"/>
    <testcase time="0.00700000000000056" classname="identify_mode_differences" name="Check_comparision_of_non_equal_objects_aiming_for_differences_of_length_2"/>
    <testcase time="0.0199999999999996" classname="identify_mode_differences" name="Check_comparision_of_equal_objects"/>
    <testcase time="0.00800000000000001" classname="identify_mode_differences" name="Check_comparision_of_equal_objects"/>
    <testcase time="0.00699999999999967" classname="identify_mode_differences" name="Check_comparision_of_equal_objects"/>
    <testcase time="0.00600000000000023" classname="identify_mode_differences" name="Check_comparision_of_equal_objects"/>
    <testcase time="0.00699999999999967" classname="identify_mode_differences" name="Check_comparision_of_equal_objects"/>
    <testcase time="0.0100000000000007" classname="identify_mode_differences" name="Check_comparision_of_equal_objects"/>
    <testcase time="0.00699999999999967" classname="identify_mode_differences" name="Check_comparision_of_equal_objects"/>
    <testcase time="0.00699999999999967" classname="identify_mode_differences" name="Check_comparision_of_equal_objects"/>
    <testcase time="0.00700000000000056" classname="identify_mode_differences" name="Check_comparision_of_equal_objects"/>
    <testcase time="0.00699999999999967" classname="identify_mode_differences" name="Check_comparision_of_equal_objects"/>
    <testcase time="0.00700000000000056" classname="identify_mode_differences" name="Check_comparision_of_equal_objects"/>
    <testcase time="0.00699999999999967" classname="identify_mode_differences" name="Check_comparision_of_equal_objects"/>
    <testcase time="0.00699999999999967" classname="identify_mode_differences" name="Check_comparision_of_equal_objects"/>
    <testcase time="0.00600000000000023" classname="identify_mode_differences" name="Check_comparision_of_equal_objects"/>
    <testcase time="0.00699999999999967" classname="identify_mode_differences" name="Check_comparision_of_equal_objects"/>
    <testcase time="0.00700000000000056" classname="identify_mode_differences" name="Check_comparision_of_equal_objects"/>
    <testcase time="0.00699999999999967" classname="identify_mode_differences" name="Check_comparision_of_equal_objects"/>
    <testcase time="0.00600000000000023" classname="identify_mode_differences" name="Check_comparision_of_equal_objects"/>
    <testcase time="0.00699999999999967" classname="identify_mode_differences" name="Check_comparision_of_equal_objects"/>
    <testcase time="0.0100000000000007" classname="identify_mode_differences" name="Check_comparision_of_equal_objects"/>
    <testcase time="0.00699999999999967" classname="identify_mode_differences" name="Check_comparision_of_equal_objects"/>
    <testcase time="0.00699999999999967" classname="identify_mode_differences" name="Check_comparision_of_equal_objects"/>
    <testcase time="0.00700000000000056" classname="identify_mode_differences" name="Check_comparision_of_equal_objects"/>
    <testcase time="0.00599999999999934" classname="identify_mode_differences" name="Check_comparision_of_equal_objects"/>
    <testcase time="0.00700000000000056" classname="identify_mode_differences" name="Check_comparision_of_equal_objects"/>
    <testcase time="0.00699999999999967" classname="identify_mode_differences" name="Check_comparision_of_equal_objects"/>
    <testcase time="0.00699999999999967" classname="identify_mode_differences" name="Check_comparision_of_equal_objects"/>
    <testcase time="0.00700000000000056" classname="identify_mode_differences" name="Check_comparision_of_equal_objects"/>
    <testcase time="0.00699999999999967" classname="identify_mode_differences" name="Check_comparision_of_equal_objects"/>
    <testcase time="0.00700000000000056" classname="identify_mode_differences" name="Check_comparision_of_equal_objects"/>
    <testcase time="0.00699999999999967" classname="identify_mode_differences" name="Check_comparision_of_equal_objects"/>
    <testcase time="0.0110000000000001" classname="identify_mode_differences" name="Check_comparision_of_non_equal_objects_aiming_for_differences_of_length_1"/>
    <testcase time="0.00699999999999967" classname="identify_mode_differences" name="Check_comparision_of_non_equal_objects_aiming_for_differences_of_length_1"/>
    <testcase time="0.00800000000000001" classname="identify_mode_differences" name="Check_comparision_of_non_equal_objects_aiming_for_differences_of_length_1"/>
    <testcase time="0.00999999999999979" classname="identify_mode_differences" name="Check_comparision_of_non_equal_objects_aiming_for_differences_of_length_1"/>
    <testcase time="0.00800000000000001" classname="identify_mode_differences" name="Check_comparision_of_non_equal_objects_aiming_for_differences_of_length_1"/>
    <testcase time="0.00700000000000056" classname="identify_mode_differences" name="Check_comparision_of_non_equal_objects_aiming_for_differences_of_length_1"/>
    <testcase time="0.00699999999999967" classname="identify_mode_differences" name="Check_comparision_of_non_equal_objects_aiming_for_differences_of_length_1"/>
    <testcase time="0.00800000000000001" classname="identify_mode_differences" name="Check_comparision_of_non_equal_objects_aiming_for_differences_of_length_1"/>
    <testcase time="0.00699999999999967" classname="identify_mode_differences" name="Check_comparision_of_non_equal_objects_aiming_for_differences_of_length_1"/>
    <testcase time="0.00800000000000001" classname="identify_mode_differences" name="Check_comparision_of_non_equal_objects_aiming_for_differences_of_length_1"/>
    <testcase time="0.00700000000000056" classname="identify_mode_differences" name="Check_comparision_of_non_equal_objects_aiming_for_differences_of_length_1"/>
    <testcase time="0.00699999999999967" classname="identify_mode_differences" name="Check_comparision_of_non_equal_objects_aiming_for_differences_of_length_1"/>
    <testcase time="0.00700000000000056" classname="identify_mode_differences" name="Check_comparision_of_non_equal_objects_aiming_for_differences_of_length_1"/>
    <testcase time="0.00699999999999967" classname="identify_mode_differences" name="Check_comparision_of_non_equal_objects_aiming_for_differences_of_length_1"/>
    <testcase time="0.00800000000000001" classname="identify_mode_differences" name="Check_comparision_of_non_equal_objects_aiming_for_differences_of_length_1"/>
    <testcase time="0.00699999999999967" classname="identify_mode_differences" name="Check_comparision_of_non_equal_objects_aiming_for_differences_of_length_1"/>
    <testcase time="0.00900000000000034" classname="identify_mode_differences" name="Check_comparision_of_non_equal_objects_aiming_for_differences_of_length_1"/>
    <testcase time="0.00999999999999979" classname="identify_mode_differences" name="Check_comparision_of_non_equal_objects_aiming_for_differences_of_length_1"/>
    <testcase time="0.00900000000000034" classname="identify_mode_differences" name="Check_comparision_of_non_equal_objects_aiming_for_differences_of_length_1"/>
    <testcase time="0.00800000000000001" classname="identify_mode_differences" name="Check_comparision_of_non_equal_objects_aiming_for_differences_of_length_1"/>
    <testcase time="0.00800000000000001" classname="identify_mode_differences" name="Check_comparision_of_non_equal_objects_aiming_for_differences_of_length_1"/>
    <testcase time="0.00699999999999967" classname="identify_mode_differences" name="Check_comparision_of_non_equal_objects_aiming_for_differences_of_length_1"/>
    <testcase time="0.00800000000000001" classname="identify_mode_differences" name="Check_comparision_of_non_equal_objects_aiming_for_differences_of_length_1"/>
    <testcase time="0.00699999999999967" classname="identify_mode_differences" name="Check_comparision_of_non_equal_objects_aiming_for_differences_of_length_1"/>
    <testcase time="0.00699999999999967" classname="identify_mode_differences" name="Check_comparision_of_non_equal_objects_aiming_for_differences_of_length_1"/>
    <testcase time="0.00700000000000056" classname="identify_mode_differences" name="Check_comparision_of_non_equal_objects_aiming_for_differences_of_length_1"/>
    <testcase time="0.00699999999999967" classname="identify_mode_differences" name="Check_comparision_of_non_equal_objects_aiming_for_differences_of_length_1"/>
    <testcase time="0.00800000000000001" classname="identify_mode_differences" name="Check_comparision_of_non_equal_objects_aiming_for_differences_of_length_1"/>
    <testcase time="0.00700000000000056" classname="identify_mode_differences" name="Check_comparision_of_non_equal_objects_aiming_for_differences_of_length_1"/>
    <testcase time="0.00699999999999967" classname="identify_mode_differences" name="Check_comparision_of_non_equal_objects_aiming_for_differences_of_length_1"/>
    <testcase time="0.00699999999999967" classname="identify_mode_differences" name="Check_comparision_of_non_equal_objects_aiming_for_differences_of_length_1"/>
    <testcase time="0.0100000000000007" classname="identify_mode_differences" name="Check_comparision_of_non_equal_objects_aiming_for_differences_of_length_1"/>
    <testcase time="0.00800000000000001" classname="identify_mode_differences" name="Check_comparision_of_non_equal_objects_aiming_for_differences_of_length_1"/>
    <testcase time="0.00699999999999967" classname="identify_mode_differences" name="Check_comparision_of_non_equal_objects_aiming_for_differences_of_length_1"/>
    <testcase time="0.00800000000000001" classname="identify_mode_differences" name="Check_comparision_of_non_equal_objects_aiming_for_differences_of_length_1"/>
    <testcase time="0.00699999999999967" classname="identify_mode_differences" name="Check_comparision_of_non_equal_objects_aiming_for_differences_of_length_1"/>
    <testcase time="0.00800000000000001" classname="identify_mode_differences" name="Check_comparision_of_non_equal_objects_aiming_for_differences_of_length_1"/>
    <testcase time="0.0100000000000007" classname="identify_mode_differences" name="Check_comparision_of_non_equal_objects_aiming_for_differences_of_length_2"/>
    <testcase time="0.00699999999999967" classname="identify_mode_differences" name="Check_comparision_of_non_equal_objects_aiming_for_differences_of_length_2"/>
    <testcase time="0.00699999999999967" classname="identify_mode_differences" name="Check_comparision_of_non_equal_objects_aiming_for_differences_of_length_2"/>
    <testcase time="0.00700000000000056" classname="identify_mode_differences" name="Check_comparision_of_non_equal_objects_aiming_for_differences_of_length_2"/>
    <testcase time="0.00800000000000001" classname="identify_mode_differences" name="Check_comparision_of_non_equal_objects_aiming_for_differences_of_length_2"/>
    <testcase time="0.00699999999999967" classname="identify_mode_differences" name="Check_comparision_of_non_equal_objects_aiming_for_differences_of_length_2"/>
    <testcase time="0.00800000000000001" classname="identify_mode_differences" name="Check_comparision_of_non_equal_objects_aiming_for_differences_of_length_2"/>
  </testsuite>
  <testsuite name="issuerows" timestamp="2024-07-18T14:50:57Z" hostname="26b2f8869a17" tests="47" skipped="0" failures="0" errors="0" time="0.327">
    <testcase time="0.0309999999999997" classname="issuerows" name="Equal_datasets_return_no_rows"/>
    <testcase time="0.00300000000000011" classname="issuerows" name="Equal_datasets_return_no_rows"/>
    <testcase time="0.0259999999999998" classname="issuerows" name="Checking_no_rows_returned_if_only_issue_is_missing_cols"/>
    <testcase time="0.00300000000000011" classname="issuerows" name="Checking_no_rows_returned_if_only_issue_is_missing_cols"/>
    <testcase time="0.00300000000000011" classname="issuerows" name="Checking_no_rows_returned_if_only_issue_is_missing_cols"/>
    <testcase time="0.00199999999999978" classname="issuerows" name="Checking_no_rows_returned_if_only_issue_is_missing_cols"/>
    <testcase time="0.00300000000000011" classname="issuerows" name="Checking_no_rows_returned_if_only_issue_is_missing_cols"/>
    <testcase time="0.0250000000000004" classname="issuerows" name="Checking_no_rows_returned_if_only_issue_is_missing_rows"/>
    <testcase time="0.00300000000000011" classname="issuerows" name="Checking_no_rows_returned_if_only_issue_is_missing_rows"/>
    <testcase time="0.00300000000000011" classname="issuerows" name="Checking_no_rows_returned_if_only_issue_is_missing_rows"/>
    <testcase time="0.00199999999999978" classname="issuerows" name="Checking_no_rows_returned_if_only_issue_is_missing_rows"/>
    <testcase time="0.00300000000000011" classname="issuerows" name="Checking_no_rows_returned_if_only_issue_is_missing_rows"/>
    <testcase time="0.0289999999999999" classname="issuerows" name="Checking_no_rows_returned_if_only_issue_is_different_attribs"/>
    <testcase time="0.00399999999999956" classname="issuerows" name="Checking_no_rows_returned_if_only_issue_is_different_attribs"/>
    <testcase time="0.00300000000000011" classname="issuerows" name="Checking_no_rows_returned_if_only_issue_is_different_attribs"/>
    <testcase time="0.00300000000000011" classname="issuerows" name="Checking_no_rows_returned_if_only_issue_is_different_attribs"/>
    <testcase time="0.00199999999999978" classname="issuerows" name="Checking_no_rows_returned_if_only_issue_is_different_attribs"/>
    <testcase time="0.0270000000000001" classname="issuerows" name="Checking_correct_values_return_where_value_differences_are_found"/>
    <testcase time="0.00400000000000045" classname="issuerows" name="Checking_correct_values_return_where_value_differences_are_found"/>
    <testcase time="0.00300000000000011" classname="issuerows" name="Checking_correct_values_return_where_value_differences_are_found"/>
    <testcase time="0.00199999999999978" classname="issuerows" name="Checking_correct_values_return_where_value_differences_are_found"/>
    <testcase time="0.00300000000000011" classname="issuerows" name="Checking_correct_values_return_where_value_differences_are_found"/>
    <testcase time="0.00199999999999978" classname="issuerows" name="Checking_correct_values_return_where_value_differences_are_found"/>
    <testcase time="0.00300000000000011" classname="issuerows" name="Checking_correct_values_return_where_value_differences_are_found"/>
    <testcase time="0.0359999999999996" classname="issuerows" name="can_handle_multple_errors_including_key_vars"/>
    <testcase time="0.00300000000000011" classname="issuerows" name="can_handle_multple_errors_including_key_vars"/>
    <testcase time="0.00300000000000011" classname="issuerows" name="can_handle_multple_errors_including_key_vars"/>
    <testcase time="0.00199999999999978" classname="issuerows" name="can_handle_multple_errors_including_key_vars"/>
    <testcase time="0.00600000000000023" classname="issuerows" name="can_handle_multple_errors_including_key_vars"/>
    <testcase time="0.00699999999999967" classname="issuerows" name="can_handle_multple_errors_including_key_vars"/>
    <testcase time="0.00300000000000011" classname="issuerows" name="can_handle_multple_errors_including_key_vars"/>
    <testcase time="0.00199999999999978" classname="issuerows" name="can_handle_multple_errors_including_key_vars"/>
    <testcase time="0.00300000000000011" classname="issuerows" name="can_handle_multple_errors_including_key_vars"/>
    <testcase time="0.00300000000000011" classname="issuerows" name="can_handle_multple_errors_including_key_vars"/>
    <testcase time="0.00199999999999978" classname="issuerows" name="can_handle_multple_errors_including_key_vars"/>
    <testcase time="0.00300000000000011" classname="issuerows" name="can_handle_multple_errors_including_key_vars"/>
    <testcase time="0.00700000000000056" classname="issuerows" name="can_handle_multple_errors_including_key_vars"/>
    <testcase time="0.00300000000000011" classname="issuerows" name="can_handle_multple_errors_including_key_vars"/>
    <testcase time="0.00299999999999923" classname="issuerows" name="can_handle_multple_errors_including_key_vars"/>
    <testcase time="0.00300000000000011" classname="issuerows" name="can_handle_multple_errors_including_key_vars"/>
    <testcase time="0.00300000000000011" classname="issuerows" name="can_handle_multple_errors_including_key_vars"/>
    <testcase time="0.00499999999999989" classname="issuerows" name="can_handle_multple_errors_including_key_vars"/>
    <testcase time="0.0270000000000001" classname="issuerows" name="Correct_columns_are_returned_where_both_values_and_columns_have_issues"/>
    <testcase time="0.00300000000000011" classname="issuerows" name="Correct_columns_are_returned_where_both_values_and_columns_have_issues"/>
    <testcase time="0.00300000000000011" classname="issuerows" name="Correct_columns_are_returned_where_both_values_and_columns_have_issues"/>
    <testcase time="0.00199999999999978" classname="issuerows" name="Correct_columns_are_returned_where_both_values_and_columns_have_issues"/>
    <testcase time="0.00300000000000011" classname="issuerows" name="Correct_columns_are_returned_where_both_values_and_columns_have_issues"/>
  </testsuite>
  <testsuite name="miscellaneous" timestamp="2024-07-18T14:50:57Z" hostname="26b2f8869a17" tests="4" skipped="0" failures="0" errors="0" time="0.04">
    <testcase time="0.032" classname="miscellaneous" name="sort_order_is_as_expected_sorted_by_keys_"/>
    <testcase time="0.00300000000000011" classname="miscellaneous" name="sort_order_is_as_expected_sorted_by_keys_"/>
    <testcase time="0.00199999999999978" classname="miscellaneous" name="sort_order_is_as_expected_sorted_by_keys_"/>
    <testcase time="0.00300000000000011" classname="miscellaneous" name="sort_order_is_as_expected_sorted_by_keys_"/>
  </testsuite>
  <testsuite name="print_output" timestamp="2024-07-18T14:50:57Z" hostname="26b2f8869a17" tests="13" skipped="1" failures="0" errors="0" time="0.175">
    <testcase time="0.032" classname="print_output" name="Print_output_is_maintained">
      <skipped message="Reason: On CRAN ('test-print_output.R:18:5')"/>
    </testcase>
    <testcase time="0.0800000000000001" classname="print_output" name="row_limit_works_as_expected"/>
    <testcase time="0.00300000000000011" classname="print_output" name="row_limit_works_as_expected"/>
    <testcase time="0.00199999999999978" classname="print_output" name="row_limit_works_as_expected"/>
    <testcase time="0.00300000000000011" classname="print_output" name="row_limit_works_as_expected"/>
    <testcase time="0.00300000000000011" classname="print_output" name="row_limit_works_as_expected"/>
    <testcase time="0.00300000000000011" classname="print_output" name="row_limit_works_as_expected"/>
    <testcase time="0.0259999999999998" classname="print_output" name="print.diffdf_errors_when_given_bad_inputs"/>
    <testcase time="0.00499999999999989" classname="print_output" name="print.diffdf_errors_when_given_bad_inputs"/>
    <testcase time="0.00499999999999989" classname="print_output" name="print.diffdf_errors_when_given_bad_inputs"/>
    <testcase time="0.00400000000000045" classname="print_output" name="print.diffdf_errors_when_given_bad_inputs"/>
    <testcase time="0.00499999999999989" classname="print_output" name="print.diffdf_errors_when_given_bad_inputs"/>
    <testcase time="0.00399999999999956" classname="print_output" name="print.diffdf_errors_when_given_bad_inputs"/>
  </testsuite>
</testsuites>
